{
  "uid" : "26050eccc1d4b4e3",
  "name" : "Reinicia el juego -- @1.1 ",
  "fullName" : "Hangman Game: Reinicia el juego",
  "historyId" : "837344b77d364b63dc8caa97fd229b2b",
  "time" : {
    "start" : 1702861515123,
    "stop" : 1702861515871,
    "duration" : 748
  },
  "status" : "broken",
  "statusMessage" : "selenium.common.exceptions.NoSuchElementException: Message: no such element: Unable to locate element: {\"method\":\"css selector\",\"selector\":\"[name=\"input\"]\"}\n  (Session info: chrome-headless-shell=120.0.6099.71); For documentation on this error, please visit: https://www.selenium.dev/documentation/webdriver/troubleshooting/errors#no-such-element-exception\nStacktrace:\n#0 0x556dd0a61d33 <unknown>\n#1 0x556dd071ef87 <unknown>\n#2 0x556dd076ec0e <unknown>\n#3 0x556dd076ed11 <unknown>\n#4 0x556dd07ba004 <unknown>\n#5 0x556dd079836d <unknown>\n#6 0x556dd07b7297 <unknown>\n#7 0x556dd07980e3 <unknown>\n#8 0x556dd0760044 <unknown>\n#9 0x556dd076144e <unknown>\n#10 0x556dd0a26861 <unknown>\n#11 0x556dd0a2a785 <unknown>\n#12 0x556dd0a14285 <unknown>\n#13 0x556dd0a2b41f <unknown>\n#14 0x556dd09f820f <unknown>\n#15 0x556dd0a4f028 <unknown>\n#16 0x556dd0a4f1f7 <unknown>\n#17 0x556dd0a60ed4 <unknown>\n#18 0x7f7f85094ac3 <unknown>\n\n",
  "statusTrace" : "  File \"/opt/hostedtoolcache/Python/3.11.7/x64/lib/python3.11/site-packages/behave/model.py\", line 1329, in run\n    match.run(runner.context)\n  File \"/opt/hostedtoolcache/Python/3.11.7/x64/lib/python3.11/site-packages/behave/matchers.py\", line 98, in run\n    self.func(context, *args, **kwargs)\n  File \"UI-TESTS/steps/ahorcadosteps.py\", line 131, in ingresa_letra\n    elemento =  context.driver.find_element(By.NAME,\"input\")\n                ^^^^^^^^^^^^^^^^^^^^^^^^^^^^^^^^^^^^^^^^^^^^\n  File \"/opt/hostedtoolcache/Python/3.11.7/x64/lib/python3.11/site-packages/selenium/webdriver/remote/webdriver.py\", line 741, in find_element\n    return self.execute(Command.FIND_ELEMENT, {\"using\": by, \"value\": value})[\"value\"]\n           ^^^^^^^^^^^^^^^^^^^^^^^^^^^^^^^^^^^^^^^^^^^^^^^^^^^^^^^^^^^^^^^^^\n  File \"/opt/hostedtoolcache/Python/3.11.7/x64/lib/python3.11/site-packages/selenium/webdriver/remote/webdriver.py\", line 347, in execute\n    self.error_handler.check_response(response)\n  File \"/opt/hostedtoolcache/Python/3.11.7/x64/lib/python3.11/site-packages/selenium/webdriver/remote/errorhandler.py\", line 229, in check_response\n    raise exception_class(message, screen, stacktrace)\n",
  "flaky" : false,
  "newFailed" : false,
  "beforeStages" : [ ],
  "testStage" : {
    "status" : "broken",
    "statusMessage" : "selenium.common.exceptions.NoSuchElementException: Message: no such element: Unable to locate element: {\"method\":\"css selector\",\"selector\":\"[name=\"input\"]\"}\n  (Session info: chrome-headless-shell=120.0.6099.71); For documentation on this error, please visit: https://www.selenium.dev/documentation/webdriver/troubleshooting/errors#no-such-element-exception\nStacktrace:\n#0 0x556dd0a61d33 <unknown>\n#1 0x556dd071ef87 <unknown>\n#2 0x556dd076ec0e <unknown>\n#3 0x556dd076ed11 <unknown>\n#4 0x556dd07ba004 <unknown>\n#5 0x556dd079836d <unknown>\n#6 0x556dd07b7297 <unknown>\n#7 0x556dd07980e3 <unknown>\n#8 0x556dd0760044 <unknown>\n#9 0x556dd076144e <unknown>\n#10 0x556dd0a26861 <unknown>\n#11 0x556dd0a2a785 <unknown>\n#12 0x556dd0a14285 <unknown>\n#13 0x556dd0a2b41f <unknown>\n#14 0x556dd09f820f <unknown>\n#15 0x556dd0a4f028 <unknown>\n#16 0x556dd0a4f1f7 <unknown>\n#17 0x556dd0a60ed4 <unknown>\n#18 0x7f7f85094ac3 <unknown>\n\n",
    "statusTrace" : "  File \"/opt/hostedtoolcache/Python/3.11.7/x64/lib/python3.11/site-packages/behave/model.py\", line 1329, in run\n    match.run(runner.context)\n  File \"/opt/hostedtoolcache/Python/3.11.7/x64/lib/python3.11/site-packages/behave/matchers.py\", line 98, in run\n    self.func(context, *args, **kwargs)\n  File \"UI-TESTS/steps/ahorcadosteps.py\", line 131, in ingresa_letra\n    elemento =  context.driver.find_element(By.NAME,\"input\")\n                ^^^^^^^^^^^^^^^^^^^^^^^^^^^^^^^^^^^^^^^^^^^^\n  File \"/opt/hostedtoolcache/Python/3.11.7/x64/lib/python3.11/site-packages/selenium/webdriver/remote/webdriver.py\", line 741, in find_element\n    return self.execute(Command.FIND_ELEMENT, {\"using\": by, \"value\": value})[\"value\"]\n           ^^^^^^^^^^^^^^^^^^^^^^^^^^^^^^^^^^^^^^^^^^^^^^^^^^^^^^^^^^^^^^^^^\n  File \"/opt/hostedtoolcache/Python/3.11.7/x64/lib/python3.11/site-packages/selenium/webdriver/remote/webdriver.py\", line 347, in execute\n    self.error_handler.check_response(response)\n  File \"/opt/hostedtoolcache/Python/3.11.7/x64/lib/python3.11/site-packages/selenium/webdriver/remote/errorhandler.py\", line 229, in check_response\n    raise exception_class(message, screen, stacktrace)\n",
    "steps" : [ {
      "name" : "Given El jugador empieza el juego",
      "time" : {
        "start" : 1702861515123,
        "stop" : 1702861515857,
        "duration" : 734
      },
      "status" : "passed",
      "steps" : [ ],
      "attachments" : [ ],
      "parameters" : [ ],
      "stepsCount" : 0,
      "attachmentsCount" : 0,
      "shouldDisplayMessage" : false,
      "hasContent" : false
    }, {
      "name" : "And El jugador ingresa la letra \"a\"",
      "time" : {
        "start" : 1702861515857,
        "stop" : 1702861515870,
        "duration" : 13
      },
      "status" : "broken",
      "statusMessage" : "selenium.common.exceptions.NoSuchElementException: Message: no such element: Unable to locate element: {\"method\":\"css selector\",\"selector\":\"[name=\"input\"]\"}\n  (Session info: chrome-headless-shell=120.0.6099.71); For documentation on this error, please visit: https://www.selenium.dev/documentation/webdriver/troubleshooting/errors#no-such-element-exception\nStacktrace:\n#0 0x556dd0a61d33 <unknown>\n#1 0x556dd071ef87 <unknown>\n#2 0x556dd076ec0e <unknown>\n#3 0x556dd076ed11 <unknown>\n#4 0x556dd07ba004 <unknown>\n#5 0x556dd079836d <unknown>\n#6 0x556dd07b7297 <unknown>\n#7 0x556dd07980e3 <unknown>\n#8 0x556dd0760044 <unknown>\n#9 0x556dd076144e <unknown>\n#10 0x556dd0a26861 <unknown>\n#11 0x556dd0a2a785 <unknown>\n#12 0x556dd0a14285 <unknown>\n#13 0x556dd0a2b41f <unknown>\n#14 0x556dd09f820f <unknown>\n#15 0x556dd0a4f028 <unknown>\n#16 0x556dd0a4f1f7 <unknown>\n#17 0x556dd0a60ed4 <unknown>\n#18 0x7f7f85094ac3 <unknown>\n\n",
      "statusTrace" : "  File \"/opt/hostedtoolcache/Python/3.11.7/x64/lib/python3.11/site-packages/behave/model.py\", line 1329, in run\n    match.run(runner.context)\n  File \"/opt/hostedtoolcache/Python/3.11.7/x64/lib/python3.11/site-packages/behave/matchers.py\", line 98, in run\n    self.func(context, *args, **kwargs)\n  File \"UI-TESTS/steps/ahorcadosteps.py\", line 131, in ingresa_letra\n    elemento =  context.driver.find_element(By.NAME,\"input\")\n                ^^^^^^^^^^^^^^^^^^^^^^^^^^^^^^^^^^^^^^^^^^^^\n  File \"/opt/hostedtoolcache/Python/3.11.7/x64/lib/python3.11/site-packages/selenium/webdriver/remote/webdriver.py\", line 741, in find_element\n    return self.execute(Command.FIND_ELEMENT, {\"using\": by, \"value\": value})[\"value\"]\n           ^^^^^^^^^^^^^^^^^^^^^^^^^^^^^^^^^^^^^^^^^^^^^^^^^^^^^^^^^^^^^^^^^\n  File \"/opt/hostedtoolcache/Python/3.11.7/x64/lib/python3.11/site-packages/selenium/webdriver/remote/webdriver.py\", line 347, in execute\n    self.error_handler.check_response(response)\n  File \"/opt/hostedtoolcache/Python/3.11.7/x64/lib/python3.11/site-packages/selenium/webdriver/remote/errorhandler.py\", line 229, in check_response\n    raise exception_class(message, screen, stacktrace)\n",
      "steps" : [ ],
      "attachments" : [ ],
      "parameters" : [ ],
      "stepsCount" : 0,
      "attachmentsCount" : 0,
      "shouldDisplayMessage" : true,
      "hasContent" : true
    }, {
      "name" : "When El jugador reinicia el juego",
      "time" : {
        "start" : 1702861515871,
        "stop" : 1702861515871,
        "duration" : 0
      },
      "status" : "skipped",
      "steps" : [ ],
      "attachments" : [ ],
      "parameters" : [ ],
      "stepsCount" : 0,
      "attachmentsCount" : 0,
      "shouldDisplayMessage" : false,
      "hasContent" : false
    }, {
      "name" : "Then la palabra a adivinar debe mostrarse con guiones",
      "time" : {
        "start" : 1702861515871,
        "stop" : 1702861515871,
        "duration" : 0
      },
      "status" : "skipped",
      "steps" : [ ],
      "attachments" : [ ],
      "parameters" : [ ],
      "stepsCount" : 0,
      "attachmentsCount" : 0,
      "shouldDisplayMessage" : false,
      "hasContent" : false
    }, {
      "name" : "And el numero de vidas debe ser 6",
      "time" : {
        "start" : 1702861515871,
        "stop" : 1702861515871,
        "duration" : 0
      },
      "status" : "skipped",
      "steps" : [ ],
      "attachments" : [ ],
      "parameters" : [ ],
      "stepsCount" : 0,
      "attachmentsCount" : 0,
      "shouldDisplayMessage" : false,
      "hasContent" : false
    }, {
      "name" : "And las letras incorrectas deben estar vacias",
      "time" : {
        "start" : 1702861515871,
        "stop" : 1702861515871,
        "duration" : 0
      },
      "status" : "skipped",
      "steps" : [ ],
      "attachments" : [ ],
      "parameters" : [ ],
      "stepsCount" : 0,
      "attachmentsCount" : 0,
      "shouldDisplayMessage" : false,
      "hasContent" : false
    } ],
    "attachments" : [ ],
    "parameters" : [ ],
    "stepsCount" : 6,
    "attachmentsCount" : 0,
    "shouldDisplayMessage" : false,
    "hasContent" : true
  },
  "afterStages" : [ ],
  "labels" : [ {
    "name" : "severity",
    "value" : "normal"
  }, {
    "name" : "feature",
    "value" : "Hangman Game"
  }, {
    "name" : "framework",
    "value" : "behave"
  }, {
    "name" : "language",
    "value" : "cpython3"
  }, {
    "name" : "resultFormat",
    "value" : "allure2"
  } ],
  "parameters" : [ {
    "name" : "letra",
    "value" : "a"
  } ],
  "links" : [ ],
  "hidden" : true,
  "retry" : true,
  "extra" : {
    "categories" : [ ],
    "tags" : [ ]
  },
  "source" : "26050eccc1d4b4e3.json",
  "parameterValues" : [ "a" ]
}