{
  "uid" : "55380e3dbb012091",
  "name" : "Pierde el juego",
  "fullName" : "Hangman Game: Pierde el juego",
  "historyId" : "c23f7c6a63069ce8b6a84276883333a8",
  "time" : {
    "start" : 1702088440265,
    "stop" : 1702088440928,
    "duration" : 663
  },
  "status" : "broken",
  "statusMessage" : "selenium.common.exceptions.SessionNotCreatedException: Message: session not created: Chrome failed to start: exited normally.\n  (session not created: DevToolsActivePort file doesn't exist)\n  (The process started from chrome location /usr/bin/google-chrome is no longer running, so ChromeDriver is assuming that Chrome has crashed.)\nStacktrace:\n#0 0x55bfc8d9b5e3 <unknown>\n#1 0x55bfc8a5e0b7 <unknown>\n#2 0x55bfc8a94e55 <unknown>\n#3 0x55bfc8a91b81 <unknown>\n#4 0x55bfc8adc47f <unknown>\n#5 0x55bfc8ad2cc3 <unknown>\n#6 0x55bfc8a9e0e4 <unknown>\n#7 0x55bfc8a9f0ae <unknown>\n#8 0x55bfc8d61ce1 <unknown>\n#9 0x55bfc8d65b7e <unknown>\n#10 0x55bfc8d4f4b5 <unknown>\n#11 0x55bfc8d667d6 <unknown>\n#12 0x55bfc8d32dbf <unknown>\n#13 0x55bfc8d89748 <unknown>\n#14 0x55bfc8d89917 <unknown>\n#15 0x55bfc8d9a773 <unknown>\n#16 0x7fe222494ac3 <unknown>\n\n",
  "statusTrace" : "  File \"/opt/hostedtoolcache/Python/3.11.7/x64/lib/python3.11/site-packages/behave/model.py\", line 1329, in run\n    match.run(runner.context)\n  File \"/opt/hostedtoolcache/Python/3.11.7/x64/lib/python3.11/site-packages/behave/matchers.py\", line 98, in run\n    self.func(context, *args, **kwargs)\n  File \"UI-TESTS/steps/ahorcadosteps.py\", line 57, in empieza_juego\n    context.driver = webdriver.Chrome()\n                     ^^^^^^^^^^^^^^^^^^\n  File \"/opt/hostedtoolcache/Python/3.11.7/x64/lib/python3.11/site-packages/selenium/webdriver/chrome/webdriver.py\", line 45, in __init__\n    super().__init__(\n  File \"/opt/hostedtoolcache/Python/3.11.7/x64/lib/python3.11/site-packages/selenium/webdriver/chromium/webdriver.py\", line 56, in __init__\n    super().__init__(\n  File \"/opt/hostedtoolcache/Python/3.11.7/x64/lib/python3.11/site-packages/selenium/webdriver/remote/webdriver.py\", line 208, in __init__\n    self.start_session(capabilities)\n  File \"/opt/hostedtoolcache/Python/3.11.7/x64/lib/python3.11/site-packages/selenium/webdriver/remote/webdriver.py\", line 292, in start_session\n    response = self.execute(Command.NEW_SESSION, caps)[\"value\"]\n               ^^^^^^^^^^^^^^^^^^^^^^^^^^^^^^^^^^^^^^^\n  File \"/opt/hostedtoolcache/Python/3.11.7/x64/lib/python3.11/site-packages/selenium/webdriver/remote/webdriver.py\", line 347, in execute\n    self.error_handler.check_response(response)\n  File \"/opt/hostedtoolcache/Python/3.11.7/x64/lib/python3.11/site-packages/selenium/webdriver/remote/errorhandler.py\", line 229, in check_response\n    raise exception_class(message, screen, stacktrace)\n",
  "flaky" : false,
  "newFailed" : false,
  "beforeStages" : [ ],
  "testStage" : {
    "status" : "broken",
    "statusMessage" : "selenium.common.exceptions.SessionNotCreatedException: Message: session not created: Chrome failed to start: exited normally.\n  (session not created: DevToolsActivePort file doesn't exist)\n  (The process started from chrome location /usr/bin/google-chrome is no longer running, so ChromeDriver is assuming that Chrome has crashed.)\nStacktrace:\n#0 0x55bfc8d9b5e3 <unknown>\n#1 0x55bfc8a5e0b7 <unknown>\n#2 0x55bfc8a94e55 <unknown>\n#3 0x55bfc8a91b81 <unknown>\n#4 0x55bfc8adc47f <unknown>\n#5 0x55bfc8ad2cc3 <unknown>\n#6 0x55bfc8a9e0e4 <unknown>\n#7 0x55bfc8a9f0ae <unknown>\n#8 0x55bfc8d61ce1 <unknown>\n#9 0x55bfc8d65b7e <unknown>\n#10 0x55bfc8d4f4b5 <unknown>\n#11 0x55bfc8d667d6 <unknown>\n#12 0x55bfc8d32dbf <unknown>\n#13 0x55bfc8d89748 <unknown>\n#14 0x55bfc8d89917 <unknown>\n#15 0x55bfc8d9a773 <unknown>\n#16 0x7fe222494ac3 <unknown>\n\n",
    "statusTrace" : "  File \"/opt/hostedtoolcache/Python/3.11.7/x64/lib/python3.11/site-packages/behave/model.py\", line 1329, in run\n    match.run(runner.context)\n  File \"/opt/hostedtoolcache/Python/3.11.7/x64/lib/python3.11/site-packages/behave/matchers.py\", line 98, in run\n    self.func(context, *args, **kwargs)\n  File \"UI-TESTS/steps/ahorcadosteps.py\", line 57, in empieza_juego\n    context.driver = webdriver.Chrome()\n                     ^^^^^^^^^^^^^^^^^^\n  File \"/opt/hostedtoolcache/Python/3.11.7/x64/lib/python3.11/site-packages/selenium/webdriver/chrome/webdriver.py\", line 45, in __init__\n    super().__init__(\n  File \"/opt/hostedtoolcache/Python/3.11.7/x64/lib/python3.11/site-packages/selenium/webdriver/chromium/webdriver.py\", line 56, in __init__\n    super().__init__(\n  File \"/opt/hostedtoolcache/Python/3.11.7/x64/lib/python3.11/site-packages/selenium/webdriver/remote/webdriver.py\", line 208, in __init__\n    self.start_session(capabilities)\n  File \"/opt/hostedtoolcache/Python/3.11.7/x64/lib/python3.11/site-packages/selenium/webdriver/remote/webdriver.py\", line 292, in start_session\n    response = self.execute(Command.NEW_SESSION, caps)[\"value\"]\n               ^^^^^^^^^^^^^^^^^^^^^^^^^^^^^^^^^^^^^^^\n  File \"/opt/hostedtoolcache/Python/3.11.7/x64/lib/python3.11/site-packages/selenium/webdriver/remote/webdriver.py\", line 347, in execute\n    self.error_handler.check_response(response)\n  File \"/opt/hostedtoolcache/Python/3.11.7/x64/lib/python3.11/site-packages/selenium/webdriver/remote/errorhandler.py\", line 229, in check_response\n    raise exception_class(message, screen, stacktrace)\n",
    "steps" : [ {
      "name" : "Given El jugador empieza el juego",
      "time" : {
        "start" : 1702088440266,
        "stop" : 1702088440928,
        "duration" : 662
      },
      "status" : "broken",
      "statusMessage" : "selenium.common.exceptions.SessionNotCreatedException: Message: session not created: Chrome failed to start: exited normally.\n  (session not created: DevToolsActivePort file doesn't exist)\n  (The process started from chrome location /usr/bin/google-chrome is no longer running, so ChromeDriver is assuming that Chrome has crashed.)\nStacktrace:\n#0 0x55bfc8d9b5e3 <unknown>\n#1 0x55bfc8a5e0b7 <unknown>\n#2 0x55bfc8a94e55 <unknown>\n#3 0x55bfc8a91b81 <unknown>\n#4 0x55bfc8adc47f <unknown>\n#5 0x55bfc8ad2cc3 <unknown>\n#6 0x55bfc8a9e0e4 <unknown>\n#7 0x55bfc8a9f0ae <unknown>\n#8 0x55bfc8d61ce1 <unknown>\n#9 0x55bfc8d65b7e <unknown>\n#10 0x55bfc8d4f4b5 <unknown>\n#11 0x55bfc8d667d6 <unknown>\n#12 0x55bfc8d32dbf <unknown>\n#13 0x55bfc8d89748 <unknown>\n#14 0x55bfc8d89917 <unknown>\n#15 0x55bfc8d9a773 <unknown>\n#16 0x7fe222494ac3 <unknown>\n\n",
      "statusTrace" : "  File \"/opt/hostedtoolcache/Python/3.11.7/x64/lib/python3.11/site-packages/behave/model.py\", line 1329, in run\n    match.run(runner.context)\n  File \"/opt/hostedtoolcache/Python/3.11.7/x64/lib/python3.11/site-packages/behave/matchers.py\", line 98, in run\n    self.func(context, *args, **kwargs)\n  File \"UI-TESTS/steps/ahorcadosteps.py\", line 57, in empieza_juego\n    context.driver = webdriver.Chrome()\n                     ^^^^^^^^^^^^^^^^^^\n  File \"/opt/hostedtoolcache/Python/3.11.7/x64/lib/python3.11/site-packages/selenium/webdriver/chrome/webdriver.py\", line 45, in __init__\n    super().__init__(\n  File \"/opt/hostedtoolcache/Python/3.11.7/x64/lib/python3.11/site-packages/selenium/webdriver/chromium/webdriver.py\", line 56, in __init__\n    super().__init__(\n  File \"/opt/hostedtoolcache/Python/3.11.7/x64/lib/python3.11/site-packages/selenium/webdriver/remote/webdriver.py\", line 208, in __init__\n    self.start_session(capabilities)\n  File \"/opt/hostedtoolcache/Python/3.11.7/x64/lib/python3.11/site-packages/selenium/webdriver/remote/webdriver.py\", line 292, in start_session\n    response = self.execute(Command.NEW_SESSION, caps)[\"value\"]\n               ^^^^^^^^^^^^^^^^^^^^^^^^^^^^^^^^^^^^^^^\n  File \"/opt/hostedtoolcache/Python/3.11.7/x64/lib/python3.11/site-packages/selenium/webdriver/remote/webdriver.py\", line 347, in execute\n    self.error_handler.check_response(response)\n  File \"/opt/hostedtoolcache/Python/3.11.7/x64/lib/python3.11/site-packages/selenium/webdriver/remote/errorhandler.py\", line 229, in check_response\n    raise exception_class(message, screen, stacktrace)\n",
      "steps" : [ ],
      "attachments" : [ ],
      "parameters" : [ ],
      "stepsCount" : 0,
      "attachmentsCount" : 0,
      "shouldDisplayMessage" : true,
      "hasContent" : true
    }, {
      "name" : "When El jugador ingresa 6 caracteres incorrectos",
      "time" : {
        "start" : 1702088440928,
        "stop" : 1702088440928,
        "duration" : 0
      },
      "status" : "skipped",
      "steps" : [ ],
      "attachments" : [ ],
      "parameters" : [ ],
      "stepsCount" : 0,
      "attachmentsCount" : 0,
      "shouldDisplayMessage" : false,
      "hasContent" : false
    }, {
      "name" : "Then Pierde el juego",
      "time" : {
        "start" : 1702088440928,
        "stop" : 1702088440928,
        "duration" : 0
      },
      "status" : "skipped",
      "steps" : [ ],
      "attachments" : [ ],
      "parameters" : [ ],
      "stepsCount" : 0,
      "attachmentsCount" : 0,
      "shouldDisplayMessage" : false,
      "hasContent" : false
    }, {
      "name" : "Then Muestra el mensaje de que perdio con la palabra a adivinar",
      "time" : {
        "start" : 1702088440928,
        "stop" : 1702088440928,
        "duration" : 0
      },
      "status" : "skipped",
      "steps" : [ ],
      "attachments" : [ ],
      "parameters" : [ ],
      "stepsCount" : 0,
      "attachmentsCount" : 0,
      "shouldDisplayMessage" : false,
      "hasContent" : false
    } ],
    "attachments" : [ ],
    "parameters" : [ ],
    "stepsCount" : 4,
    "attachmentsCount" : 0,
    "shouldDisplayMessage" : false,
    "hasContent" : true
  },
  "afterStages" : [ ],
  "labels" : [ {
    "name" : "severity",
    "value" : "normal"
  }, {
    "name" : "feature",
    "value" : "Hangman Game"
  }, {
    "name" : "framework",
    "value" : "behave"
  }, {
    "name" : "language",
    "value" : "cpython3"
  }, {
    "name" : "resultFormat",
    "value" : "allure2"
  } ],
  "parameters" : [ ],
  "links" : [ ],
  "hidden" : true,
  "retry" : true,
  "extra" : {
    "categories" : [ ],
    "tags" : [ ]
  },
  "source" : "55380e3dbb012091.json",
  "parameterValues" : [ ]
}