{
  "uid" : "5dc43e996357f263",
  "name" : "Ingresar una letra incorrecta -- @1.1 ",
  "fullName" : "Hangman Game: Ingresar una letra incorrecta",
  "historyId" : "6aa8267c5fad89a317f110e4b072b707",
  "time" : {
    "start" : 1702861472875,
    "stop" : 1702861473612,
    "duration" : 737
  },
  "status" : "broken",
  "statusMessage" : "selenium.common.exceptions.NoSuchElementException: Message: no such element: Unable to locate element: {\"method\":\"css selector\",\"selector\":\"[name=\"input\"]\"}\n  (Session info: chrome-headless-shell=120.0.6099.71); For documentation on this error, please visit: https://www.selenium.dev/documentation/webdriver/troubleshooting/errors#no-such-element-exception\nStacktrace:\n#0 0x55dfaf8dcd33 <unknown>\n#1 0x55dfaf599f87 <unknown>\n#2 0x55dfaf5e9c0e <unknown>\n#3 0x55dfaf5e9d11 <unknown>\n#4 0x55dfaf635004 <unknown>\n#5 0x55dfaf61336d <unknown>\n#6 0x55dfaf632297 <unknown>\n#7 0x55dfaf6130e3 <unknown>\n#8 0x55dfaf5db044 <unknown>\n#9 0x55dfaf5dc44e <unknown>\n#10 0x55dfaf8a1861 <unknown>\n#11 0x55dfaf8a5785 <unknown>\n#12 0x55dfaf88f285 <unknown>\n#13 0x55dfaf8a641f <unknown>\n#14 0x55dfaf87320f <unknown>\n#15 0x55dfaf8ca028 <unknown>\n#16 0x55dfaf8ca1f7 <unknown>\n#17 0x55dfaf8dbed4 <unknown>\n#18 0x7f240f694ac3 <unknown>\n\n",
  "statusTrace" : "  File \"/opt/hostedtoolcache/Python/3.11.7/x64/lib/python3.11/site-packages/behave/model.py\", line 1329, in run\n    match.run(runner.context)\n  File \"/opt/hostedtoolcache/Python/3.11.7/x64/lib/python3.11/site-packages/behave/matchers.py\", line 98, in run\n    self.func(context, *args, **kwargs)\n  File \"UI-TESTS/steps/ahorcadosteps.py\", line 68, in ingresa_letra\n    elemento =  context.driver.find_element(By.NAME,\"input\")\n                ^^^^^^^^^^^^^^^^^^^^^^^^^^^^^^^^^^^^^^^^^^^^\n  File \"/opt/hostedtoolcache/Python/3.11.7/x64/lib/python3.11/site-packages/selenium/webdriver/remote/webdriver.py\", line 741, in find_element\n    return self.execute(Command.FIND_ELEMENT, {\"using\": by, \"value\": value})[\"value\"]\n           ^^^^^^^^^^^^^^^^^^^^^^^^^^^^^^^^^^^^^^^^^^^^^^^^^^^^^^^^^^^^^^^^^\n  File \"/opt/hostedtoolcache/Python/3.11.7/x64/lib/python3.11/site-packages/selenium/webdriver/remote/webdriver.py\", line 347, in execute\n    self.error_handler.check_response(response)\n  File \"/opt/hostedtoolcache/Python/3.11.7/x64/lib/python3.11/site-packages/selenium/webdriver/remote/errorhandler.py\", line 229, in check_response\n    raise exception_class(message, screen, stacktrace)\n",
  "flaky" : false,
  "newFailed" : false,
  "beforeStages" : [ ],
  "testStage" : {
    "status" : "broken",
    "statusMessage" : "selenium.common.exceptions.NoSuchElementException: Message: no such element: Unable to locate element: {\"method\":\"css selector\",\"selector\":\"[name=\"input\"]\"}\n  (Session info: chrome-headless-shell=120.0.6099.71); For documentation on this error, please visit: https://www.selenium.dev/documentation/webdriver/troubleshooting/errors#no-such-element-exception\nStacktrace:\n#0 0x55dfaf8dcd33 <unknown>\n#1 0x55dfaf599f87 <unknown>\n#2 0x55dfaf5e9c0e <unknown>\n#3 0x55dfaf5e9d11 <unknown>\n#4 0x55dfaf635004 <unknown>\n#5 0x55dfaf61336d <unknown>\n#6 0x55dfaf632297 <unknown>\n#7 0x55dfaf6130e3 <unknown>\n#8 0x55dfaf5db044 <unknown>\n#9 0x55dfaf5dc44e <unknown>\n#10 0x55dfaf8a1861 <unknown>\n#11 0x55dfaf8a5785 <unknown>\n#12 0x55dfaf88f285 <unknown>\n#13 0x55dfaf8a641f <unknown>\n#14 0x55dfaf87320f <unknown>\n#15 0x55dfaf8ca028 <unknown>\n#16 0x55dfaf8ca1f7 <unknown>\n#17 0x55dfaf8dbed4 <unknown>\n#18 0x7f240f694ac3 <unknown>\n\n",
    "statusTrace" : "  File \"/opt/hostedtoolcache/Python/3.11.7/x64/lib/python3.11/site-packages/behave/model.py\", line 1329, in run\n    match.run(runner.context)\n  File \"/opt/hostedtoolcache/Python/3.11.7/x64/lib/python3.11/site-packages/behave/matchers.py\", line 98, in run\n    self.func(context, *args, **kwargs)\n  File \"UI-TESTS/steps/ahorcadosteps.py\", line 68, in ingresa_letra\n    elemento =  context.driver.find_element(By.NAME,\"input\")\n                ^^^^^^^^^^^^^^^^^^^^^^^^^^^^^^^^^^^^^^^^^^^^\n  File \"/opt/hostedtoolcache/Python/3.11.7/x64/lib/python3.11/site-packages/selenium/webdriver/remote/webdriver.py\", line 741, in find_element\n    return self.execute(Command.FIND_ELEMENT, {\"using\": by, \"value\": value})[\"value\"]\n           ^^^^^^^^^^^^^^^^^^^^^^^^^^^^^^^^^^^^^^^^^^^^^^^^^^^^^^^^^^^^^^^^^\n  File \"/opt/hostedtoolcache/Python/3.11.7/x64/lib/python3.11/site-packages/selenium/webdriver/remote/webdriver.py\", line 347, in execute\n    self.error_handler.check_response(response)\n  File \"/opt/hostedtoolcache/Python/3.11.7/x64/lib/python3.11/site-packages/selenium/webdriver/remote/errorhandler.py\", line 229, in check_response\n    raise exception_class(message, screen, stacktrace)\n",
    "steps" : [ {
      "name" : "Given El jugador empieza el juego",
      "time" : {
        "start" : 1702861472875,
        "stop" : 1702861473599,
        "duration" : 724
      },
      "status" : "passed",
      "steps" : [ ],
      "attachments" : [ ],
      "parameters" : [ ],
      "stepsCount" : 0,
      "attachmentsCount" : 0,
      "shouldDisplayMessage" : false,
      "hasContent" : false
    }, {
      "name" : "When El jugador ingresa la letra \"単\"",
      "time" : {
        "start" : 1702861473599,
        "stop" : 1702861473611,
        "duration" : 12
      },
      "status" : "broken",
      "statusMessage" : "selenium.common.exceptions.NoSuchElementException: Message: no such element: Unable to locate element: {\"method\":\"css selector\",\"selector\":\"[name=\"input\"]\"}\n  (Session info: chrome-headless-shell=120.0.6099.71); For documentation on this error, please visit: https://www.selenium.dev/documentation/webdriver/troubleshooting/errors#no-such-element-exception\nStacktrace:\n#0 0x55dfaf8dcd33 <unknown>\n#1 0x55dfaf599f87 <unknown>\n#2 0x55dfaf5e9c0e <unknown>\n#3 0x55dfaf5e9d11 <unknown>\n#4 0x55dfaf635004 <unknown>\n#5 0x55dfaf61336d <unknown>\n#6 0x55dfaf632297 <unknown>\n#7 0x55dfaf6130e3 <unknown>\n#8 0x55dfaf5db044 <unknown>\n#9 0x55dfaf5dc44e <unknown>\n#10 0x55dfaf8a1861 <unknown>\n#11 0x55dfaf8a5785 <unknown>\n#12 0x55dfaf88f285 <unknown>\n#13 0x55dfaf8a641f <unknown>\n#14 0x55dfaf87320f <unknown>\n#15 0x55dfaf8ca028 <unknown>\n#16 0x55dfaf8ca1f7 <unknown>\n#17 0x55dfaf8dbed4 <unknown>\n#18 0x7f240f694ac3 <unknown>\n\n",
      "statusTrace" : "  File \"/opt/hostedtoolcache/Python/3.11.7/x64/lib/python3.11/site-packages/behave/model.py\", line 1329, in run\n    match.run(runner.context)\n  File \"/opt/hostedtoolcache/Python/3.11.7/x64/lib/python3.11/site-packages/behave/matchers.py\", line 98, in run\n    self.func(context, *args, **kwargs)\n  File \"UI-TESTS/steps/ahorcadosteps.py\", line 68, in ingresa_letra\n    elemento =  context.driver.find_element(By.NAME,\"input\")\n                ^^^^^^^^^^^^^^^^^^^^^^^^^^^^^^^^^^^^^^^^^^^^\n  File \"/opt/hostedtoolcache/Python/3.11.7/x64/lib/python3.11/site-packages/selenium/webdriver/remote/webdriver.py\", line 741, in find_element\n    return self.execute(Command.FIND_ELEMENT, {\"using\": by, \"value\": value})[\"value\"]\n           ^^^^^^^^^^^^^^^^^^^^^^^^^^^^^^^^^^^^^^^^^^^^^^^^^^^^^^^^^^^^^^^^^\n  File \"/opt/hostedtoolcache/Python/3.11.7/x64/lib/python3.11/site-packages/selenium/webdriver/remote/webdriver.py\", line 347, in execute\n    self.error_handler.check_response(response)\n  File \"/opt/hostedtoolcache/Python/3.11.7/x64/lib/python3.11/site-packages/selenium/webdriver/remote/errorhandler.py\", line 229, in check_response\n    raise exception_class(message, screen, stacktrace)\n",
      "steps" : [ ],
      "attachments" : [ ],
      "parameters" : [ ],
      "stepsCount" : 0,
      "attachmentsCount" : 0,
      "shouldDisplayMessage" : true,
      "hasContent" : true
    }, {
      "name" : "Then Pierde una vida",
      "time" : {
        "start" : 1702861473612,
        "stop" : 1702861473612,
        "duration" : 0
      },
      "status" : "skipped",
      "steps" : [ ],
      "attachments" : [ ],
      "parameters" : [ ],
      "stepsCount" : 0,
      "attachmentsCount" : 0,
      "shouldDisplayMessage" : false,
      "hasContent" : false
    }, {
      "name" : "And Se muestra como letra incorrecta \"単\"",
      "time" : {
        "start" : 1702861473612,
        "stop" : 1702861473612,
        "duration" : 0
      },
      "status" : "skipped",
      "steps" : [ ],
      "attachments" : [ ],
      "parameters" : [ ],
      "stepsCount" : 0,
      "attachmentsCount" : 0,
      "shouldDisplayMessage" : false,
      "hasContent" : false
    } ],
    "attachments" : [ ],
    "parameters" : [ ],
    "stepsCount" : 4,
    "attachmentsCount" : 0,
    "shouldDisplayMessage" : false,
    "hasContent" : true
  },
  "afterStages" : [ ],
  "labels" : [ {
    "name" : "severity",
    "value" : "normal"
  }, {
    "name" : "feature",
    "value" : "Hangman Game"
  }, {
    "name" : "framework",
    "value" : "behave"
  }, {
    "name" : "language",
    "value" : "cpython3"
  }, {
    "name" : "resultFormat",
    "value" : "allure2"
  } ],
  "parameters" : [ {
    "name" : "letra",
    "value" : "単"
  } ],
  "links" : [ ],
  "hidden" : true,
  "retry" : true,
  "extra" : {
    "categories" : [ ],
    "tags" : [ ]
  },
  "source" : "5dc43e996357f263.json",
  "parameterValues" : [ "単" ]
}