{
  "uid" : "823ad4ded19500da",
  "name" : "Reinicia el juego -- @1.2 ",
  "fullName" : "Hangman Game: Reinicia el juego",
  "historyId" : "6e906125b833356fca11b51f17de6622",
  "time" : {
    "start" : 1708385816578,
    "stop" : 1708385817560,
    "duration" : 982
  },
  "status" : "passed",
  "flaky" : false,
  "newFailed" : false,
  "beforeStages" : [ ],
  "testStage" : {
    "status" : "passed",
    "steps" : [ {
      "name" : "Given El jugador empieza el juego",
      "time" : {
        "start" : 1708385816578,
        "stop" : 1708385817292,
        "duration" : 714
      },
      "status" : "passed",
      "steps" : [ ],
      "attachments" : [ ],
      "parameters" : [ ],
      "stepsCount" : 0,
      "attachmentsCount" : 0,
      "shouldDisplayMessage" : false,
      "hasContent" : false
    }, {
      "name" : "And El jugador ingresa la letra \"x\"",
      "time" : {
        "start" : 1708385817292,
        "stop" : 1708385817406,
        "duration" : 114
      },
      "status" : "passed",
      "steps" : [ ],
      "attachments" : [ ],
      "parameters" : [ ],
      "stepsCount" : 0,
      "attachmentsCount" : 0,
      "shouldDisplayMessage" : false,
      "hasContent" : false
    }, {
      "name" : "When El jugador reinicia el juego",
      "time" : {
        "start" : 1708385817406,
        "stop" : 1708385817461,
        "duration" : 55
      },
      "status" : "passed",
      "steps" : [ ],
      "attachments" : [ ],
      "parameters" : [ ],
      "stepsCount" : 0,
      "attachmentsCount" : 0,
      "shouldDisplayMessage" : false,
      "hasContent" : false
    }, {
      "name" : "Then la palabra a adivinar debe mostrarse con guiones",
      "time" : {
        "start" : 1708385817461,
        "stop" : 1708385817480,
        "duration" : 19
      },
      "status" : "passed",
      "steps" : [ ],
      "attachments" : [ ],
      "parameters" : [ ],
      "stepsCount" : 0,
      "attachmentsCount" : 0,
      "shouldDisplayMessage" : false,
      "hasContent" : false
    }, {
      "name" : "And el numero de vidas debe ser 6",
      "time" : {
        "start" : 1708385817480,
        "stop" : 1708385817494,
        "duration" : 14
      },
      "status" : "passed",
      "steps" : [ ],
      "attachments" : [ ],
      "parameters" : [ ],
      "stepsCount" : 0,
      "attachmentsCount" : 0,
      "shouldDisplayMessage" : false,
      "hasContent" : false
    }, {
      "name" : "And las letras incorrectas deben estar vacias",
      "time" : {
        "start" : 1708385817494,
        "stop" : 1708385817507,
        "duration" : 13
      },
      "status" : "passed",
      "steps" : [ ],
      "attachments" : [ ],
      "parameters" : [ ],
      "stepsCount" : 0,
      "attachmentsCount" : 0,
      "shouldDisplayMessage" : false,
      "hasContent" : false
    } ],
    "attachments" : [ ],
    "parameters" : [ ],
    "stepsCount" : 6,
    "attachmentsCount" : 0,
    "shouldDisplayMessage" : false,
    "hasContent" : true
  },
  "afterStages" : [ ],
  "labels" : [ {
    "name" : "severity",
    "value" : "normal"
  }, {
    "name" : "feature",
    "value" : "Hangman Game"
  }, {
    "name" : "framework",
    "value" : "behave"
  }, {
    "name" : "language",
    "value" : "cpython3"
  }, {
    "name" : "resultFormat",
    "value" : "allure2"
  } ],
  "parameters" : [ {
    "name" : "letra",
    "value" : "x"
  } ],
  "links" : [ ],
  "hidden" : false,
  "retry" : false,
  "extra" : {
    "severity" : "normal",
    "retries" : [ {
      "uid" : "1192c105894a2cf6",
      "status" : "broken",
      "statusDetails" : "selenium.common.exceptions.NoSuchElementException: Message: no such element: Unable to locate element: {\"method\":\"css selector\",\"selector\":\"[name=\"input\"]\"}\n  (Session info: chrome-headless-shell=120.0.6099.71); For documentation on this error, please visit: https://www.selenium.dev/documentation/webdriver/troubleshooting/errors#no-such-element-exception\nStacktrace:\n#0 0x55abe13c2d33 <unknown>\n#1 0x55abe107ff87 <unknown>\n#2 0x55abe10cfc0e <unknown>\n#3 0x55abe10cfd11 <unknown>\n#4 0x55abe111b004 <unknown>\n#5 0x55abe10f936d <unknown>\n#6 0x55abe1118297 <unknown>\n#7 0x55abe10f90e3 <unknown>\n#8 0x55abe10c1044 <unknown>\n#9 0x55abe10c244e <unknown>\n#10 0x55abe1387861 <unknown>\n#11 0x55abe138b785 <unknown>\n#12 0x55abe1375285 <unknown>\n#13 0x55abe138c41f <unknown>\n#14 0x55abe135920f <unknown>\n#15 0x55abe13b0028 <unknown>\n#16 0x55abe13b01f7 <unknown>\n#17 0x55abe13c1ed4 <unknown>\n#18 0x7f0adac94ac3 <unknown>\n\n",
      "time" : {
        "start" : 1702861515871,
        "stop" : 1702861516622,
        "duration" : 751
      }
    }, {
      "uid" : "8f6d047e9b3ebce5",
      "status" : "passed",
      "time" : {
        "start" : 1702263000752,
        "stop" : 1702263002233,
        "duration" : 1481
      }
    }, {
      "uid" : "76af86dc619dd095",
      "status" : "passed",
      "time" : {
        "start" : 1702261933103,
        "stop" : 1702261934850,
        "duration" : 1747
      }
    }, {
      "uid" : "be4e691da65b6de",
      "status" : "passed",
      "time" : {
        "start" : 1702260740148,
        "stop" : 1702260741135,
        "duration" : 987
      }
    }, {
      "uid" : "229f54b462fd846d",
      "status" : "passed",
      "time" : {
        "start" : 1702260255306,
        "stop" : 1702260256416,
        "duration" : 1110
      }
    }, {
      "uid" : "f1e2f16f2c757b79",
      "status" : "passed",
      "time" : {
        "start" : 1702257791958,
        "stop" : 1702257794508,
        "duration" : 2550
      }
    }, {
      "uid" : "4537a1c31f0badc8",
      "status" : "passed",
      "time" : {
        "start" : 1702093017131,
        "stop" : 1702093018687,
        "duration" : 1556
      }
    }, {
      "uid" : "ee266aa4291156fd",
      "status" : "broken",
      "statusDetails" : "selenium.common.exceptions.SessionNotCreatedException: Message: session not created: Chrome failed to start: exited normally.\n  (session not created: DevToolsActivePort file doesn't exist)\n  (The process started from chrome location /usr/bin/google-chrome is no longer running, so ChromeDriver is assuming that Chrome has crashed.)\nStacktrace:\n#0 0x564b77d1f5e3 <unknown>\n#1 0x564b779e20b7 <unknown>\n#2 0x564b77a18e55 <unknown>\n#3 0x564b77a15b81 <unknown>\n#4 0x564b77a6047f <unknown>\n#5 0x564b77a56cc3 <unknown>\n#6 0x564b77a220e4 <unknown>\n#7 0x564b77a230ae <unknown>\n#8 0x564b77ce5ce1 <unknown>\n#9 0x564b77ce9b7e <unknown>\n#10 0x564b77cd34b5 <unknown>\n#11 0x564b77cea7d6 <unknown>\n#12 0x564b77cb6dbf <unknown>\n#13 0x564b77d0d748 <unknown>\n#14 0x564b77d0d917 <unknown>\n#15 0x564b77d1e773 <unknown>\n#16 0x7f0fc4c94ac3 <unknown>\n\n",
      "time" : {
        "start" : 1702088441591,
        "stop" : 1702088442254,
        "duration" : 663
      }
    }, {
      "uid" : "8ed1c2bc6be95dff",
      "status" : "passed",
      "time" : {
        "start" : 1701789505542,
        "stop" : 1701789513913,
        "duration" : 8371
      }
    } ],
    "categories" : [ ],
    "history" : {
      "statistic" : {
        "failed" : 0,
        "broken" : 2,
        "skipped" : 0,
        "passed" : 7,
        "unknown" : 0,
        "total" : 9
      },
      "items" : [ {
        "uid" : "3f567dece982cffe",
        "reportUrl" : "https://sofibuljubasich.github.io/Agiles/20/#testresult/3f567dece982cffe",
        "status" : "broken",
        "statusDetails" : "selenium.common.exceptions.NoSuchElementException: Message: no such element: Unable to locate element: {\"method\":\"css selector\",\"selector\":\"[name=\"input\"]\"}\n  (Session info: chrome-headless-shell=120.0.6099.71); For documentation on this error, please visit: https://www.selenium.dev/documentation/webdriver/troubleshooting/errors#no-such-element-exception\nStacktrace:\n#0 0x55abe13c2d33 <unknown>\n#1 0x55abe107ff87 <unknown>\n#2 0x55abe10cfc0e <unknown>\n#3 0x55abe10cfd11 <unknown>\n#4 0x55abe111b004 <unknown>\n#5 0x55abe10f936d <unknown>\n#6 0x55abe1118297 <unknown>\n#7 0x55abe10f90e3 <unknown>\n#8 0x55abe10c1044 <unknown>\n#9 0x55abe10c244e <unknown>\n#10 0x55abe1387861 <unknown>\n#11 0x55abe138b785 <unknown>\n#12 0x55abe1375285 <unknown>\n#13 0x55abe138c41f <unknown>\n#14 0x55abe135920f <unknown>\n#15 0x55abe13b0028 <unknown>\n#16 0x55abe13b01f7 <unknown>\n#17 0x55abe13c1ed4 <unknown>\n#18 0x7f0adac94ac3 <unknown>\n\n",
        "time" : {
          "start" : 1702861515871,
          "stop" : 1702861516622,
          "duration" : 751
        }
      }, {
        "uid" : "c42733a86fd300b8",
        "reportUrl" : "https://sofibuljubasich.github.io/Agiles/19/#testresult/c42733a86fd300b8",
        "status" : "passed",
        "time" : {
          "start" : 1702263000752,
          "stop" : 1702263002233,
          "duration" : 1481
        }
      }, {
        "uid" : "66934ffba89bd1a3",
        "reportUrl" : "https://sofibuljubasich.github.io/Agiles/18/#testresult/66934ffba89bd1a3",
        "status" : "passed",
        "time" : {
          "start" : 1702261933103,
          "stop" : 1702261934850,
          "duration" : 1747
        }
      }, {
        "uid" : "e5da41392cd280b6",
        "reportUrl" : "https://sofibuljubasich.github.io/Agiles/17/#testresult/e5da41392cd280b6",
        "status" : "passed",
        "time" : {
          "start" : 1702260740148,
          "stop" : 1702260741135,
          "duration" : 987
        }
      }, {
        "uid" : "ae7b2c78956c1ca2",
        "reportUrl" : "https://sofibuljubasich.github.io/Agiles/15/#testresult/ae7b2c78956c1ca2",
        "status" : "passed",
        "time" : {
          "start" : 1702260255306,
          "stop" : 1702260256416,
          "duration" : 1110
        }
      }, {
        "uid" : "7555203c897c745",
        "reportUrl" : "https://sofibuljubasich.github.io/Agiles/12/#testresult/7555203c897c745",
        "status" : "passed",
        "time" : {
          "start" : 1702257791958,
          "stop" : 1702257794508,
          "duration" : 2550
        }
      }, {
        "uid" : "72f6251cf7377571",
        "reportUrl" : "https://sofibuljubasich.github.io/Agiles/11/#testresult/72f6251cf7377571",
        "status" : "passed",
        "time" : {
          "start" : 1702093017131,
          "stop" : 1702093018687,
          "duration" : 1556
        }
      }, {
        "uid" : "ec420f1ab3c147cd",
        "reportUrl" : "https://sofibuljubasich.github.io/Agiles/10/#testresult/ec420f1ab3c147cd",
        "status" : "broken",
        "statusDetails" : "selenium.common.exceptions.SessionNotCreatedException: Message: session not created: Chrome failed to start: exited normally.\n  (session not created: DevToolsActivePort file doesn't exist)\n  (The process started from chrome location /usr/bin/google-chrome is no longer running, so ChromeDriver is assuming that Chrome has crashed.)\nStacktrace:\n#0 0x564b77d1f5e3 <unknown>\n#1 0x564b779e20b7 <unknown>\n#2 0x564b77a18e55 <unknown>\n#3 0x564b77a15b81 <unknown>\n#4 0x564b77a6047f <unknown>\n#5 0x564b77a56cc3 <unknown>\n#6 0x564b77a220e4 <unknown>\n#7 0x564b77a230ae <unknown>\n#8 0x564b77ce5ce1 <unknown>\n#9 0x564b77ce9b7e <unknown>\n#10 0x564b77cd34b5 <unknown>\n#11 0x564b77cea7d6 <unknown>\n#12 0x564b77cb6dbf <unknown>\n#13 0x564b77d0d748 <unknown>\n#14 0x564b77d0d917 <unknown>\n#15 0x564b77d1e773 <unknown>\n#16 0x7f0fc4c94ac3 <unknown>\n\n",
        "time" : {
          "start" : 1702088441591,
          "stop" : 1702088442254,
          "duration" : 663
        }
      } ]
    },
    "tags" : [ ]
  },
  "source" : "823ad4ded19500da.json",
  "parameterValues" : [ "x" ]
}