{"name": "Pierde el juego", "status": "broken", "statusDetails": {"message": "selenium.common.exceptions.NoSuchElementException: Message: no such element: Unable to locate element: {\"method\":\"css selector\",\"selector\":\"[name=\"input\"]\"}\n  (Session info: chrome-headless-shell=120.0.6099.71); For documentation on this error, please visit: https://www.selenium.dev/documentation/webdriver/troubleshooting/errors#no-such-element-exception\nStacktrace:\n#0 0x55976ecced33 <unknown>\n#1 0x55976e98bf87 <unknown>\n#2 0x55976e9dbc0e <unknown>\n#3 0x55976e9dbd11 <unknown>\n#4 0x55976ea27004 <unknown>\n#5 0x55976ea0536d <unknown>\n#6 0x55976ea24297 <unknown>\n#7 0x55976ea050e3 <unknown>\n#8 0x55976e9cd044 <unknown>\n#9 0x55976e9ce44e <unknown>\n#10 0x55976ec93861 <unknown>\n#11 0x55976ec97785 <unknown>\n#12 0x55976ec81285 <unknown>\n#13 0x55976ec9841f <unknown>\n#14 0x55976ec6520f <unknown>\n#15 0x55976ecbc028 <unknown>\n#16 0x55976ecbc1f7 <unknown>\n#17 0x55976eccded4 <unknown>\n#18 0x7f2042c94ac3 <unknown>\n\n", "trace": "  File \"/opt/hostedtoolcache/Python/3.11.7/x64/lib/python3.11/site-packages/behave/model.py\", line 1329, in run\n    match.run(runner.context)\n  File \"/opt/hostedtoolcache/Python/3.11.7/x64/lib/python3.11/site-packages/behave/matchers.py\", line 98, in run\n    self.func(context, *args, **kwargs)\n  File \"UI-TESTS/steps/ahorcadosteps.py\", line 110, in adivina_6_incorrectas\n    elemento =  context.driver.find_element(By.NAME,\"input\")\n                ^^^^^^^^^^^^^^^^^^^^^^^^^^^^^^^^^^^^^^^^^^^^\n  File \"/opt/hostedtoolcache/Python/3.11.7/x64/lib/python3.11/site-packages/selenium/webdriver/remote/webdriver.py\", line 741, in find_element\n    return self.execute(Command.FIND_ELEMENT, {\"using\": by, \"value\": value})[\"value\"]\n           ^^^^^^^^^^^^^^^^^^^^^^^^^^^^^^^^^^^^^^^^^^^^^^^^^^^^^^^^^^^^^^^^^\n  File \"/opt/hostedtoolcache/Python/3.11.7/x64/lib/python3.11/site-packages/selenium/webdriver/remote/webdriver.py\", line 347, in execute\n    self.error_handler.check_response(response)\n  File \"/opt/hostedtoolcache/Python/3.11.7/x64/lib/python3.11/site-packages/selenium/webdriver/remote/errorhandler.py\", line 229, in check_response\n    raise exception_class(message, screen, stacktrace)\n"}, "steps": [{"name": "Given El jugador empieza el juego", "status": "passed", "start": 1702861474351, "stop": 1702861475080}, {"name": "When El jugador ingresa 6 caracteres incorrectos", "status": "broken", "statusDetails": {"message": "selenium.common.exceptions.NoSuchElementException: Message: no such element: Unable to locate element: {\"method\":\"css selector\",\"selector\":\"[name=\"input\"]\"}\n  (Session info: chrome-headless-shell=120.0.6099.71); For documentation on this error, please visit: https://www.selenium.dev/documentation/webdriver/troubleshooting/errors#no-such-element-exception\nStacktrace:\n#0 0x55976ecced33 <unknown>\n#1 0x55976e98bf87 <unknown>\n#2 0x55976e9dbc0e <unknown>\n#3 0x55976e9dbd11 <unknown>\n#4 0x55976ea27004 <unknown>\n#5 0x55976ea0536d <unknown>\n#6 0x55976ea24297 <unknown>\n#7 0x55976ea050e3 <unknown>\n#8 0x55976e9cd044 <unknown>\n#9 0x55976e9ce44e <unknown>\n#10 0x55976ec93861 <unknown>\n#11 0x55976ec97785 <unknown>\n#12 0x55976ec81285 <unknown>\n#13 0x55976ec9841f <unknown>\n#14 0x55976ec6520f <unknown>\n#15 0x55976ecbc028 <unknown>\n#16 0x55976ecbc1f7 <unknown>\n#17 0x55976eccded4 <unknown>\n#18 0x7f2042c94ac3 <unknown>\n\n", "trace": "  File \"/opt/hostedtoolcache/Python/3.11.7/x64/lib/python3.11/site-packages/behave/model.py\", line 1329, in run\n    match.run(runner.context)\n  File \"/opt/hostedtoolcache/Python/3.11.7/x64/lib/python3.11/site-packages/behave/matchers.py\", line 98, in run\n    self.func(context, *args, **kwargs)\n  File \"UI-TESTS/steps/ahorcadosteps.py\", line 110, in adivina_6_incorrectas\n    elemento =  context.driver.find_element(By.NAME,\"input\")\n                ^^^^^^^^^^^^^^^^^^^^^^^^^^^^^^^^^^^^^^^^^^^^\n  File \"/opt/hostedtoolcache/Python/3.11.7/x64/lib/python3.11/site-packages/selenium/webdriver/remote/webdriver.py\", line 741, in find_element\n    return self.execute(Command.FIND_ELEMENT, {\"using\": by, \"value\": value})[\"value\"]\n           ^^^^^^^^^^^^^^^^^^^^^^^^^^^^^^^^^^^^^^^^^^^^^^^^^^^^^^^^^^^^^^^^^\n  File \"/opt/hostedtoolcache/Python/3.11.7/x64/lib/python3.11/site-packages/selenium/webdriver/remote/webdriver.py\", line 347, in execute\n    self.error_handler.check_response(response)\n  File \"/opt/hostedtoolcache/Python/3.11.7/x64/lib/python3.11/site-packages/selenium/webdriver/remote/errorhandler.py\", line 229, in check_response\n    raise exception_class(message, screen, stacktrace)\n"}, "start": 1702861475080, "stop": 1702861515121}, {"name": "Then Pierde el juego", "status": "skipped", "start": 1702861515122, "stop": 1702861515122}, {"name": "Then Muestra el mensaje de que perdio con la palabra a adivinar", "status": "skipped", "start": 1702861515122, "stop": 1702861515122}], "start": 1702861474350, "stop": 1702861515122, "uuid": "e8389bea-ba6d-4817-952c-91c1155adeeb", "historyId": "c23f7c6a63069ce8b6a84276883333a8", "fullName": "Hangman Game: Pierde el juego", "labels": [{"name": "severity", "value": "normal"}, {"name": "feature", "value": "Hangman Game"}, {"name": "framework", "value": "behave"}, {"name": "language", "value": "cpython3"}]}