{"name": "Reinicia el juego -- @1.1 ", "status": "broken", "statusDetails": {"message": "selenium.common.exceptions.NoSuchElementException: Message: no such element: Unable to locate element: {\"method\":\"css selector\",\"selector\":\"[name=\"input\"]\"}\n  (Session info: chrome-headless-shell=120.0.6099.71); For documentation on this error, please visit: https://www.selenium.dev/documentation/webdriver/troubleshooting/errors#no-such-element-exception\nStacktrace:\n#0 0x556dd0a61d33 <unknown>\n#1 0x556dd071ef87 <unknown>\n#2 0x556dd076ec0e <unknown>\n#3 0x556dd076ed11 <unknown>\n#4 0x556dd07ba004 <unknown>\n#5 0x556dd079836d <unknown>\n#6 0x556dd07b7297 <unknown>\n#7 0x556dd07980e3 <unknown>\n#8 0x556dd0760044 <unknown>\n#9 0x556dd076144e <unknown>\n#10 0x556dd0a26861 <unknown>\n#11 0x556dd0a2a785 <unknown>\n#12 0x556dd0a14285 <unknown>\n#13 0x556dd0a2b41f <unknown>\n#14 0x556dd09f820f <unknown>\n#15 0x556dd0a4f028 <unknown>\n#16 0x556dd0a4f1f7 <unknown>\n#17 0x556dd0a60ed4 <unknown>\n#18 0x7f7f85094ac3 <unknown>\n\n", "trace": "  File \"/opt/hostedtoolcache/Python/3.11.7/x64/lib/python3.11/site-packages/behave/model.py\", line 1329, in run\n    match.run(runner.context)\n  File \"/opt/hostedtoolcache/Python/3.11.7/x64/lib/python3.11/site-packages/behave/matchers.py\", line 98, in run\n    self.func(context, *args, **kwargs)\n  File \"UI-TESTS/steps/ahorcadosteps.py\", line 131, in ingresa_letra\n    elemento =  context.driver.find_element(By.NAME,\"input\")\n                ^^^^^^^^^^^^^^^^^^^^^^^^^^^^^^^^^^^^^^^^^^^^\n  File \"/opt/hostedtoolcache/Python/3.11.7/x64/lib/python3.11/site-packages/selenium/webdriver/remote/webdriver.py\", line 741, in find_element\n    return self.execute(Command.FIND_ELEMENT, {\"using\": by, \"value\": value})[\"value\"]\n           ^^^^^^^^^^^^^^^^^^^^^^^^^^^^^^^^^^^^^^^^^^^^^^^^^^^^^^^^^^^^^^^^^\n  File \"/opt/hostedtoolcache/Python/3.11.7/x64/lib/python3.11/site-packages/selenium/webdriver/remote/webdriver.py\", line 347, in execute\n    self.error_handler.check_response(response)\n  File \"/opt/hostedtoolcache/Python/3.11.7/x64/lib/python3.11/site-packages/selenium/webdriver/remote/errorhandler.py\", line 229, in check_response\n    raise exception_class(message, screen, stacktrace)\n"}, "steps": [{"name": "Given El jugador empieza el juego", "status": "passed", "start": 1702861515123, "stop": 1702861515857}, {"name": "And El jugador ingresa la letra \"a\"", "status": "broken", "statusDetails": {"message": "selenium.common.exceptions.NoSuchElementException: Message: no such element: Unable to locate element: {\"method\":\"css selector\",\"selector\":\"[name=\"input\"]\"}\n  (Session info: chrome-headless-shell=120.0.6099.71); For documentation on this error, please visit: https://www.selenium.dev/documentation/webdriver/troubleshooting/errors#no-such-element-exception\nStacktrace:\n#0 0x556dd0a61d33 <unknown>\n#1 0x556dd071ef87 <unknown>\n#2 0x556dd076ec0e <unknown>\n#3 0x556dd076ed11 <unknown>\n#4 0x556dd07ba004 <unknown>\n#5 0x556dd079836d <unknown>\n#6 0x556dd07b7297 <unknown>\n#7 0x556dd07980e3 <unknown>\n#8 0x556dd0760044 <unknown>\n#9 0x556dd076144e <unknown>\n#10 0x556dd0a26861 <unknown>\n#11 0x556dd0a2a785 <unknown>\n#12 0x556dd0a14285 <unknown>\n#13 0x556dd0a2b41f <unknown>\n#14 0x556dd09f820f <unknown>\n#15 0x556dd0a4f028 <unknown>\n#16 0x556dd0a4f1f7 <unknown>\n#17 0x556dd0a60ed4 <unknown>\n#18 0x7f7f85094ac3 <unknown>\n\n", "trace": "  File \"/opt/hostedtoolcache/Python/3.11.7/x64/lib/python3.11/site-packages/behave/model.py\", line 1329, in run\n    match.run(runner.context)\n  File \"/opt/hostedtoolcache/Python/3.11.7/x64/lib/python3.11/site-packages/behave/matchers.py\", line 98, in run\n    self.func(context, *args, **kwargs)\n  File \"UI-TESTS/steps/ahorcadosteps.py\", line 131, in ingresa_letra\n    elemento =  context.driver.find_element(By.NAME,\"input\")\n                ^^^^^^^^^^^^^^^^^^^^^^^^^^^^^^^^^^^^^^^^^^^^\n  File \"/opt/hostedtoolcache/Python/3.11.7/x64/lib/python3.11/site-packages/selenium/webdriver/remote/webdriver.py\", line 741, in find_element\n    return self.execute(Command.FIND_ELEMENT, {\"using\": by, \"value\": value})[\"value\"]\n           ^^^^^^^^^^^^^^^^^^^^^^^^^^^^^^^^^^^^^^^^^^^^^^^^^^^^^^^^^^^^^^^^^\n  File \"/opt/hostedtoolcache/Python/3.11.7/x64/lib/python3.11/site-packages/selenium/webdriver/remote/webdriver.py\", line 347, in execute\n    self.error_handler.check_response(response)\n  File \"/opt/hostedtoolcache/Python/3.11.7/x64/lib/python3.11/site-packages/selenium/webdriver/remote/errorhandler.py\", line 229, in check_response\n    raise exception_class(message, screen, stacktrace)\n"}, "start": 1702861515857, "stop": 1702861515870}, {"name": "When El jugador reinicia el juego", "status": "skipped", "start": 1702861515871, "stop": 1702861515871}, {"name": "Then la palabra a adivinar debe mostrarse con guiones", "status": "skipped", "start": 1702861515871, "stop": 1702861515871}, {"name": "And el numero de vidas debe ser 6", "status": "skipped", "start": 1702861515871, "stop": 1702861515871}, {"name": "And las letras incorrectas deben estar vacias", "status": "skipped", "start": 1702861515871, "stop": 1702861515871}], "parameters": [{"name": "letra", "value": "a"}], "start": 1702861515123, "stop": 1702861515871, "uuid": "03fba968-f32b-4bcb-bc58-b1ddcb8e4cac", "historyId": "837344b77d364b63dc8caa97fd229b2b", "fullName": "Hangman Game: Reinicia el juego", "labels": [{"name": "severity", "value": "normal"}, {"name": "feature", "value": "Hangman Game"}, {"name": "framework", "value": "behave"}, {"name": "language", "value": "cpython3"}]}