{"name": "Adivinar una letra correcta -- @1.1 ", "status": "broken", "statusDetails": {"message": "selenium.common.exceptions.NoSuchElementException: Message: no such element: Unable to locate element: {\"method\":\"css selector\",\"selector\":\"[name=\"input\"]\"}\n  (Session info: chrome-headless-shell=120.0.6099.71); For documentation on this error, please visit: https://www.selenium.dev/documentation/webdriver/troubleshooting/errors#no-such-element-exception\nStacktrace:\n#0 0x561284a05d33 <unknown>\n#1 0x5612846c2f87 <unknown>\n#2 0x561284712c0e <unknown>\n#3 0x561284712d11 <unknown>\n#4 0x56128475e004 <unknown>\n#5 0x56128473c36d <unknown>\n#6 0x56128475b297 <unknown>\n#7 0x56128473c0e3 <unknown>\n#8 0x561284704044 <unknown>\n#9 0x56128470544e <unknown>\n#10 0x5612849ca861 <unknown>\n#11 0x5612849ce785 <unknown>\n#12 0x5612849b8285 <unknown>\n#13 0x5612849cf41f <unknown>\n#14 0x56128499c20f <unknown>\n#15 0x5612849f3028 <unknown>\n#16 0x5612849f31f7 <unknown>\n#17 0x561284a04ed4 <unknown>\n#18 0x7fdb8b894ac3 <unknown>\n\n", "trace": "  File \"/opt/hostedtoolcache/Python/3.11.7/x64/lib/python3.11/site-packages/behave/model.py\", line 1329, in run\n    match.run(runner.context)\n  File \"/opt/hostedtoolcache/Python/3.11.7/x64/lib/python3.11/site-packages/behave/matchers.py\", line 98, in run\n    self.func(context, *args, **kwargs)\n  File \"UI-TESTS/steps/ahorcadosteps.py\", line 68, in ingresa_letra\n    elemento =  context.driver.find_element(By.NAME,\"input\")\n                ^^^^^^^^^^^^^^^^^^^^^^^^^^^^^^^^^^^^^^^^^^^^\n  File \"/opt/hostedtoolcache/Python/3.11.7/x64/lib/python3.11/site-packages/selenium/webdriver/remote/webdriver.py\", line 741, in find_element\n    return self.execute(Command.FIND_ELEMENT, {\"using\": by, \"value\": value})[\"value\"]\n           ^^^^^^^^^^^^^^^^^^^^^^^^^^^^^^^^^^^^^^^^^^^^^^^^^^^^^^^^^^^^^^^^^\n  File \"/opt/hostedtoolcache/Python/3.11.7/x64/lib/python3.11/site-packages/selenium/webdriver/remote/webdriver.py\", line 347, in execute\n    self.error_handler.check_response(response)\n  File \"/opt/hostedtoolcache/Python/3.11.7/x64/lib/python3.11/site-packages/selenium/webdriver/remote/errorhandler.py\", line 229, in check_response\n    raise exception_class(message, screen, stacktrace)\n"}, "steps": [{"name": "Given El jugador empieza el juego", "status": "passed", "start": 1702861471374, "stop": 1702861472119}, {"name": "When El jugador ingresa la letra \"a\"", "status": "broken", "statusDetails": {"message": "selenium.common.exceptions.NoSuchElementException: Message: no such element: Unable to locate element: {\"method\":\"css selector\",\"selector\":\"[name=\"input\"]\"}\n  (Session info: chrome-headless-shell=120.0.6099.71); For documentation on this error, please visit: https://www.selenium.dev/documentation/webdriver/troubleshooting/errors#no-such-element-exception\nStacktrace:\n#0 0x561284a05d33 <unknown>\n#1 0x5612846c2f87 <unknown>\n#2 0x561284712c0e <unknown>\n#3 0x561284712d11 <unknown>\n#4 0x56128475e004 <unknown>\n#5 0x56128473c36d <unknown>\n#6 0x56128475b297 <unknown>\n#7 0x56128473c0e3 <unknown>\n#8 0x561284704044 <unknown>\n#9 0x56128470544e <unknown>\n#10 0x5612849ca861 <unknown>\n#11 0x5612849ce785 <unknown>\n#12 0x5612849b8285 <unknown>\n#13 0x5612849cf41f <unknown>\n#14 0x56128499c20f <unknown>\n#15 0x5612849f3028 <unknown>\n#16 0x5612849f31f7 <unknown>\n#17 0x561284a04ed4 <unknown>\n#18 0x7fdb8b894ac3 <unknown>\n\n", "trace": "  File \"/opt/hostedtoolcache/Python/3.11.7/x64/lib/python3.11/site-packages/behave/model.py\", line 1329, in run\n    match.run(runner.context)\n  File \"/opt/hostedtoolcache/Python/3.11.7/x64/lib/python3.11/site-packages/behave/matchers.py\", line 98, in run\n    self.func(context, *args, **kwargs)\n  File \"UI-TESTS/steps/ahorcadosteps.py\", line 68, in ingresa_letra\n    elemento =  context.driver.find_element(By.NAME,\"input\")\n                ^^^^^^^^^^^^^^^^^^^^^^^^^^^^^^^^^^^^^^^^^^^^\n  File \"/opt/hostedtoolcache/Python/3.11.7/x64/lib/python3.11/site-packages/selenium/webdriver/remote/webdriver.py\", line 741, in find_element\n    return self.execute(Command.FIND_ELEMENT, {\"using\": by, \"value\": value})[\"value\"]\n           ^^^^^^^^^^^^^^^^^^^^^^^^^^^^^^^^^^^^^^^^^^^^^^^^^^^^^^^^^^^^^^^^^\n  File \"/opt/hostedtoolcache/Python/3.11.7/x64/lib/python3.11/site-packages/selenium/webdriver/remote/webdriver.py\", line 347, in execute\n    self.error_handler.check_response(response)\n  File \"/opt/hostedtoolcache/Python/3.11.7/x64/lib/python3.11/site-packages/selenium/webdriver/remote/errorhandler.py\", line 229, in check_response\n    raise exception_class(message, screen, stacktrace)\n"}, "start": 1702861472119, "stop": 1702861472132}, {"name": "Then La palabra se actualiza y contiene la \"a\"", "status": "skipped", "start": 1702861472132, "stop": 1702861472132}, {"name": "And el numero de vidas debe ser 6", "status": "skipped", "start": 1702861472132, "stop": 1702861472132}, {"name": "And las letras incorrectas deben estar vacias", "status": "skipped", "start": 1702861472132, "stop": 1702861472132}], "parameters": [{"name": "letra", "value": "a"}], "start": 1702861471373, "stop": 1702861472132, "uuid": "077d44b1-a290-402d-89ba-998d6ab0b49d", "historyId": "a47f5f4ec5b0e31720db8cdad8cd9997", "fullName": "Hangman Game: Adivinar una letra correcta", "labels": [{"name": "severity", "value": "normal"}, {"name": "feature", "value": "Hangman Game"}, {"name": "framework", "value": "behave"}, {"name": "language", "value": "cpython3"}]}