{
  "uid" : "122adafcfbdf1a6",
  "name" : "Adivinar una letra correcta -- @1.1 ",
  "fullName" : "Hangman Game: Adivinar una letra correcta",
  "historyId" : "a47f5f4ec5b0e31720db8cdad8cd9997",
  "time" : {
    "start" : 1702861471373,
    "stop" : 1702861472132,
    "duration" : 759
  },
  "status" : "broken",
  "statusMessage" : "selenium.common.exceptions.NoSuchElementException: Message: no such element: Unable to locate element: {\"method\":\"css selector\",\"selector\":\"[name=\"input\"]\"}\n  (Session info: chrome-headless-shell=120.0.6099.71); For documentation on this error, please visit: https://www.selenium.dev/documentation/webdriver/troubleshooting/errors#no-such-element-exception\nStacktrace:\n#0 0x561284a05d33 <unknown>\n#1 0x5612846c2f87 <unknown>\n#2 0x561284712c0e <unknown>\n#3 0x561284712d11 <unknown>\n#4 0x56128475e004 <unknown>\n#5 0x56128473c36d <unknown>\n#6 0x56128475b297 <unknown>\n#7 0x56128473c0e3 <unknown>\n#8 0x561284704044 <unknown>\n#9 0x56128470544e <unknown>\n#10 0x5612849ca861 <unknown>\n#11 0x5612849ce785 <unknown>\n#12 0x5612849b8285 <unknown>\n#13 0x5612849cf41f <unknown>\n#14 0x56128499c20f <unknown>\n#15 0x5612849f3028 <unknown>\n#16 0x5612849f31f7 <unknown>\n#17 0x561284a04ed4 <unknown>\n#18 0x7fdb8b894ac3 <unknown>\n\n",
  "statusTrace" : "  File \"/opt/hostedtoolcache/Python/3.11.7/x64/lib/python3.11/site-packages/behave/model.py\", line 1329, in run\n    match.run(runner.context)\n  File \"/opt/hostedtoolcache/Python/3.11.7/x64/lib/python3.11/site-packages/behave/matchers.py\", line 98, in run\n    self.func(context, *args, **kwargs)\n  File \"UI-TESTS/steps/ahorcadosteps.py\", line 68, in ingresa_letra\n    elemento =  context.driver.find_element(By.NAME,\"input\")\n                ^^^^^^^^^^^^^^^^^^^^^^^^^^^^^^^^^^^^^^^^^^^^\n  File \"/opt/hostedtoolcache/Python/3.11.7/x64/lib/python3.11/site-packages/selenium/webdriver/remote/webdriver.py\", line 741, in find_element\n    return self.execute(Command.FIND_ELEMENT, {\"using\": by, \"value\": value})[\"value\"]\n           ^^^^^^^^^^^^^^^^^^^^^^^^^^^^^^^^^^^^^^^^^^^^^^^^^^^^^^^^^^^^^^^^^\n  File \"/opt/hostedtoolcache/Python/3.11.7/x64/lib/python3.11/site-packages/selenium/webdriver/remote/webdriver.py\", line 347, in execute\n    self.error_handler.check_response(response)\n  File \"/opt/hostedtoolcache/Python/3.11.7/x64/lib/python3.11/site-packages/selenium/webdriver/remote/errorhandler.py\", line 229, in check_response\n    raise exception_class(message, screen, stacktrace)\n",
  "flaky" : false,
  "newFailed" : false,
  "beforeStages" : [ ],
  "testStage" : {
    "status" : "broken",
    "statusMessage" : "selenium.common.exceptions.NoSuchElementException: Message: no such element: Unable to locate element: {\"method\":\"css selector\",\"selector\":\"[name=\"input\"]\"}\n  (Session info: chrome-headless-shell=120.0.6099.71); For documentation on this error, please visit: https://www.selenium.dev/documentation/webdriver/troubleshooting/errors#no-such-element-exception\nStacktrace:\n#0 0x561284a05d33 <unknown>\n#1 0x5612846c2f87 <unknown>\n#2 0x561284712c0e <unknown>\n#3 0x561284712d11 <unknown>\n#4 0x56128475e004 <unknown>\n#5 0x56128473c36d <unknown>\n#6 0x56128475b297 <unknown>\n#7 0x56128473c0e3 <unknown>\n#8 0x561284704044 <unknown>\n#9 0x56128470544e <unknown>\n#10 0x5612849ca861 <unknown>\n#11 0x5612849ce785 <unknown>\n#12 0x5612849b8285 <unknown>\n#13 0x5612849cf41f <unknown>\n#14 0x56128499c20f <unknown>\n#15 0x5612849f3028 <unknown>\n#16 0x5612849f31f7 <unknown>\n#17 0x561284a04ed4 <unknown>\n#18 0x7fdb8b894ac3 <unknown>\n\n",
    "statusTrace" : "  File \"/opt/hostedtoolcache/Python/3.11.7/x64/lib/python3.11/site-packages/behave/model.py\", line 1329, in run\n    match.run(runner.context)\n  File \"/opt/hostedtoolcache/Python/3.11.7/x64/lib/python3.11/site-packages/behave/matchers.py\", line 98, in run\n    self.func(context, *args, **kwargs)\n  File \"UI-TESTS/steps/ahorcadosteps.py\", line 68, in ingresa_letra\n    elemento =  context.driver.find_element(By.NAME,\"input\")\n                ^^^^^^^^^^^^^^^^^^^^^^^^^^^^^^^^^^^^^^^^^^^^\n  File \"/opt/hostedtoolcache/Python/3.11.7/x64/lib/python3.11/site-packages/selenium/webdriver/remote/webdriver.py\", line 741, in find_element\n    return self.execute(Command.FIND_ELEMENT, {\"using\": by, \"value\": value})[\"value\"]\n           ^^^^^^^^^^^^^^^^^^^^^^^^^^^^^^^^^^^^^^^^^^^^^^^^^^^^^^^^^^^^^^^^^\n  File \"/opt/hostedtoolcache/Python/3.11.7/x64/lib/python3.11/site-packages/selenium/webdriver/remote/webdriver.py\", line 347, in execute\n    self.error_handler.check_response(response)\n  File \"/opt/hostedtoolcache/Python/3.11.7/x64/lib/python3.11/site-packages/selenium/webdriver/remote/errorhandler.py\", line 229, in check_response\n    raise exception_class(message, screen, stacktrace)\n",
    "steps" : [ {
      "name" : "Given El jugador empieza el juego",
      "time" : {
        "start" : 1702861471374,
        "stop" : 1702861472119,
        "duration" : 745
      },
      "status" : "passed",
      "steps" : [ ],
      "attachments" : [ ],
      "parameters" : [ ],
      "stepsCount" : 0,
      "attachmentsCount" : 0,
      "shouldDisplayMessage" : false,
      "hasContent" : false
    }, {
      "name" : "When El jugador ingresa la letra \"a\"",
      "time" : {
        "start" : 1702861472119,
        "stop" : 1702861472132,
        "duration" : 13
      },
      "status" : "broken",
      "statusMessage" : "selenium.common.exceptions.NoSuchElementException: Message: no such element: Unable to locate element: {\"method\":\"css selector\",\"selector\":\"[name=\"input\"]\"}\n  (Session info: chrome-headless-shell=120.0.6099.71); For documentation on this error, please visit: https://www.selenium.dev/documentation/webdriver/troubleshooting/errors#no-such-element-exception\nStacktrace:\n#0 0x561284a05d33 <unknown>\n#1 0x5612846c2f87 <unknown>\n#2 0x561284712c0e <unknown>\n#3 0x561284712d11 <unknown>\n#4 0x56128475e004 <unknown>\n#5 0x56128473c36d <unknown>\n#6 0x56128475b297 <unknown>\n#7 0x56128473c0e3 <unknown>\n#8 0x561284704044 <unknown>\n#9 0x56128470544e <unknown>\n#10 0x5612849ca861 <unknown>\n#11 0x5612849ce785 <unknown>\n#12 0x5612849b8285 <unknown>\n#13 0x5612849cf41f <unknown>\n#14 0x56128499c20f <unknown>\n#15 0x5612849f3028 <unknown>\n#16 0x5612849f31f7 <unknown>\n#17 0x561284a04ed4 <unknown>\n#18 0x7fdb8b894ac3 <unknown>\n\n",
      "statusTrace" : "  File \"/opt/hostedtoolcache/Python/3.11.7/x64/lib/python3.11/site-packages/behave/model.py\", line 1329, in run\n    match.run(runner.context)\n  File \"/opt/hostedtoolcache/Python/3.11.7/x64/lib/python3.11/site-packages/behave/matchers.py\", line 98, in run\n    self.func(context, *args, **kwargs)\n  File \"UI-TESTS/steps/ahorcadosteps.py\", line 68, in ingresa_letra\n    elemento =  context.driver.find_element(By.NAME,\"input\")\n                ^^^^^^^^^^^^^^^^^^^^^^^^^^^^^^^^^^^^^^^^^^^^\n  File \"/opt/hostedtoolcache/Python/3.11.7/x64/lib/python3.11/site-packages/selenium/webdriver/remote/webdriver.py\", line 741, in find_element\n    return self.execute(Command.FIND_ELEMENT, {\"using\": by, \"value\": value})[\"value\"]\n           ^^^^^^^^^^^^^^^^^^^^^^^^^^^^^^^^^^^^^^^^^^^^^^^^^^^^^^^^^^^^^^^^^\n  File \"/opt/hostedtoolcache/Python/3.11.7/x64/lib/python3.11/site-packages/selenium/webdriver/remote/webdriver.py\", line 347, in execute\n    self.error_handler.check_response(response)\n  File \"/opt/hostedtoolcache/Python/3.11.7/x64/lib/python3.11/site-packages/selenium/webdriver/remote/errorhandler.py\", line 229, in check_response\n    raise exception_class(message, screen, stacktrace)\n",
      "steps" : [ ],
      "attachments" : [ ],
      "parameters" : [ ],
      "stepsCount" : 0,
      "attachmentsCount" : 0,
      "shouldDisplayMessage" : true,
      "hasContent" : true
    }, {
      "name" : "Then La palabra se actualiza y contiene la \"a\"",
      "time" : {
        "start" : 1702861472132,
        "stop" : 1702861472132,
        "duration" : 0
      },
      "status" : "skipped",
      "steps" : [ ],
      "attachments" : [ ],
      "parameters" : [ ],
      "stepsCount" : 0,
      "attachmentsCount" : 0,
      "shouldDisplayMessage" : false,
      "hasContent" : false
    }, {
      "name" : "And el numero de vidas debe ser 6",
      "time" : {
        "start" : 1702861472132,
        "stop" : 1702861472132,
        "duration" : 0
      },
      "status" : "skipped",
      "steps" : [ ],
      "attachments" : [ ],
      "parameters" : [ ],
      "stepsCount" : 0,
      "attachmentsCount" : 0,
      "shouldDisplayMessage" : false,
      "hasContent" : false
    }, {
      "name" : "And las letras incorrectas deben estar vacias",
      "time" : {
        "start" : 1702861472132,
        "stop" : 1702861472132,
        "duration" : 0
      },
      "status" : "skipped",
      "steps" : [ ],
      "attachments" : [ ],
      "parameters" : [ ],
      "stepsCount" : 0,
      "attachmentsCount" : 0,
      "shouldDisplayMessage" : false,
      "hasContent" : false
    } ],
    "attachments" : [ ],
    "parameters" : [ ],
    "stepsCount" : 5,
    "attachmentsCount" : 0,
    "shouldDisplayMessage" : false,
    "hasContent" : true
  },
  "afterStages" : [ ],
  "labels" : [ {
    "name" : "severity",
    "value" : "normal"
  }, {
    "name" : "feature",
    "value" : "Hangman Game"
  }, {
    "name" : "framework",
    "value" : "behave"
  }, {
    "name" : "language",
    "value" : "cpython3"
  }, {
    "name" : "resultFormat",
    "value" : "allure2"
  } ],
  "parameters" : [ {
    "name" : "letra",
    "value" : "a"
  } ],
  "links" : [ ],
  "hidden" : false,
  "retry" : false,
  "extra" : {
    "severity" : "normal",
    "retries" : [ {
      "uid" : "330b9bd139e6429e",
      "status" : "passed",
      "time" : {
        "start" : 1702262994508,
        "stop" : 1702262995517,
        "duration" : 1009
      }
    }, {
      "uid" : "a2adb678c1f989b1",
      "status" : "passed",
      "time" : {
        "start" : 1702261920205,
        "stop" : 1702261921743,
        "duration" : 1538
      }
    }, {
      "uid" : "7c14159b0a15f8e9",
      "status" : "passed",
      "time" : {
        "start" : 1702260733400,
        "stop" : 1702260734823,
        "duration" : 1423
      }
    }, {
      "uid" : "6ee97165c941e2ed",
      "status" : "passed",
      "time" : {
        "start" : 1702260248631,
        "stop" : 1702260249791,
        "duration" : 1160
      }
    }, {
      "uid" : "b14afae6f5ceedcb",
      "status" : "passed",
      "time" : {
        "start" : 1702257778298,
        "stop" : 1702257781211,
        "duration" : 2913
      }
    }, {
      "uid" : "749584b2685646f3",
      "status" : "passed",
      "time" : {
        "start" : 1702093007179,
        "stop" : 1702093008661,
        "duration" : 1482
      }
    }, {
      "uid" : "d70d3ca63e00994c",
      "status" : "broken",
      "statusDetails" : "selenium.common.exceptions.SessionNotCreatedException: Message: session not created: Chrome failed to start: exited normally.\n  (session not created: DevToolsActivePort file doesn't exist)\n  (The process started from chrome location /usr/bin/google-chrome is no longer running, so ChromeDriver is assuming that Chrome has crashed.)\nStacktrace:\n#0 0x563021ed65e3 <unknown>\n#1 0x563021b990b7 <unknown>\n#2 0x563021bcfe55 <unknown>\n#3 0x563021bccb81 <unknown>\n#4 0x563021c1747f <unknown>\n#5 0x563021c0dcc3 <unknown>\n#6 0x563021bd90e4 <unknown>\n#7 0x563021bda0ae <unknown>\n#8 0x563021e9cce1 <unknown>\n#9 0x563021ea0b7e <unknown>\n#10 0x563021e8a4b5 <unknown>\n#11 0x563021ea17d6 <unknown>\n#12 0x563021e6ddbf <unknown>\n#13 0x563021ec4748 <unknown>\n#14 0x563021ec4917 <unknown>\n#15 0x563021ed5773 <unknown>\n#16 0x7f35b4094ac3 <unknown>\n\n",
      "time" : {
        "start" : 1702088437610,
        "stop" : 1702088438276,
        "duration" : 666
      }
    }, {
      "uid" : "92746b833b9ddd3e",
      "status" : "passed",
      "time" : {
        "start" : 1701789456785,
        "stop" : 1701789463536,
        "duration" : 6751
      }
    } ],
    "categories" : [ {
      "name" : "Test defects",
      "matchedStatuses" : [ ],
      "flaky" : false
    } ],
    "history" : {
      "statistic" : {
        "failed" : 0,
        "broken" : 2,
        "skipped" : 0,
        "passed" : 6,
        "unknown" : 0,
        "total" : 8
      },
      "items" : [ {
        "uid" : "d50071f0a29890e8",
        "reportUrl" : "https://sofibuljubasich.github.io/Agiles/19/#testresult/d50071f0a29890e8",
        "status" : "passed",
        "time" : {
          "start" : 1702262994508,
          "stop" : 1702262995517,
          "duration" : 1009
        }
      }, {
        "uid" : "4b7242500ee96e4c",
        "reportUrl" : "https://sofibuljubasich.github.io/Agiles/18/#testresult/4b7242500ee96e4c",
        "status" : "passed",
        "time" : {
          "start" : 1702261920205,
          "stop" : 1702261921743,
          "duration" : 1538
        }
      }, {
        "uid" : "77b60ee1a4ab7d11",
        "reportUrl" : "https://sofibuljubasich.github.io/Agiles/17/#testresult/77b60ee1a4ab7d11",
        "status" : "passed",
        "time" : {
          "start" : 1702260733400,
          "stop" : 1702260734823,
          "duration" : 1423
        }
      }, {
        "uid" : "5a5cee67ac6ee0c2",
        "reportUrl" : "https://sofibuljubasich.github.io/Agiles/15/#testresult/5a5cee67ac6ee0c2",
        "status" : "passed",
        "time" : {
          "start" : 1702260248631,
          "stop" : 1702260249791,
          "duration" : 1160
        }
      }, {
        "uid" : "8aea97930b3d72a2",
        "reportUrl" : "https://sofibuljubasich.github.io/Agiles/12/#testresult/8aea97930b3d72a2",
        "status" : "passed",
        "time" : {
          "start" : 1702257778298,
          "stop" : 1702257781211,
          "duration" : 2913
        }
      }, {
        "uid" : "b8149d8b09e70adb",
        "reportUrl" : "https://sofibuljubasich.github.io/Agiles/11/#testresult/b8149d8b09e70adb",
        "status" : "passed",
        "time" : {
          "start" : 1702093007179,
          "stop" : 1702093008661,
          "duration" : 1482
        }
      }, {
        "uid" : "50148b6967ada2d6",
        "reportUrl" : "https://sofibuljubasich.github.io/Agiles/10/#testresult/50148b6967ada2d6",
        "status" : "broken",
        "statusDetails" : "selenium.common.exceptions.SessionNotCreatedException: Message: session not created: Chrome failed to start: exited normally.\n  (session not created: DevToolsActivePort file doesn't exist)\n  (The process started from chrome location /usr/bin/google-chrome is no longer running, so ChromeDriver is assuming that Chrome has crashed.)\nStacktrace:\n#0 0x563021ed65e3 <unknown>\n#1 0x563021b990b7 <unknown>\n#2 0x563021bcfe55 <unknown>\n#3 0x563021bccb81 <unknown>\n#4 0x563021c1747f <unknown>\n#5 0x563021c0dcc3 <unknown>\n#6 0x563021bd90e4 <unknown>\n#7 0x563021bda0ae <unknown>\n#8 0x563021e9cce1 <unknown>\n#9 0x563021ea0b7e <unknown>\n#10 0x563021e8a4b5 <unknown>\n#11 0x563021ea17d6 <unknown>\n#12 0x563021e6ddbf <unknown>\n#13 0x563021ec4748 <unknown>\n#14 0x563021ec4917 <unknown>\n#15 0x563021ed5773 <unknown>\n#16 0x7f35b4094ac3 <unknown>\n\n",
        "time" : {
          "start" : 1702088437610,
          "stop" : 1702088438276,
          "duration" : 666
        }
      } ]
    },
    "tags" : [ ]
  },
  "source" : "122adafcfbdf1a6.json",
  "parameterValues" : [ "a" ]
}