{
  "uid" : "3f567dece982cffe",
  "name" : "Reinicia el juego -- @1.2 ",
  "fullName" : "Hangman Game: Reinicia el juego",
  "historyId" : "6e906125b833356fca11b51f17de6622",
  "time" : {
    "start" : 1702861515871,
    "stop" : 1702861516622,
    "duration" : 751
  },
  "status" : "broken",
  "statusMessage" : "selenium.common.exceptions.NoSuchElementException: Message: no such element: Unable to locate element: {\"method\":\"css selector\",\"selector\":\"[name=\"input\"]\"}\n  (Session info: chrome-headless-shell=120.0.6099.71); For documentation on this error, please visit: https://www.selenium.dev/documentation/webdriver/troubleshooting/errors#no-such-element-exception\nStacktrace:\n#0 0x55abe13c2d33 <unknown>\n#1 0x55abe107ff87 <unknown>\n#2 0x55abe10cfc0e <unknown>\n#3 0x55abe10cfd11 <unknown>\n#4 0x55abe111b004 <unknown>\n#5 0x55abe10f936d <unknown>\n#6 0x55abe1118297 <unknown>\n#7 0x55abe10f90e3 <unknown>\n#8 0x55abe10c1044 <unknown>\n#9 0x55abe10c244e <unknown>\n#10 0x55abe1387861 <unknown>\n#11 0x55abe138b785 <unknown>\n#12 0x55abe1375285 <unknown>\n#13 0x55abe138c41f <unknown>\n#14 0x55abe135920f <unknown>\n#15 0x55abe13b0028 <unknown>\n#16 0x55abe13b01f7 <unknown>\n#17 0x55abe13c1ed4 <unknown>\n#18 0x7f0adac94ac3 <unknown>\n\n",
  "statusTrace" : "  File \"/opt/hostedtoolcache/Python/3.11.7/x64/lib/python3.11/site-packages/behave/model.py\", line 1329, in run\n    match.run(runner.context)\n  File \"/opt/hostedtoolcache/Python/3.11.7/x64/lib/python3.11/site-packages/behave/matchers.py\", line 98, in run\n    self.func(context, *args, **kwargs)\n  File \"UI-TESTS/steps/ahorcadosteps.py\", line 131, in ingresa_letra\n    elemento =  context.driver.find_element(By.NAME,\"input\")\n                ^^^^^^^^^^^^^^^^^^^^^^^^^^^^^^^^^^^^^^^^^^^^\n  File \"/opt/hostedtoolcache/Python/3.11.7/x64/lib/python3.11/site-packages/selenium/webdriver/remote/webdriver.py\", line 741, in find_element\n    return self.execute(Command.FIND_ELEMENT, {\"using\": by, \"value\": value})[\"value\"]\n           ^^^^^^^^^^^^^^^^^^^^^^^^^^^^^^^^^^^^^^^^^^^^^^^^^^^^^^^^^^^^^^^^^\n  File \"/opt/hostedtoolcache/Python/3.11.7/x64/lib/python3.11/site-packages/selenium/webdriver/remote/webdriver.py\", line 347, in execute\n    self.error_handler.check_response(response)\n  File \"/opt/hostedtoolcache/Python/3.11.7/x64/lib/python3.11/site-packages/selenium/webdriver/remote/errorhandler.py\", line 229, in check_response\n    raise exception_class(message, screen, stacktrace)\n",
  "flaky" : false,
  "newFailed" : false,
  "beforeStages" : [ ],
  "testStage" : {
    "status" : "broken",
    "statusMessage" : "selenium.common.exceptions.NoSuchElementException: Message: no such element: Unable to locate element: {\"method\":\"css selector\",\"selector\":\"[name=\"input\"]\"}\n  (Session info: chrome-headless-shell=120.0.6099.71); For documentation on this error, please visit: https://www.selenium.dev/documentation/webdriver/troubleshooting/errors#no-such-element-exception\nStacktrace:\n#0 0x55abe13c2d33 <unknown>\n#1 0x55abe107ff87 <unknown>\n#2 0x55abe10cfc0e <unknown>\n#3 0x55abe10cfd11 <unknown>\n#4 0x55abe111b004 <unknown>\n#5 0x55abe10f936d <unknown>\n#6 0x55abe1118297 <unknown>\n#7 0x55abe10f90e3 <unknown>\n#8 0x55abe10c1044 <unknown>\n#9 0x55abe10c244e <unknown>\n#10 0x55abe1387861 <unknown>\n#11 0x55abe138b785 <unknown>\n#12 0x55abe1375285 <unknown>\n#13 0x55abe138c41f <unknown>\n#14 0x55abe135920f <unknown>\n#15 0x55abe13b0028 <unknown>\n#16 0x55abe13b01f7 <unknown>\n#17 0x55abe13c1ed4 <unknown>\n#18 0x7f0adac94ac3 <unknown>\n\n",
    "statusTrace" : "  File \"/opt/hostedtoolcache/Python/3.11.7/x64/lib/python3.11/site-packages/behave/model.py\", line 1329, in run\n    match.run(runner.context)\n  File \"/opt/hostedtoolcache/Python/3.11.7/x64/lib/python3.11/site-packages/behave/matchers.py\", line 98, in run\n    self.func(context, *args, **kwargs)\n  File \"UI-TESTS/steps/ahorcadosteps.py\", line 131, in ingresa_letra\n    elemento =  context.driver.find_element(By.NAME,\"input\")\n                ^^^^^^^^^^^^^^^^^^^^^^^^^^^^^^^^^^^^^^^^^^^^\n  File \"/opt/hostedtoolcache/Python/3.11.7/x64/lib/python3.11/site-packages/selenium/webdriver/remote/webdriver.py\", line 741, in find_element\n    return self.execute(Command.FIND_ELEMENT, {\"using\": by, \"value\": value})[\"value\"]\n           ^^^^^^^^^^^^^^^^^^^^^^^^^^^^^^^^^^^^^^^^^^^^^^^^^^^^^^^^^^^^^^^^^\n  File \"/opt/hostedtoolcache/Python/3.11.7/x64/lib/python3.11/site-packages/selenium/webdriver/remote/webdriver.py\", line 347, in execute\n    self.error_handler.check_response(response)\n  File \"/opt/hostedtoolcache/Python/3.11.7/x64/lib/python3.11/site-packages/selenium/webdriver/remote/errorhandler.py\", line 229, in check_response\n    raise exception_class(message, screen, stacktrace)\n",
    "steps" : [ {
      "name" : "Given El jugador empieza el juego",
      "time" : {
        "start" : 1702861515872,
        "stop" : 1702861516609,
        "duration" : 737
      },
      "status" : "passed",
      "steps" : [ ],
      "attachments" : [ ],
      "parameters" : [ ],
      "stepsCount" : 0,
      "attachmentsCount" : 0,
      "shouldDisplayMessage" : false,
      "hasContent" : false
    }, {
      "name" : "And El jugador ingresa la letra \"x\"",
      "time" : {
        "start" : 1702861516609,
        "stop" : 1702861516621,
        "duration" : 12
      },
      "status" : "broken",
      "statusMessage" : "selenium.common.exceptions.NoSuchElementException: Message: no such element: Unable to locate element: {\"method\":\"css selector\",\"selector\":\"[name=\"input\"]\"}\n  (Session info: chrome-headless-shell=120.0.6099.71); For documentation on this error, please visit: https://www.selenium.dev/documentation/webdriver/troubleshooting/errors#no-such-element-exception\nStacktrace:\n#0 0x55abe13c2d33 <unknown>\n#1 0x55abe107ff87 <unknown>\n#2 0x55abe10cfc0e <unknown>\n#3 0x55abe10cfd11 <unknown>\n#4 0x55abe111b004 <unknown>\n#5 0x55abe10f936d <unknown>\n#6 0x55abe1118297 <unknown>\n#7 0x55abe10f90e3 <unknown>\n#8 0x55abe10c1044 <unknown>\n#9 0x55abe10c244e <unknown>\n#10 0x55abe1387861 <unknown>\n#11 0x55abe138b785 <unknown>\n#12 0x55abe1375285 <unknown>\n#13 0x55abe138c41f <unknown>\n#14 0x55abe135920f <unknown>\n#15 0x55abe13b0028 <unknown>\n#16 0x55abe13b01f7 <unknown>\n#17 0x55abe13c1ed4 <unknown>\n#18 0x7f0adac94ac3 <unknown>\n\n",
      "statusTrace" : "  File \"/opt/hostedtoolcache/Python/3.11.7/x64/lib/python3.11/site-packages/behave/model.py\", line 1329, in run\n    match.run(runner.context)\n  File \"/opt/hostedtoolcache/Python/3.11.7/x64/lib/python3.11/site-packages/behave/matchers.py\", line 98, in run\n    self.func(context, *args, **kwargs)\n  File \"UI-TESTS/steps/ahorcadosteps.py\", line 131, in ingresa_letra\n    elemento =  context.driver.find_element(By.NAME,\"input\")\n                ^^^^^^^^^^^^^^^^^^^^^^^^^^^^^^^^^^^^^^^^^^^^\n  File \"/opt/hostedtoolcache/Python/3.11.7/x64/lib/python3.11/site-packages/selenium/webdriver/remote/webdriver.py\", line 741, in find_element\n    return self.execute(Command.FIND_ELEMENT, {\"using\": by, \"value\": value})[\"value\"]\n           ^^^^^^^^^^^^^^^^^^^^^^^^^^^^^^^^^^^^^^^^^^^^^^^^^^^^^^^^^^^^^^^^^\n  File \"/opt/hostedtoolcache/Python/3.11.7/x64/lib/python3.11/site-packages/selenium/webdriver/remote/webdriver.py\", line 347, in execute\n    self.error_handler.check_response(response)\n  File \"/opt/hostedtoolcache/Python/3.11.7/x64/lib/python3.11/site-packages/selenium/webdriver/remote/errorhandler.py\", line 229, in check_response\n    raise exception_class(message, screen, stacktrace)\n",
      "steps" : [ ],
      "attachments" : [ ],
      "parameters" : [ ],
      "stepsCount" : 0,
      "attachmentsCount" : 0,
      "shouldDisplayMessage" : true,
      "hasContent" : true
    }, {
      "name" : "When El jugador reinicia el juego",
      "time" : {
        "start" : 1702861516622,
        "stop" : 1702861516622,
        "duration" : 0
      },
      "status" : "skipped",
      "steps" : [ ],
      "attachments" : [ ],
      "parameters" : [ ],
      "stepsCount" : 0,
      "attachmentsCount" : 0,
      "shouldDisplayMessage" : false,
      "hasContent" : false
    }, {
      "name" : "Then la palabra a adivinar debe mostrarse con guiones",
      "time" : {
        "start" : 1702861516622,
        "stop" : 1702861516622,
        "duration" : 0
      },
      "status" : "skipped",
      "steps" : [ ],
      "attachments" : [ ],
      "parameters" : [ ],
      "stepsCount" : 0,
      "attachmentsCount" : 0,
      "shouldDisplayMessage" : false,
      "hasContent" : false
    }, {
      "name" : "And el numero de vidas debe ser 6",
      "time" : {
        "start" : 1702861516622,
        "stop" : 1702861516622,
        "duration" : 0
      },
      "status" : "skipped",
      "steps" : [ ],
      "attachments" : [ ],
      "parameters" : [ ],
      "stepsCount" : 0,
      "attachmentsCount" : 0,
      "shouldDisplayMessage" : false,
      "hasContent" : false
    }, {
      "name" : "And las letras incorrectas deben estar vacias",
      "time" : {
        "start" : 1702861516622,
        "stop" : 1702861516622,
        "duration" : 0
      },
      "status" : "skipped",
      "steps" : [ ],
      "attachments" : [ ],
      "parameters" : [ ],
      "stepsCount" : 0,
      "attachmentsCount" : 0,
      "shouldDisplayMessage" : false,
      "hasContent" : false
    } ],
    "attachments" : [ ],
    "parameters" : [ ],
    "stepsCount" : 6,
    "attachmentsCount" : 0,
    "shouldDisplayMessage" : false,
    "hasContent" : true
  },
  "afterStages" : [ ],
  "labels" : [ {
    "name" : "severity",
    "value" : "normal"
  }, {
    "name" : "feature",
    "value" : "Hangman Game"
  }, {
    "name" : "framework",
    "value" : "behave"
  }, {
    "name" : "language",
    "value" : "cpython3"
  }, {
    "name" : "resultFormat",
    "value" : "allure2"
  } ],
  "parameters" : [ {
    "name" : "letra",
    "value" : "x"
  } ],
  "links" : [ ],
  "hidden" : false,
  "retry" : false,
  "extra" : {
    "severity" : "normal",
    "retries" : [ {
      "uid" : "7c6809ba43839111",
      "status" : "passed",
      "time" : {
        "start" : 1702263000752,
        "stop" : 1702263002233,
        "duration" : 1481
      }
    }, {
      "uid" : "7e425279caaf4f12",
      "status" : "passed",
      "time" : {
        "start" : 1702261933103,
        "stop" : 1702261934850,
        "duration" : 1747
      }
    }, {
      "uid" : "459711df2aab0b16",
      "status" : "passed",
      "time" : {
        "start" : 1702260740148,
        "stop" : 1702260741135,
        "duration" : 987
      }
    }, {
      "uid" : "2e1aee578f0c2510",
      "status" : "passed",
      "time" : {
        "start" : 1702260255306,
        "stop" : 1702260256416,
        "duration" : 1110
      }
    }, {
      "uid" : "d153e71b67bf6383",
      "status" : "passed",
      "time" : {
        "start" : 1702257791958,
        "stop" : 1702257794508,
        "duration" : 2550
      }
    }, {
      "uid" : "a2ba5cd356a877f0",
      "status" : "passed",
      "time" : {
        "start" : 1702093017131,
        "stop" : 1702093018687,
        "duration" : 1556
      }
    }, {
      "uid" : "57d841d5b33fbcf5",
      "status" : "broken",
      "statusDetails" : "selenium.common.exceptions.SessionNotCreatedException: Message: session not created: Chrome failed to start: exited normally.\n  (session not created: DevToolsActivePort file doesn't exist)\n  (The process started from chrome location /usr/bin/google-chrome is no longer running, so ChromeDriver is assuming that Chrome has crashed.)\nStacktrace:\n#0 0x564b77d1f5e3 <unknown>\n#1 0x564b779e20b7 <unknown>\n#2 0x564b77a18e55 <unknown>\n#3 0x564b77a15b81 <unknown>\n#4 0x564b77a6047f <unknown>\n#5 0x564b77a56cc3 <unknown>\n#6 0x564b77a220e4 <unknown>\n#7 0x564b77a230ae <unknown>\n#8 0x564b77ce5ce1 <unknown>\n#9 0x564b77ce9b7e <unknown>\n#10 0x564b77cd34b5 <unknown>\n#11 0x564b77cea7d6 <unknown>\n#12 0x564b77cb6dbf <unknown>\n#13 0x564b77d0d748 <unknown>\n#14 0x564b77d0d917 <unknown>\n#15 0x564b77d1e773 <unknown>\n#16 0x7f0fc4c94ac3 <unknown>\n\n",
      "time" : {
        "start" : 1702088441591,
        "stop" : 1702088442254,
        "duration" : 663
      }
    }, {
      "uid" : "2a9401a1df1083da",
      "status" : "passed",
      "time" : {
        "start" : 1701789505542,
        "stop" : 1701789513913,
        "duration" : 8371
      }
    } ],
    "categories" : [ {
      "name" : "Test defects",
      "matchedStatuses" : [ ],
      "flaky" : false
    } ],
    "history" : {
      "statistic" : {
        "failed" : 0,
        "broken" : 2,
        "skipped" : 0,
        "passed" : 6,
        "unknown" : 0,
        "total" : 8
      },
      "items" : [ {
        "uid" : "c42733a86fd300b8",
        "reportUrl" : "https://sofibuljubasich.github.io/Agiles/19/#testresult/c42733a86fd300b8",
        "status" : "passed",
        "time" : {
          "start" : 1702263000752,
          "stop" : 1702263002233,
          "duration" : 1481
        }
      }, {
        "uid" : "66934ffba89bd1a3",
        "reportUrl" : "https://sofibuljubasich.github.io/Agiles/18/#testresult/66934ffba89bd1a3",
        "status" : "passed",
        "time" : {
          "start" : 1702261933103,
          "stop" : 1702261934850,
          "duration" : 1747
        }
      }, {
        "uid" : "e5da41392cd280b6",
        "reportUrl" : "https://sofibuljubasich.github.io/Agiles/17/#testresult/e5da41392cd280b6",
        "status" : "passed",
        "time" : {
          "start" : 1702260740148,
          "stop" : 1702260741135,
          "duration" : 987
        }
      }, {
        "uid" : "ae7b2c78956c1ca2",
        "reportUrl" : "https://sofibuljubasich.github.io/Agiles/15/#testresult/ae7b2c78956c1ca2",
        "status" : "passed",
        "time" : {
          "start" : 1702260255306,
          "stop" : 1702260256416,
          "duration" : 1110
        }
      }, {
        "uid" : "7555203c897c745",
        "reportUrl" : "https://sofibuljubasich.github.io/Agiles/12/#testresult/7555203c897c745",
        "status" : "passed",
        "time" : {
          "start" : 1702257791958,
          "stop" : 1702257794508,
          "duration" : 2550
        }
      }, {
        "uid" : "72f6251cf7377571",
        "reportUrl" : "https://sofibuljubasich.github.io/Agiles/11/#testresult/72f6251cf7377571",
        "status" : "passed",
        "time" : {
          "start" : 1702093017131,
          "stop" : 1702093018687,
          "duration" : 1556
        }
      }, {
        "uid" : "ec420f1ab3c147cd",
        "reportUrl" : "https://sofibuljubasich.github.io/Agiles/10/#testresult/ec420f1ab3c147cd",
        "status" : "broken",
        "statusDetails" : "selenium.common.exceptions.SessionNotCreatedException: Message: session not created: Chrome failed to start: exited normally.\n  (session not created: DevToolsActivePort file doesn't exist)\n  (The process started from chrome location /usr/bin/google-chrome is no longer running, so ChromeDriver is assuming that Chrome has crashed.)\nStacktrace:\n#0 0x564b77d1f5e3 <unknown>\n#1 0x564b779e20b7 <unknown>\n#2 0x564b77a18e55 <unknown>\n#3 0x564b77a15b81 <unknown>\n#4 0x564b77a6047f <unknown>\n#5 0x564b77a56cc3 <unknown>\n#6 0x564b77a220e4 <unknown>\n#7 0x564b77a230ae <unknown>\n#8 0x564b77ce5ce1 <unknown>\n#9 0x564b77ce9b7e <unknown>\n#10 0x564b77cd34b5 <unknown>\n#11 0x564b77cea7d6 <unknown>\n#12 0x564b77cb6dbf <unknown>\n#13 0x564b77d0d748 <unknown>\n#14 0x564b77d0d917 <unknown>\n#15 0x564b77d1e773 <unknown>\n#16 0x7f0fc4c94ac3 <unknown>\n\n",
        "time" : {
          "start" : 1702088441591,
          "stop" : 1702088442254,
          "duration" : 663
        }
      } ]
    },
    "tags" : [ ]
  },
  "source" : "3f567dece982cffe.json",
  "parameterValues" : [ "x" ]
}