{
  "uid" : "83131e872cc3ee2b",
  "name" : "Empezar nuevo juego",
  "fullName" : "Hangman Game: Empezar nuevo juego",
  "historyId" : "79703f8fdb9105f473f387b9abb51432",
  "time" : {
    "start" : 1702861461196,
    "stop" : 1702861471373,
    "duration" : 10177
  },
  "status" : "broken",
  "statusMessage" : "selenium.common.exceptions.NoSuchElementException: Message: no such element: Unable to locate element: {\"method\":\"css selector\",\"selector\":\"[id=\"palabraAhorcado\"]\"}\n  (Session info: chrome-headless-shell=120.0.6099.71); For documentation on this error, please visit: https://www.selenium.dev/documentation/webdriver/troubleshooting/errors#no-such-element-exception\nStacktrace:\n#0 0x5627102a6d33 <unknown>\n#1 0x56270ff63f87 <unknown>\n#2 0x56270ffb3c0e <unknown>\n#3 0x56270ffb3d11 <unknown>\n#4 0x56270ffff004 <unknown>\n#5 0x56270ffdd36d <unknown>\n#6 0x56270fffc297 <unknown>\n#7 0x56270ffdd0e3 <unknown>\n#8 0x56270ffa5044 <unknown>\n#9 0x56270ffa644e <unknown>\n#10 0x56271026b861 <unknown>\n#11 0x56271026f785 <unknown>\n#12 0x562710259285 <unknown>\n#13 0x56271027041f <unknown>\n#14 0x56271023d20f <unknown>\n#15 0x562710294028 <unknown>\n#16 0x5627102941f7 <unknown>\n#17 0x5627102a5ed4 <unknown>\n#18 0x7f0841094ac3 <unknown>\n\n",
  "statusTrace" : "  File \"/opt/hostedtoolcache/Python/3.11.7/x64/lib/python3.11/site-packages/behave/model.py\", line 1329, in run\n    match.run(runner.context)\n  File \"/opt/hostedtoolcache/Python/3.11.7/x64/lib/python3.11/site-packages/behave/matchers.py\", line 98, in run\n    self.func(context, *args, **kwargs)\n  File \"UI-TESTS/steps/ahorcadosteps.py\", line 25, in palabra_con_guiones\n    texto = context.driver.find_element(By.ID,'palabraAhorcado').text\n          ^^^^^^^^^^^^^^^^^^^^^^^^^^^^^^^^^^^^^^^^^^^^^^^^^^^^\n  File \"/opt/hostedtoolcache/Python/3.11.7/x64/lib/python3.11/site-packages/selenium/webdriver/remote/webdriver.py\", line 741, in find_element\n    return self.execute(Command.FIND_ELEMENT, {\"using\": by, \"value\": value})[\"value\"]\n           ^^^^^^^^^^^^^^^^^^^^^^^^^^^^^^^^^^^^^^^^^^^^^^^^^^^^^^^^^^^^^^^^^\n  File \"/opt/hostedtoolcache/Python/3.11.7/x64/lib/python3.11/site-packages/selenium/webdriver/remote/webdriver.py\", line 347, in execute\n    self.error_handler.check_response(response)\n  File \"/opt/hostedtoolcache/Python/3.11.7/x64/lib/python3.11/site-packages/selenium/webdriver/remote/errorhandler.py\", line 229, in check_response\n    raise exception_class(message, screen, stacktrace)\n",
  "flaky" : false,
  "newFailed" : false,
  "beforeStages" : [ ],
  "testStage" : {
    "status" : "broken",
    "statusMessage" : "selenium.common.exceptions.NoSuchElementException: Message: no such element: Unable to locate element: {\"method\":\"css selector\",\"selector\":\"[id=\"palabraAhorcado\"]\"}\n  (Session info: chrome-headless-shell=120.0.6099.71); For documentation on this error, please visit: https://www.selenium.dev/documentation/webdriver/troubleshooting/errors#no-such-element-exception\nStacktrace:\n#0 0x5627102a6d33 <unknown>\n#1 0x56270ff63f87 <unknown>\n#2 0x56270ffb3c0e <unknown>\n#3 0x56270ffb3d11 <unknown>\n#4 0x56270ffff004 <unknown>\n#5 0x56270ffdd36d <unknown>\n#6 0x56270fffc297 <unknown>\n#7 0x56270ffdd0e3 <unknown>\n#8 0x56270ffa5044 <unknown>\n#9 0x56270ffa644e <unknown>\n#10 0x56271026b861 <unknown>\n#11 0x56271026f785 <unknown>\n#12 0x562710259285 <unknown>\n#13 0x56271027041f <unknown>\n#14 0x56271023d20f <unknown>\n#15 0x562710294028 <unknown>\n#16 0x5627102941f7 <unknown>\n#17 0x5627102a5ed4 <unknown>\n#18 0x7f0841094ac3 <unknown>\n\n",
    "statusTrace" : "  File \"/opt/hostedtoolcache/Python/3.11.7/x64/lib/python3.11/site-packages/behave/model.py\", line 1329, in run\n    match.run(runner.context)\n  File \"/opt/hostedtoolcache/Python/3.11.7/x64/lib/python3.11/site-packages/behave/matchers.py\", line 98, in run\n    self.func(context, *args, **kwargs)\n  File \"UI-TESTS/steps/ahorcadosteps.py\", line 25, in palabra_con_guiones\n    texto = context.driver.find_element(By.ID,'palabraAhorcado').text\n          ^^^^^^^^^^^^^^^^^^^^^^^^^^^^^^^^^^^^^^^^^^^^^^^^^^^^\n  File \"/opt/hostedtoolcache/Python/3.11.7/x64/lib/python3.11/site-packages/selenium/webdriver/remote/webdriver.py\", line 741, in find_element\n    return self.execute(Command.FIND_ELEMENT, {\"using\": by, \"value\": value})[\"value\"]\n           ^^^^^^^^^^^^^^^^^^^^^^^^^^^^^^^^^^^^^^^^^^^^^^^^^^^^^^^^^^^^^^^^^\n  File \"/opt/hostedtoolcache/Python/3.11.7/x64/lib/python3.11/site-packages/selenium/webdriver/remote/webdriver.py\", line 347, in execute\n    self.error_handler.check_response(response)\n  File \"/opt/hostedtoolcache/Python/3.11.7/x64/lib/python3.11/site-packages/selenium/webdriver/remote/errorhandler.py\", line 229, in check_response\n    raise exception_class(message, screen, stacktrace)\n",
    "steps" : [ {
      "name" : "Given Ingreso a la pagina del juego",
      "time" : {
        "start" : 1702861461196,
        "stop" : 1702861470733,
        "duration" : 9537
      },
      "status" : "passed",
      "steps" : [ ],
      "attachments" : [ ],
      "parameters" : [ ],
      "stepsCount" : 0,
      "attachmentsCount" : 0,
      "shouldDisplayMessage" : false,
      "hasContent" : false
    }, {
      "name" : "When Comienza el juego",
      "time" : {
        "start" : 1702861470734,
        "stop" : 1702861471246,
        "duration" : 512
      },
      "status" : "passed",
      "steps" : [ ],
      "attachments" : [ ],
      "parameters" : [ ],
      "stepsCount" : 0,
      "attachmentsCount" : 0,
      "shouldDisplayMessage" : false,
      "hasContent" : false
    }, {
      "name" : "Then la palabra a adivinar debe mostrarse con guiones",
      "time" : {
        "start" : 1702861471246,
        "stop" : 1702861471372,
        "duration" : 126
      },
      "status" : "broken",
      "statusMessage" : "selenium.common.exceptions.NoSuchElementException: Message: no such element: Unable to locate element: {\"method\":\"css selector\",\"selector\":\"[id=\"palabraAhorcado\"]\"}\n  (Session info: chrome-headless-shell=120.0.6099.71); For documentation on this error, please visit: https://www.selenium.dev/documentation/webdriver/troubleshooting/errors#no-such-element-exception\nStacktrace:\n#0 0x5627102a6d33 <unknown>\n#1 0x56270ff63f87 <unknown>\n#2 0x56270ffb3c0e <unknown>\n#3 0x56270ffb3d11 <unknown>\n#4 0x56270ffff004 <unknown>\n#5 0x56270ffdd36d <unknown>\n#6 0x56270fffc297 <unknown>\n#7 0x56270ffdd0e3 <unknown>\n#8 0x56270ffa5044 <unknown>\n#9 0x56270ffa644e <unknown>\n#10 0x56271026b861 <unknown>\n#11 0x56271026f785 <unknown>\n#12 0x562710259285 <unknown>\n#13 0x56271027041f <unknown>\n#14 0x56271023d20f <unknown>\n#15 0x562710294028 <unknown>\n#16 0x5627102941f7 <unknown>\n#17 0x5627102a5ed4 <unknown>\n#18 0x7f0841094ac3 <unknown>\n\n",
      "statusTrace" : "  File \"/opt/hostedtoolcache/Python/3.11.7/x64/lib/python3.11/site-packages/behave/model.py\", line 1329, in run\n    match.run(runner.context)\n  File \"/opt/hostedtoolcache/Python/3.11.7/x64/lib/python3.11/site-packages/behave/matchers.py\", line 98, in run\n    self.func(context, *args, **kwargs)\n  File \"UI-TESTS/steps/ahorcadosteps.py\", line 25, in palabra_con_guiones\n    texto = context.driver.find_element(By.ID,'palabraAhorcado').text\n          ^^^^^^^^^^^^^^^^^^^^^^^^^^^^^^^^^^^^^^^^^^^^^^^^^^^^\n  File \"/opt/hostedtoolcache/Python/3.11.7/x64/lib/python3.11/site-packages/selenium/webdriver/remote/webdriver.py\", line 741, in find_element\n    return self.execute(Command.FIND_ELEMENT, {\"using\": by, \"value\": value})[\"value\"]\n           ^^^^^^^^^^^^^^^^^^^^^^^^^^^^^^^^^^^^^^^^^^^^^^^^^^^^^^^^^^^^^^^^^\n  File \"/opt/hostedtoolcache/Python/3.11.7/x64/lib/python3.11/site-packages/selenium/webdriver/remote/webdriver.py\", line 347, in execute\n    self.error_handler.check_response(response)\n  File \"/opt/hostedtoolcache/Python/3.11.7/x64/lib/python3.11/site-packages/selenium/webdriver/remote/errorhandler.py\", line 229, in check_response\n    raise exception_class(message, screen, stacktrace)\n",
      "steps" : [ ],
      "attachments" : [ ],
      "parameters" : [ ],
      "stepsCount" : 0,
      "attachmentsCount" : 0,
      "shouldDisplayMessage" : true,
      "hasContent" : true
    }, {
      "name" : "And el numero de vidas debe ser 6",
      "time" : {
        "start" : 1702861471373,
        "stop" : 1702861471373,
        "duration" : 0
      },
      "status" : "skipped",
      "steps" : [ ],
      "attachments" : [ ],
      "parameters" : [ ],
      "stepsCount" : 0,
      "attachmentsCount" : 0,
      "shouldDisplayMessage" : false,
      "hasContent" : false
    }, {
      "name" : "And las letras incorrectas deben estar vacias",
      "time" : {
        "start" : 1702861471373,
        "stop" : 1702861471373,
        "duration" : 0
      },
      "status" : "skipped",
      "steps" : [ ],
      "attachments" : [ ],
      "parameters" : [ ],
      "stepsCount" : 0,
      "attachmentsCount" : 0,
      "shouldDisplayMessage" : false,
      "hasContent" : false
    } ],
    "attachments" : [ ],
    "parameters" : [ ],
    "stepsCount" : 5,
    "attachmentsCount" : 0,
    "shouldDisplayMessage" : false,
    "hasContent" : true
  },
  "afterStages" : [ ],
  "labels" : [ {
    "name" : "severity",
    "value" : "normal"
  }, {
    "name" : "feature",
    "value" : "Hangman Game"
  }, {
    "name" : "framework",
    "value" : "behave"
  }, {
    "name" : "language",
    "value" : "cpython3"
  }, {
    "name" : "resultFormat",
    "value" : "allure2"
  } ],
  "parameters" : [ ],
  "links" : [ ],
  "hidden" : false,
  "retry" : false,
  "extra" : {
    "severity" : "normal",
    "retries" : [ {
      "uid" : "913c0e131f967be1",
      "status" : "passed",
      "time" : {
        "start" : 1702262992934,
        "stop" : 1702262994507,
        "duration" : 1573
      }
    }, {
      "uid" : "5a5a3a770c9cd441",
      "status" : "passed",
      "time" : {
        "start" : 1702261913410,
        "stop" : 1702261920204,
        "duration" : 6794
      }
    }, {
      "uid" : "3684c5c328040de2",
      "status" : "passed",
      "time" : {
        "start" : 1702260719776,
        "stop" : 1702260733399,
        "duration" : 13623
      }
    }, {
      "uid" : "3d1c2608378e034a",
      "status" : "passed",
      "time" : {
        "start" : 1702260241533,
        "stop" : 1702260248631,
        "duration" : 7098
      }
    }, {
      "uid" : "3994475e242f4c99",
      "status" : "passed",
      "time" : {
        "start" : 1702257693223,
        "stop" : 1702257778297,
        "duration" : 85074
      }
    }, {
      "uid" : "a70f341e0328f36",
      "status" : "passed",
      "time" : {
        "start" : 1702092934967,
        "stop" : 1702093007178,
        "duration" : 72211
      }
    }, {
      "uid" : "6e7968486fd3b627",
      "status" : "broken",
      "statusDetails" : "selenium.common.exceptions.SessionNotCreatedException: Message: session not created: Chrome failed to start: exited normally.\n  (session not created: DevToolsActivePort file doesn't exist)\n  (The process started from chrome location /usr/bin/google-chrome is no longer running, so ChromeDriver is assuming that Chrome has crashed.)\nStacktrace:\n#0 0x564714cfb5e3 <unknown>\n#1 0x5647149be0b7 <unknown>\n#2 0x5647149f4e55 <unknown>\n#3 0x5647149f1b81 <unknown>\n#4 0x564714a3c47f <unknown>\n#5 0x564714a32cc3 <unknown>\n#6 0x5647149fe0e4 <unknown>\n#7 0x5647149ff0ae <unknown>\n#8 0x564714cc1ce1 <unknown>\n#9 0x564714cc5b7e <unknown>\n#10 0x564714caf4b5 <unknown>\n#11 0x564714cc67d6 <unknown>\n#12 0x564714c92dbf <unknown>\n#13 0x564714ce9748 <unknown>\n#14 0x564714ce9917 <unknown>\n#15 0x564714cfa773 <unknown>\n#16 0x7f8dcce94ac3 <unknown>\n\n",
      "time" : {
        "start" : 1702088432603,
        "stop" : 1702088437609,
        "duration" : 5006
      }
    }, {
      "uid" : "4f267cad4f35d046",
      "status" : "passed",
      "time" : {
        "start" : 1701789446515,
        "stop" : 1701789456785,
        "duration" : 10270
      }
    } ],
    "categories" : [ {
      "name" : "Test defects",
      "matchedStatuses" : [ ],
      "flaky" : false
    } ],
    "history" : {
      "statistic" : {
        "failed" : 0,
        "broken" : 2,
        "skipped" : 0,
        "passed" : 6,
        "unknown" : 0,
        "total" : 8
      },
      "items" : [ {
        "uid" : "e81db6911d572a68",
        "reportUrl" : "https://sofibuljubasich.github.io/Agiles/19/#testresult/e81db6911d572a68",
        "status" : "passed",
        "time" : {
          "start" : 1702262992934,
          "stop" : 1702262994507,
          "duration" : 1573
        }
      }, {
        "uid" : "d75a83fea8b6985a",
        "reportUrl" : "https://sofibuljubasich.github.io/Agiles/18/#testresult/d75a83fea8b6985a",
        "status" : "passed",
        "time" : {
          "start" : 1702261913410,
          "stop" : 1702261920204,
          "duration" : 6794
        }
      }, {
        "uid" : "d0583093d0074568",
        "reportUrl" : "https://sofibuljubasich.github.io/Agiles/17/#testresult/d0583093d0074568",
        "status" : "passed",
        "time" : {
          "start" : 1702260719776,
          "stop" : 1702260733399,
          "duration" : 13623
        }
      }, {
        "uid" : "296930c12a572887",
        "reportUrl" : "https://sofibuljubasich.github.io/Agiles/15/#testresult/296930c12a572887",
        "status" : "passed",
        "time" : {
          "start" : 1702260241533,
          "stop" : 1702260248631,
          "duration" : 7098
        }
      }, {
        "uid" : "40e07ef57f6f8e40",
        "reportUrl" : "https://sofibuljubasich.github.io/Agiles/12/#testresult/40e07ef57f6f8e40",
        "status" : "passed",
        "time" : {
          "start" : 1702257693223,
          "stop" : 1702257778297,
          "duration" : 85074
        }
      }, {
        "uid" : "d93e29f11e1e84d5",
        "reportUrl" : "https://sofibuljubasich.github.io/Agiles/11/#testresult/d93e29f11e1e84d5",
        "status" : "passed",
        "time" : {
          "start" : 1702092934967,
          "stop" : 1702093007178,
          "duration" : 72211
        }
      }, {
        "uid" : "1d141d9d8a36a6ee",
        "reportUrl" : "https://sofibuljubasich.github.io/Agiles/10/#testresult/1d141d9d8a36a6ee",
        "status" : "broken",
        "statusDetails" : "selenium.common.exceptions.SessionNotCreatedException: Message: session not created: Chrome failed to start: exited normally.\n  (session not created: DevToolsActivePort file doesn't exist)\n  (The process started from chrome location /usr/bin/google-chrome is no longer running, so ChromeDriver is assuming that Chrome has crashed.)\nStacktrace:\n#0 0x564714cfb5e3 <unknown>\n#1 0x5647149be0b7 <unknown>\n#2 0x5647149f4e55 <unknown>\n#3 0x5647149f1b81 <unknown>\n#4 0x564714a3c47f <unknown>\n#5 0x564714a32cc3 <unknown>\n#6 0x5647149fe0e4 <unknown>\n#7 0x5647149ff0ae <unknown>\n#8 0x564714cc1ce1 <unknown>\n#9 0x564714cc5b7e <unknown>\n#10 0x564714caf4b5 <unknown>\n#11 0x564714cc67d6 <unknown>\n#12 0x564714c92dbf <unknown>\n#13 0x564714ce9748 <unknown>\n#14 0x564714ce9917 <unknown>\n#15 0x564714cfa773 <unknown>\n#16 0x7f8dcce94ac3 <unknown>\n\n",
        "time" : {
          "start" : 1702088432603,
          "stop" : 1702088437609,
          "duration" : 5006
        }
      } ]
    },
    "tags" : [ ]
  },
  "source" : "83131e872cc3ee2b.json",
  "parameterValues" : [ ]
}