{
  "uid" : "bfdf7683d29c99b1",
  "name" : "Pierde el juego",
  "fullName" : "Hangman Game: Pierde el juego",
  "historyId" : "c23f7c6a63069ce8b6a84276883333a8",
  "time" : {
    "start" : 1708655964880,
    "stop" : 1708655966823,
    "duration" : 1943
  },
  "status" : "passed",
  "flaky" : false,
  "newFailed" : false,
  "beforeStages" : [ ],
  "testStage" : {
    "status" : "passed",
    "steps" : [ {
      "name" : "Given El jugador empieza el juego",
      "time" : {
        "start" : 1708655964880,
        "stop" : 1708655965803,
        "duration" : 923
      },
      "status" : "passed",
      "steps" : [ ],
      "attachments" : [ ],
      "parameters" : [ ],
      "stepsCount" : 0,
      "attachmentsCount" : 0,
      "shouldDisplayMessage" : false,
      "hasContent" : false
    }, {
      "name" : "When El jugador ingresa 6 caracteres incorrectos",
      "time" : {
        "start" : 1708655965803,
        "stop" : 1708655966734,
        "duration" : 931
      },
      "status" : "passed",
      "steps" : [ ],
      "attachments" : [ ],
      "parameters" : [ ],
      "stepsCount" : 0,
      "attachmentsCount" : 0,
      "shouldDisplayMessage" : false,
      "hasContent" : false
    }, {
      "name" : "Then Pierde el juego",
      "time" : {
        "start" : 1708655966734,
        "stop" : 1708655966738,
        "duration" : 4
      },
      "status" : "passed",
      "steps" : [ ],
      "attachments" : [ ],
      "parameters" : [ ],
      "stepsCount" : 0,
      "attachmentsCount" : 0,
      "shouldDisplayMessage" : false,
      "hasContent" : false
    }, {
      "name" : "Then Muestra el mensaje de que perdio con la palabra a adivinar",
      "time" : {
        "start" : 1708655966738,
        "stop" : 1708655966768,
        "duration" : 30
      },
      "status" : "passed",
      "steps" : [ ],
      "attachments" : [ ],
      "parameters" : [ ],
      "stepsCount" : 0,
      "attachmentsCount" : 0,
      "shouldDisplayMessage" : false,
      "hasContent" : false
    } ],
    "attachments" : [ ],
    "parameters" : [ ],
    "stepsCount" : 4,
    "attachmentsCount" : 0,
    "shouldDisplayMessage" : false,
    "hasContent" : true
  },
  "afterStages" : [ ],
  "labels" : [ {
    "name" : "severity",
    "value" : "normal"
  }, {
    "name" : "feature",
    "value" : "Hangman Game"
  }, {
    "name" : "framework",
    "value" : "behave"
  }, {
    "name" : "language",
    "value" : "cpython3"
  }, {
    "name" : "resultFormat",
    "value" : "allure2"
  } ],
  "parameters" : [ ],
  "links" : [ ],
  "hidden" : false,
  "retry" : false,
  "extra" : {
    "severity" : "normal",
    "retries" : [ {
      "uid" : "ac66f19c3b01c74c",
      "status" : "passed",
      "time" : {
        "start" : 1708653642919,
        "stop" : 1708653644298,
        "duration" : 1379
      }
    }, {
      "uid" : "3f0359e1d89227e3",
      "status" : "passed",
      "time" : {
        "start" : 1708467308288,
        "stop" : 1708467309804,
        "duration" : 1516
      }
    }, {
      "uid" : "95ed0a2645e47730",
      "status" : "passed",
      "time" : {
        "start" : 1708385814111,
        "stop" : 1708385815592,
        "duration" : 1481
      }
    }, {
      "uid" : "44d27e99b509b0b7",
      "status" : "broken",
      "statusDetails" : "selenium.common.exceptions.NoSuchElementException: Message: no such element: Unable to locate element: {\"method\":\"css selector\",\"selector\":\"[name=\"input\"]\"}\n  (Session info: chrome-headless-shell=120.0.6099.71); For documentation on this error, please visit: https://www.selenium.dev/documentation/webdriver/troubleshooting/errors#no-such-element-exception\nStacktrace:\n#0 0x55976ecced33 <unknown>\n#1 0x55976e98bf87 <unknown>\n#2 0x55976e9dbc0e <unknown>\n#3 0x55976e9dbd11 <unknown>\n#4 0x55976ea27004 <unknown>\n#5 0x55976ea0536d <unknown>\n#6 0x55976ea24297 <unknown>\n#7 0x55976ea050e3 <unknown>\n#8 0x55976e9cd044 <unknown>\n#9 0x55976e9ce44e <unknown>\n#10 0x55976ec93861 <unknown>\n#11 0x55976ec97785 <unknown>\n#12 0x55976ec81285 <unknown>\n#13 0x55976ec9841f <unknown>\n#14 0x55976ec6520f <unknown>\n#15 0x55976ecbc028 <unknown>\n#16 0x55976ecbc1f7 <unknown>\n#17 0x55976eccded4 <unknown>\n#18 0x7f2042c94ac3 <unknown>\n\n",
      "time" : {
        "start" : 1702861474350,
        "stop" : 1702861515122,
        "duration" : 40772
      }
    }, {
      "uid" : "bc9380af59bc8525",
      "status" : "passed",
      "time" : {
        "start" : 1702262998334,
        "stop" : 1702262999757,
        "duration" : 1423
      }
    }, {
      "uid" : "d77e421c4a445c7a",
      "status" : "passed",
      "time" : {
        "start" : 1702261926582,
        "stop" : 1702261929877,
        "duration" : 3295
      }
    }, {
      "uid" : "889d10b7cd9bf12c",
      "status" : "passed",
      "time" : {
        "start" : 1702260737684,
        "stop" : 1702260739139,
        "duration" : 1455
      }
    }, {
      "uid" : "c7861049673570cb",
      "status" : "passed",
      "time" : {
        "start" : 1702260252708,
        "stop" : 1702260254248,
        "duration" : 1540
      }
    }, {
      "uid" : "73afb6cd7a7536c",
      "status" : "passed",
      "time" : {
        "start" : 1702257786587,
        "stop" : 1702257790168,
        "duration" : 3581
      }
    }, {
      "uid" : "ff55e7f5f0b1b788",
      "status" : "passed",
      "time" : {
        "start" : 1702093013012,
        "stop" : 1702093015595,
        "duration" : 2583
      }
    }, {
      "uid" : "62b8de443adaf37e",
      "status" : "broken",
      "statusDetails" : "selenium.common.exceptions.SessionNotCreatedException: Message: session not created: Chrome failed to start: exited normally.\n  (session not created: DevToolsActivePort file doesn't exist)\n  (The process started from chrome location /usr/bin/google-chrome is no longer running, so ChromeDriver is assuming that Chrome has crashed.)\nStacktrace:\n#0 0x55bfc8d9b5e3 <unknown>\n#1 0x55bfc8a5e0b7 <unknown>\n#2 0x55bfc8a94e55 <unknown>\n#3 0x55bfc8a91b81 <unknown>\n#4 0x55bfc8adc47f <unknown>\n#5 0x55bfc8ad2cc3 <unknown>\n#6 0x55bfc8a9e0e4 <unknown>\n#7 0x55bfc8a9f0ae <unknown>\n#8 0x55bfc8d61ce1 <unknown>\n#9 0x55bfc8d65b7e <unknown>\n#10 0x55bfc8d4f4b5 <unknown>\n#11 0x55bfc8d667d6 <unknown>\n#12 0x55bfc8d32dbf <unknown>\n#13 0x55bfc8d89748 <unknown>\n#14 0x55bfc8d89917 <unknown>\n#15 0x55bfc8d9a773 <unknown>\n#16 0x7fe222494ac3 <unknown>\n\n",
      "time" : {
        "start" : 1702088440265,
        "stop" : 1702088440928,
        "duration" : 663
      }
    }, {
      "uid" : "740709940da91ed9",
      "status" : "passed",
      "time" : {
        "start" : 1701789485064,
        "stop" : 1701789497750,
        "duration" : 12686
      }
    } ],
    "categories" : [ ],
    "history" : {
      "statistic" : {
        "failed" : 0,
        "broken" : 2,
        "skipped" : 0,
        "passed" : 10,
        "unknown" : 0,
        "total" : 12
      },
      "items" : [ {
        "uid" : "dda6d52bfd300ed2",
        "reportUrl" : "https://sofibuljubasich.github.io/Agiles/24/#testresult/dda6d52bfd300ed2",
        "status" : "passed",
        "time" : {
          "start" : 1708653642919,
          "stop" : 1708653644298,
          "duration" : 1379
        }
      }, {
        "uid" : "b6262d0053e8e9e5",
        "reportUrl" : "https://sofibuljubasich.github.io/Agiles/23/#testresult/b6262d0053e8e9e5",
        "status" : "passed",
        "time" : {
          "start" : 1708467308288,
          "stop" : 1708467309804,
          "duration" : 1516
        }
      }, {
        "uid" : "be0eb7b2bed2bb9a",
        "reportUrl" : "https://sofibuljubasich.github.io/Agiles/22/#testresult/be0eb7b2bed2bb9a",
        "status" : "passed",
        "time" : {
          "start" : 1708385814111,
          "stop" : 1708385815592,
          "duration" : 1481
        }
      }, {
        "uid" : "a0bb75617913c365",
        "reportUrl" : "https://sofibuljubasich.github.io/Agiles/20/#testresult/a0bb75617913c365",
        "status" : "broken",
        "statusDetails" : "selenium.common.exceptions.NoSuchElementException: Message: no such element: Unable to locate element: {\"method\":\"css selector\",\"selector\":\"[name=\"input\"]\"}\n  (Session info: chrome-headless-shell=120.0.6099.71); For documentation on this error, please visit: https://www.selenium.dev/documentation/webdriver/troubleshooting/errors#no-such-element-exception\nStacktrace:\n#0 0x55976ecced33 <unknown>\n#1 0x55976e98bf87 <unknown>\n#2 0x55976e9dbc0e <unknown>\n#3 0x55976e9dbd11 <unknown>\n#4 0x55976ea27004 <unknown>\n#5 0x55976ea0536d <unknown>\n#6 0x55976ea24297 <unknown>\n#7 0x55976ea050e3 <unknown>\n#8 0x55976e9cd044 <unknown>\n#9 0x55976e9ce44e <unknown>\n#10 0x55976ec93861 <unknown>\n#11 0x55976ec97785 <unknown>\n#12 0x55976ec81285 <unknown>\n#13 0x55976ec9841f <unknown>\n#14 0x55976ec6520f <unknown>\n#15 0x55976ecbc028 <unknown>\n#16 0x55976ecbc1f7 <unknown>\n#17 0x55976eccded4 <unknown>\n#18 0x7f2042c94ac3 <unknown>\n\n",
        "time" : {
          "start" : 1702861474350,
          "stop" : 1702861515122,
          "duration" : 40772
        }
      }, {
        "uid" : "737efd993ab83b75",
        "reportUrl" : "https://sofibuljubasich.github.io/Agiles/19/#testresult/737efd993ab83b75",
        "status" : "passed",
        "time" : {
          "start" : 1702262998334,
          "stop" : 1702262999757,
          "duration" : 1423
        }
      }, {
        "uid" : "f61d6362d79a2412",
        "reportUrl" : "https://sofibuljubasich.github.io/Agiles/18/#testresult/f61d6362d79a2412",
        "status" : "passed",
        "time" : {
          "start" : 1702261926582,
          "stop" : 1702261929877,
          "duration" : 3295
        }
      }, {
        "uid" : "22872af11b1119ec",
        "reportUrl" : "https://sofibuljubasich.github.io/Agiles/17/#testresult/22872af11b1119ec",
        "status" : "passed",
        "time" : {
          "start" : 1702260737684,
          "stop" : 1702260739139,
          "duration" : 1455
        }
      }, {
        "uid" : "346289fbc0b97a8b",
        "reportUrl" : "https://sofibuljubasich.github.io/Agiles/15/#testresult/346289fbc0b97a8b",
        "status" : "passed",
        "time" : {
          "start" : 1702260252708,
          "stop" : 1702260254248,
          "duration" : 1540
        }
      }, {
        "uid" : "9adfab6ef23ff47f",
        "reportUrl" : "https://sofibuljubasich.github.io/Agiles/12/#testresult/9adfab6ef23ff47f",
        "status" : "passed",
        "time" : {
          "start" : 1702257786587,
          "stop" : 1702257790168,
          "duration" : 3581
        }
      }, {
        "uid" : "e1a82b0a46e0793f",
        "reportUrl" : "https://sofibuljubasich.github.io/Agiles/11/#testresult/e1a82b0a46e0793f",
        "status" : "passed",
        "time" : {
          "start" : 1702093013012,
          "stop" : 1702093015595,
          "duration" : 2583
        }
      }, {
        "uid" : "eeea7983d6736235",
        "reportUrl" : "https://sofibuljubasich.github.io/Agiles/10/#testresult/eeea7983d6736235",
        "status" : "broken",
        "statusDetails" : "selenium.common.exceptions.SessionNotCreatedException: Message: session not created: Chrome failed to start: exited normally.\n  (session not created: DevToolsActivePort file doesn't exist)\n  (The process started from chrome location /usr/bin/google-chrome is no longer running, so ChromeDriver is assuming that Chrome has crashed.)\nStacktrace:\n#0 0x55bfc8d9b5e3 <unknown>\n#1 0x55bfc8a5e0b7 <unknown>\n#2 0x55bfc8a94e55 <unknown>\n#3 0x55bfc8a91b81 <unknown>\n#4 0x55bfc8adc47f <unknown>\n#5 0x55bfc8ad2cc3 <unknown>\n#6 0x55bfc8a9e0e4 <unknown>\n#7 0x55bfc8a9f0ae <unknown>\n#8 0x55bfc8d61ce1 <unknown>\n#9 0x55bfc8d65b7e <unknown>\n#10 0x55bfc8d4f4b5 <unknown>\n#11 0x55bfc8d667d6 <unknown>\n#12 0x55bfc8d32dbf <unknown>\n#13 0x55bfc8d89748 <unknown>\n#14 0x55bfc8d89917 <unknown>\n#15 0x55bfc8d9a773 <unknown>\n#16 0x7fe222494ac3 <unknown>\n\n",
        "time" : {
          "start" : 1702088440265,
          "stop" : 1702088440928,
          "duration" : 663
        }
      } ]
    },
    "tags" : [ ]
  },
  "source" : "bfdf7683d29c99b1.json",
  "parameterValues" : [ ]
}