{
  "e0227a2fd4eda1668d05b15e75fd322c" : {
    "statistic" : {
      "failed" : 0,
      "broken" : 2,
      "skipped" : 0,
      "passed" : 8,
      "unknown" : 0,
      "total" : 10
    },
    "items" : [ {
      "uid" : "fe8b0388f6274777",
      "reportUrl" : "https://sofibuljubasich.github.io/Agiles/23/#testresult/fe8b0388f6274777",
      "status" : "passed",
      "time" : {
        "start" : 1708467307315,
        "stop" : 1708467308287,
        "duration" : 972
      }
    }, {
      "uid" : "4eed8e1d83e03135",
      "reportUrl" : "https://sofibuljubasich.github.io/Agiles/22/#testresult/4eed8e1d83e03135",
      "status" : "passed",
      "time" : {
        "start" : 1708385813159,
        "stop" : 1708385814111,
        "duration" : 952
      }
    }, {
      "uid" : "912d44d5da15988",
      "reportUrl" : "https://sofibuljubasich.github.io/Agiles/20/#testresult/912d44d5da15988",
      "status" : "broken",
      "statusDetails" : "selenium.common.exceptions.NoSuchElementException: Message: no such element: Unable to locate element: {\"method\":\"css selector\",\"selector\":\"[name=\"input\"]\"}\n  (Session info: chrome-headless-shell=120.0.6099.71); For documentation on this error, please visit: https://www.selenium.dev/documentation/webdriver/troubleshooting/errors#no-such-element-exception\nStacktrace:\n#0 0x564dac659d33 <unknown>\n#1 0x564dac316f87 <unknown>\n#2 0x564dac366c0e <unknown>\n#3 0x564dac366d11 <unknown>\n#4 0x564dac3b2004 <unknown>\n#5 0x564dac39036d <unknown>\n#6 0x564dac3af297 <unknown>\n#7 0x564dac3900e3 <unknown>\n#8 0x564dac358044 <unknown>\n#9 0x564dac35944e <unknown>\n#10 0x564dac61e861 <unknown>\n#11 0x564dac622785 <unknown>\n#12 0x564dac60c285 <unknown>\n#13 0x564dac62341f <unknown>\n#14 0x564dac5f020f <unknown>\n#15 0x564dac647028 <unknown>\n#16 0x564dac6471f7 <unknown>\n#17 0x564dac658ed4 <unknown>\n#18 0x7f3396494ac3 <unknown>\n\n",
      "time" : {
        "start" : 1702861473613,
        "stop" : 1702861474350,
        "duration" : 737
      }
    }, {
      "uid" : "3854700dfa4fcd3b",
      "reportUrl" : "https://sofibuljubasich.github.io/Agiles/19/#testresult/3854700dfa4fcd3b",
      "status" : "passed",
      "time" : {
        "start" : 1702262997384,
        "stop" : 1702262998334,
        "duration" : 950
      }
    }, {
      "uid" : "edce2fb1620a8545",
      "reportUrl" : "https://sofibuljubasich.github.io/Agiles/18/#testresult/edce2fb1620a8545",
      "status" : "passed",
      "time" : {
        "start" : 1702261925160,
        "stop" : 1702261926581,
        "duration" : 1421
      }
    }, {
      "uid" : "1e3dad23dcdc337a",
      "reportUrl" : "https://sofibuljubasich.github.io/Agiles/17/#testresult/1e3dad23dcdc337a",
      "status" : "passed",
      "time" : {
        "start" : 1702260736730,
        "stop" : 1702260737684,
        "duration" : 954
      }
    }, {
      "uid" : "bad71b5a36095266",
      "reportUrl" : "https://sofibuljubasich.github.io/Agiles/15/#testresult/bad71b5a36095266",
      "status" : "passed",
      "time" : {
        "start" : 1702260251736,
        "stop" : 1702260252707,
        "duration" : 971
      }
    }, {
      "uid" : "eb627a4274ba9467",
      "reportUrl" : "https://sofibuljubasich.github.io/Agiles/12/#testresult/eb627a4274ba9467",
      "status" : "passed",
      "time" : {
        "start" : 1702257785063,
        "stop" : 1702257786587,
        "duration" : 1524
      }
    }, {
      "uid" : "29cabdc486c7448",
      "reportUrl" : "https://sofibuljubasich.github.io/Agiles/11/#testresult/29cabdc486c7448",
      "status" : "passed",
      "time" : {
        "start" : 1702093011636,
        "stop" : 1702093013012,
        "duration" : 1376
      }
    }, {
      "uid" : "3d88a2acc3315957",
      "reportUrl" : "https://sofibuljubasich.github.io/Agiles/10/#testresult/3d88a2acc3315957",
      "status" : "broken",
      "statusDetails" : "selenium.common.exceptions.SessionNotCreatedException: Message: session not created: Chrome failed to start: exited normally.\n  (session not created: DevToolsActivePort file doesn't exist)\n  (The process started from chrome location /usr/bin/google-chrome is no longer running, so ChromeDriver is assuming that Chrome has crashed.)\nStacktrace:\n#0 0x55caa3dd55e3 <unknown>\n#1 0x55caa3a980b7 <unknown>\n#2 0x55caa3acee55 <unknown>\n#3 0x55caa3acbb81 <unknown>\n#4 0x55caa3b1647f <unknown>\n#5 0x55caa3b0ccc3 <unknown>\n#6 0x55caa3ad80e4 <unknown>\n#7 0x55caa3ad90ae <unknown>\n#8 0x55caa3d9bce1 <unknown>\n#9 0x55caa3d9fb7e <unknown>\n#10 0x55caa3d894b5 <unknown>\n#11 0x55caa3da07d6 <unknown>\n#12 0x55caa3d6cdbf <unknown>\n#13 0x55caa3dc3748 <unknown>\n#14 0x55caa3dc3917 <unknown>\n#15 0x55caa3dd4773 <unknown>\n#16 0x7f322cc94ac3 <unknown>\n\n",
      "time" : {
        "start" : 1702088439603,
        "stop" : 1702088440265,
        "duration" : 662
      }
    } ]
  },
  "5b7742e6918dff3fa84e6171254f12cc" : {
    "statistic" : {
      "failed" : 0,
      "broken" : 2,
      "skipped" : 0,
      "passed" : 8,
      "unknown" : 0,
      "total" : 10
    },
    "items" : [ {
      "uid" : "d930c1012109d4b",
      "reportUrl" : "https://sofibuljubasich.github.io/Agiles/23/#testresult/d930c1012109d4b",
      "status" : "passed",
      "time" : {
        "start" : 1708467305308,
        "stop" : 1708467306324,
        "duration" : 1016
      }
    }, {
      "uid" : "a85feace2233a546",
      "reportUrl" : "https://sofibuljubasich.github.io/Agiles/22/#testresult/a85feace2233a546",
      "status" : "passed",
      "time" : {
        "start" : 1708385811286,
        "stop" : 1708385812223,
        "duration" : 937
      }
    }, {
      "uid" : "2ac738023cb5d60",
      "reportUrl" : "https://sofibuljubasich.github.io/Agiles/20/#testresult/2ac738023cb5d60",
      "status" : "broken",
      "statusDetails" : "selenium.common.exceptions.NoSuchElementException: Message: no such element: Unable to locate element: {\"method\":\"css selector\",\"selector\":\"[name=\"input\"]\"}\n  (Session info: chrome-headless-shell=120.0.6099.71); For documentation on this error, please visit: https://www.selenium.dev/documentation/webdriver/troubleshooting/errors#no-such-element-exception\nStacktrace:\n#0 0x561e7f63dd33 <unknown>\n#1 0x561e7f2faf87 <unknown>\n#2 0x561e7f34ac0e <unknown>\n#3 0x561e7f34ad11 <unknown>\n#4 0x561e7f396004 <unknown>\n#5 0x561e7f37436d <unknown>\n#6 0x561e7f393297 <unknown>\n#7 0x561e7f3740e3 <unknown>\n#8 0x561e7f33c044 <unknown>\n#9 0x561e7f33d44e <unknown>\n#10 0x561e7f602861 <unknown>\n#11 0x561e7f606785 <unknown>\n#12 0x561e7f5f0285 <unknown>\n#13 0x561e7f60741f <unknown>\n#14 0x561e7f5d420f <unknown>\n#15 0x561e7f62b028 <unknown>\n#16 0x561e7f62b1f7 <unknown>\n#17 0x561e7f63ced4 <unknown>\n#18 0x7f00f1094ac3 <unknown>\n\n",
      "time" : {
        "start" : 1702861472133,
        "stop" : 1702861472874,
        "duration" : 741
      }
    }, {
      "uid" : "21ce20ca2a3ef541",
      "reportUrl" : "https://sofibuljubasich.github.io/Agiles/19/#testresult/21ce20ca2a3ef541",
      "status" : "passed",
      "time" : {
        "start" : 1702262995518,
        "stop" : 1702262996452,
        "duration" : 934
      }
    }, {
      "uid" : "e2db92eb3996fa0d",
      "reportUrl" : "https://sofibuljubasich.github.io/Agiles/18/#testresult/e2db92eb3996fa0d",
      "status" : "passed",
      "time" : {
        "start" : 1702261921743,
        "stop" : 1702261923676,
        "duration" : 1933
      }
    }, {
      "uid" : "6e01a0fa1f86441",
      "reportUrl" : "https://sofibuljubasich.github.io/Agiles/17/#testresult/6e01a0fa1f86441",
      "status" : "passed",
      "time" : {
        "start" : 1702260734824,
        "stop" : 1702260735782,
        "duration" : 958
      }
    }, {
      "uid" : "ee6cd6fce9e8485",
      "reportUrl" : "https://sofibuljubasich.github.io/Agiles/15/#testresult/ee6cd6fce9e8485",
      "status" : "passed",
      "time" : {
        "start" : 1702260249791,
        "stop" : 1702260250767,
        "duration" : 976
      }
    }, {
      "uid" : "e1afa158d0c2b92a",
      "reportUrl" : "https://sofibuljubasich.github.io/Agiles/12/#testresult/e1afa158d0c2b92a",
      "status" : "passed",
      "time" : {
        "start" : 1702257781211,
        "stop" : 1702257783221,
        "duration" : 2010
      }
    }, {
      "uid" : "53af01d5d3e69b1d",
      "reportUrl" : "https://sofibuljubasich.github.io/Agiles/11/#testresult/53af01d5d3e69b1d",
      "status" : "passed",
      "time" : {
        "start" : 1702093008661,
        "stop" : 1702093010265,
        "duration" : 1604
      }
    }, {
      "uid" : "9170da9749340209",
      "reportUrl" : "https://sofibuljubasich.github.io/Agiles/10/#testresult/9170da9749340209",
      "status" : "broken",
      "statusDetails" : "selenium.common.exceptions.SessionNotCreatedException: Message: session not created: Chrome failed to start: exited normally.\n  (session not created: DevToolsActivePort file doesn't exist)\n  (The process started from chrome location /usr/bin/google-chrome is no longer running, so ChromeDriver is assuming that Chrome has crashed.)\nStacktrace:\n#0 0x56334c5d55e3 <unknown>\n#1 0x56334c2980b7 <unknown>\n#2 0x56334c2cee55 <unknown>\n#3 0x56334c2cbb81 <unknown>\n#4 0x56334c31647f <unknown>\n#5 0x56334c30ccc3 <unknown>\n#6 0x56334c2d80e4 <unknown>\n#7 0x56334c2d90ae <unknown>\n#8 0x56334c59bce1 <unknown>\n#9 0x56334c59fb7e <unknown>\n#10 0x56334c5894b5 <unknown>\n#11 0x56334c5a07d6 <unknown>\n#12 0x56334c56cdbf <unknown>\n#13 0x56334c5c3748 <unknown>\n#14 0x56334c5c3917 <unknown>\n#15 0x56334c5d4773 <unknown>\n#16 0x7f2290294ac3 <unknown>\n\n",
      "time" : {
        "start" : 1702088438277,
        "stop" : 1702088438939,
        "duration" : 662
      }
    } ]
  },
  "837344b77d364b63dc8caa97fd229b2b" : {
    "statistic" : {
      "failed" : 0,
      "broken" : 2,
      "skipped" : 0,
      "passed" : 8,
      "unknown" : 0,
      "total" : 10
    },
    "items" : [ {
      "uid" : "f9a299f867884baa",
      "reportUrl" : "https://sofibuljubasich.github.io/Agiles/23/#testresult/f9a299f867884baa",
      "status" : "passed",
      "time" : {
        "start" : 1708467309805,
        "stop" : 1708467310858,
        "duration" : 1053
      }
    }, {
      "uid" : "6aa6aa5339db3f1b",
      "reportUrl" : "https://sofibuljubasich.github.io/Agiles/22/#testresult/6aa6aa5339db3f1b",
      "status" : "passed",
      "time" : {
        "start" : 1708385815593,
        "stop" : 1708385816578,
        "duration" : 985
      }
    }, {
      "uid" : "a4724e7defbbf451",
      "reportUrl" : "https://sofibuljubasich.github.io/Agiles/20/#testresult/a4724e7defbbf451",
      "status" : "broken",
      "statusDetails" : "selenium.common.exceptions.NoSuchElementException: Message: no such element: Unable to locate element: {\"method\":\"css selector\",\"selector\":\"[name=\"input\"]\"}\n  (Session info: chrome-headless-shell=120.0.6099.71); For documentation on this error, please visit: https://www.selenium.dev/documentation/webdriver/troubleshooting/errors#no-such-element-exception\nStacktrace:\n#0 0x556dd0a61d33 <unknown>\n#1 0x556dd071ef87 <unknown>\n#2 0x556dd076ec0e <unknown>\n#3 0x556dd076ed11 <unknown>\n#4 0x556dd07ba004 <unknown>\n#5 0x556dd079836d <unknown>\n#6 0x556dd07b7297 <unknown>\n#7 0x556dd07980e3 <unknown>\n#8 0x556dd0760044 <unknown>\n#9 0x556dd076144e <unknown>\n#10 0x556dd0a26861 <unknown>\n#11 0x556dd0a2a785 <unknown>\n#12 0x556dd0a14285 <unknown>\n#13 0x556dd0a2b41f <unknown>\n#14 0x556dd09f820f <unknown>\n#15 0x556dd0a4f028 <unknown>\n#16 0x556dd0a4f1f7 <unknown>\n#17 0x556dd0a60ed4 <unknown>\n#18 0x7f7f85094ac3 <unknown>\n\n",
      "time" : {
        "start" : 1702861515123,
        "stop" : 1702861515871,
        "duration" : 748
      }
    }, {
      "uid" : "d23d0b8bef250d87",
      "reportUrl" : "https://sofibuljubasich.github.io/Agiles/19/#testresult/d23d0b8bef250d87",
      "status" : "passed",
      "time" : {
        "start" : 1702262999757,
        "stop" : 1702263000751,
        "duration" : 994
      }
    }, {
      "uid" : "7c9a91d1fa27d88d",
      "reportUrl" : "https://sofibuljubasich.github.io/Agiles/18/#testresult/7c9a91d1fa27d88d",
      "status" : "passed",
      "time" : {
        "start" : 1702261929877,
        "stop" : 1702261933102,
        "duration" : 3225
      }
    }, {
      "uid" : "46c2dc5322783230",
      "reportUrl" : "https://sofibuljubasich.github.io/Agiles/17/#testresult/46c2dc5322783230",
      "status" : "passed",
      "time" : {
        "start" : 1702260739139,
        "stop" : 1702260740147,
        "duration" : 1008
      }
    }, {
      "uid" : "277ea4ddd34ade01",
      "reportUrl" : "https://sofibuljubasich.github.io/Agiles/15/#testresult/277ea4ddd34ade01",
      "status" : "passed",
      "time" : {
        "start" : 1702260254249,
        "stop" : 1702260255306,
        "duration" : 1057
      }
    }, {
      "uid" : "c59216ddf8fe351a",
      "reportUrl" : "https://sofibuljubasich.github.io/Agiles/12/#testresult/c59216ddf8fe351a",
      "status" : "passed",
      "time" : {
        "start" : 1702257790168,
        "stop" : 1702257791958,
        "duration" : 1790
      }
    }, {
      "uid" : "d93882a31bdf6648",
      "reportUrl" : "https://sofibuljubasich.github.io/Agiles/11/#testresult/d93882a31bdf6648",
      "status" : "passed",
      "time" : {
        "start" : 1702093015596,
        "stop" : 1702093017130,
        "duration" : 1534
      }
    }, {
      "uid" : "7bb54a5bedb5aada",
      "reportUrl" : "https://sofibuljubasich.github.io/Agiles/10/#testresult/7bb54a5bedb5aada",
      "status" : "broken",
      "statusDetails" : "selenium.common.exceptions.SessionNotCreatedException: Message: session not created: Chrome failed to start: exited normally.\n  (session not created: DevToolsActivePort file doesn't exist)\n  (The process started from chrome location /usr/bin/google-chrome is no longer running, so ChromeDriver is assuming that Chrome has crashed.)\nStacktrace:\n#0 0x55d18e8995e3 <unknown>\n#1 0x55d18e55c0b7 <unknown>\n#2 0x55d18e592e55 <unknown>\n#3 0x55d18e58fb81 <unknown>\n#4 0x55d18e5da47f <unknown>\n#5 0x55d18e5d0cc3 <unknown>\n#6 0x55d18e59c0e4 <unknown>\n#7 0x55d18e59d0ae <unknown>\n#8 0x55d18e85fce1 <unknown>\n#9 0x55d18e863b7e <unknown>\n#10 0x55d18e84d4b5 <unknown>\n#11 0x55d18e8647d6 <unknown>\n#12 0x55d18e830dbf <unknown>\n#13 0x55d18e887748 <unknown>\n#14 0x55d18e887917 <unknown>\n#15 0x55d18e898773 <unknown>\n#16 0x7f4c85094ac3 <unknown>\n\n",
      "time" : {
        "start" : 1702088440929,
        "stop" : 1702088441591,
        "duration" : 662
      }
    } ]
  },
  "6aa8267c5fad89a317f110e4b072b707" : {
    "statistic" : {
      "failed" : 0,
      "broken" : 2,
      "skipped" : 0,
      "passed" : 8,
      "unknown" : 0,
      "total" : 10
    },
    "items" : [ {
      "uid" : "cd582a584211fcb1",
      "reportUrl" : "https://sofibuljubasich.github.io/Agiles/23/#testresult/cd582a584211fcb1",
      "status" : "passed",
      "time" : {
        "start" : 1708467306325,
        "stop" : 1708467307314,
        "duration" : 989
      }
    }, {
      "uid" : "d50ff33ccacdd34b",
      "reportUrl" : "https://sofibuljubasich.github.io/Agiles/22/#testresult/d50ff33ccacdd34b",
      "status" : "passed",
      "time" : {
        "start" : 1708385812223,
        "stop" : 1708385813159,
        "duration" : 936
      }
    }, {
      "uid" : "4f35600edb95bbab",
      "reportUrl" : "https://sofibuljubasich.github.io/Agiles/20/#testresult/4f35600edb95bbab",
      "status" : "broken",
      "statusDetails" : "selenium.common.exceptions.NoSuchElementException: Message: no such element: Unable to locate element: {\"method\":\"css selector\",\"selector\":\"[name=\"input\"]\"}\n  (Session info: chrome-headless-shell=120.0.6099.71); For documentation on this error, please visit: https://www.selenium.dev/documentation/webdriver/troubleshooting/errors#no-such-element-exception\nStacktrace:\n#0 0x55dfaf8dcd33 <unknown>\n#1 0x55dfaf599f87 <unknown>\n#2 0x55dfaf5e9c0e <unknown>\n#3 0x55dfaf5e9d11 <unknown>\n#4 0x55dfaf635004 <unknown>\n#5 0x55dfaf61336d <unknown>\n#6 0x55dfaf632297 <unknown>\n#7 0x55dfaf6130e3 <unknown>\n#8 0x55dfaf5db044 <unknown>\n#9 0x55dfaf5dc44e <unknown>\n#10 0x55dfaf8a1861 <unknown>\n#11 0x55dfaf8a5785 <unknown>\n#12 0x55dfaf88f285 <unknown>\n#13 0x55dfaf8a641f <unknown>\n#14 0x55dfaf87320f <unknown>\n#15 0x55dfaf8ca028 <unknown>\n#16 0x55dfaf8ca1f7 <unknown>\n#17 0x55dfaf8dbed4 <unknown>\n#18 0x7f240f694ac3 <unknown>\n\n",
      "time" : {
        "start" : 1702861472875,
        "stop" : 1702861473612,
        "duration" : 737
      }
    }, {
      "uid" : "3b45275c634e48f1",
      "reportUrl" : "https://sofibuljubasich.github.io/Agiles/19/#testresult/3b45275c634e48f1",
      "status" : "passed",
      "time" : {
        "start" : 1702262996453,
        "stop" : 1702262997384,
        "duration" : 931
      }
    }, {
      "uid" : "ae39d4c1e1d76d05",
      "reportUrl" : "https://sofibuljubasich.github.io/Agiles/18/#testresult/ae39d4c1e1d76d05",
      "status" : "passed",
      "time" : {
        "start" : 1702261923677,
        "stop" : 1702261925160,
        "duration" : 1483
      }
    }, {
      "uid" : "bc146e61d3008e6",
      "reportUrl" : "https://sofibuljubasich.github.io/Agiles/17/#testresult/bc146e61d3008e6",
      "status" : "passed",
      "time" : {
        "start" : 1702260735783,
        "stop" : 1702260736729,
        "duration" : 946
      }
    }, {
      "uid" : "2cf13f47e27c3a0f",
      "reportUrl" : "https://sofibuljubasich.github.io/Agiles/15/#testresult/2cf13f47e27c3a0f",
      "status" : "passed",
      "time" : {
        "start" : 1702260250767,
        "stop" : 1702260251736,
        "duration" : 969
      }
    }, {
      "uid" : "f2e829bf2743ca25",
      "reportUrl" : "https://sofibuljubasich.github.io/Agiles/12/#testresult/f2e829bf2743ca25",
      "status" : "passed",
      "time" : {
        "start" : 1702257783221,
        "stop" : 1702257785062,
        "duration" : 1841
      }
    }, {
      "uid" : "eaecf75f2fc688db",
      "reportUrl" : "https://sofibuljubasich.github.io/Agiles/11/#testresult/eaecf75f2fc688db",
      "status" : "passed",
      "time" : {
        "start" : 1702093010265,
        "stop" : 1702093011636,
        "duration" : 1371
      }
    }, {
      "uid" : "ee00cd78bc771f50",
      "reportUrl" : "https://sofibuljubasich.github.io/Agiles/10/#testresult/ee00cd78bc771f50",
      "status" : "broken",
      "statusDetails" : "selenium.common.exceptions.SessionNotCreatedException: Message: session not created: Chrome failed to start: exited normally.\n  (session not created: DevToolsActivePort file doesn't exist)\n  (The process started from chrome location /usr/bin/google-chrome is no longer running, so ChromeDriver is assuming that Chrome has crashed.)\nStacktrace:\n#0 0x55d8390435e3 <unknown>\n#1 0x55d838d060b7 <unknown>\n#2 0x55d838d3ce55 <unknown>\n#3 0x55d838d39b81 <unknown>\n#4 0x55d838d8447f <unknown>\n#5 0x55d838d7acc3 <unknown>\n#6 0x55d838d460e4 <unknown>\n#7 0x55d838d470ae <unknown>\n#8 0x55d839009ce1 <unknown>\n#9 0x55d83900db7e <unknown>\n#10 0x55d838ff74b5 <unknown>\n#11 0x55d83900e7d6 <unknown>\n#12 0x55d838fdadbf <unknown>\n#13 0x55d839031748 <unknown>\n#14 0x55d839031917 <unknown>\n#15 0x55d839042773 <unknown>\n#16 0x7f21ee894ac3 <unknown>\n\n",
      "time" : {
        "start" : 1702088438939,
        "stop" : 1702088439602,
        "duration" : 663
      }
    } ]
  },
  "6e906125b833356fca11b51f17de6622" : {
    "statistic" : {
      "failed" : 0,
      "broken" : 2,
      "skipped" : 0,
      "passed" : 8,
      "unknown" : 0,
      "total" : 10
    },
    "items" : [ {
      "uid" : "eac179b20c5e81ec",
      "reportUrl" : "https://sofibuljubasich.github.io/Agiles/23/#testresult/eac179b20c5e81ec",
      "status" : "passed",
      "time" : {
        "start" : 1708467310858,
        "stop" : 1708467312126,
        "duration" : 1268
      }
    }, {
      "uid" : "823ad4ded19500da",
      "reportUrl" : "https://sofibuljubasich.github.io/Agiles/22/#testresult/823ad4ded19500da",
      "status" : "passed",
      "time" : {
        "start" : 1708385816578,
        "stop" : 1708385817560,
        "duration" : 982
      }
    }, {
      "uid" : "3f567dece982cffe",
      "reportUrl" : "https://sofibuljubasich.github.io/Agiles/20/#testresult/3f567dece982cffe",
      "status" : "broken",
      "statusDetails" : "selenium.common.exceptions.NoSuchElementException: Message: no such element: Unable to locate element: {\"method\":\"css selector\",\"selector\":\"[name=\"input\"]\"}\n  (Session info: chrome-headless-shell=120.0.6099.71); For documentation on this error, please visit: https://www.selenium.dev/documentation/webdriver/troubleshooting/errors#no-such-element-exception\nStacktrace:\n#0 0x55abe13c2d33 <unknown>\n#1 0x55abe107ff87 <unknown>\n#2 0x55abe10cfc0e <unknown>\n#3 0x55abe10cfd11 <unknown>\n#4 0x55abe111b004 <unknown>\n#5 0x55abe10f936d <unknown>\n#6 0x55abe1118297 <unknown>\n#7 0x55abe10f90e3 <unknown>\n#8 0x55abe10c1044 <unknown>\n#9 0x55abe10c244e <unknown>\n#10 0x55abe1387861 <unknown>\n#11 0x55abe138b785 <unknown>\n#12 0x55abe1375285 <unknown>\n#13 0x55abe138c41f <unknown>\n#14 0x55abe135920f <unknown>\n#15 0x55abe13b0028 <unknown>\n#16 0x55abe13b01f7 <unknown>\n#17 0x55abe13c1ed4 <unknown>\n#18 0x7f0adac94ac3 <unknown>\n\n",
      "time" : {
        "start" : 1702861515871,
        "stop" : 1702861516622,
        "duration" : 751
      }
    }, {
      "uid" : "c42733a86fd300b8",
      "reportUrl" : "https://sofibuljubasich.github.io/Agiles/19/#testresult/c42733a86fd300b8",
      "status" : "passed",
      "time" : {
        "start" : 1702263000752,
        "stop" : 1702263002233,
        "duration" : 1481
      }
    }, {
      "uid" : "66934ffba89bd1a3",
      "reportUrl" : "https://sofibuljubasich.github.io/Agiles/18/#testresult/66934ffba89bd1a3",
      "status" : "passed",
      "time" : {
        "start" : 1702261933103,
        "stop" : 1702261934850,
        "duration" : 1747
      }
    }, {
      "uid" : "e5da41392cd280b6",
      "reportUrl" : "https://sofibuljubasich.github.io/Agiles/17/#testresult/e5da41392cd280b6",
      "status" : "passed",
      "time" : {
        "start" : 1702260740148,
        "stop" : 1702260741135,
        "duration" : 987
      }
    }, {
      "uid" : "ae7b2c78956c1ca2",
      "reportUrl" : "https://sofibuljubasich.github.io/Agiles/15/#testresult/ae7b2c78956c1ca2",
      "status" : "passed",
      "time" : {
        "start" : 1702260255306,
        "stop" : 1702260256416,
        "duration" : 1110
      }
    }, {
      "uid" : "7555203c897c745",
      "reportUrl" : "https://sofibuljubasich.github.io/Agiles/12/#testresult/7555203c897c745",
      "status" : "passed",
      "time" : {
        "start" : 1702257791958,
        "stop" : 1702257794508,
        "duration" : 2550
      }
    }, {
      "uid" : "72f6251cf7377571",
      "reportUrl" : "https://sofibuljubasich.github.io/Agiles/11/#testresult/72f6251cf7377571",
      "status" : "passed",
      "time" : {
        "start" : 1702093017131,
        "stop" : 1702093018687,
        "duration" : 1556
      }
    }, {
      "uid" : "ec420f1ab3c147cd",
      "reportUrl" : "https://sofibuljubasich.github.io/Agiles/10/#testresult/ec420f1ab3c147cd",
      "status" : "broken",
      "statusDetails" : "selenium.common.exceptions.SessionNotCreatedException: Message: session not created: Chrome failed to start: exited normally.\n  (session not created: DevToolsActivePort file doesn't exist)\n  (The process started from chrome location /usr/bin/google-chrome is no longer running, so ChromeDriver is assuming that Chrome has crashed.)\nStacktrace:\n#0 0x564b77d1f5e3 <unknown>\n#1 0x564b779e20b7 <unknown>\n#2 0x564b77a18e55 <unknown>\n#3 0x564b77a15b81 <unknown>\n#4 0x564b77a6047f <unknown>\n#5 0x564b77a56cc3 <unknown>\n#6 0x564b77a220e4 <unknown>\n#7 0x564b77a230ae <unknown>\n#8 0x564b77ce5ce1 <unknown>\n#9 0x564b77ce9b7e <unknown>\n#10 0x564b77cd34b5 <unknown>\n#11 0x564b77cea7d6 <unknown>\n#12 0x564b77cb6dbf <unknown>\n#13 0x564b77d0d748 <unknown>\n#14 0x564b77d0d917 <unknown>\n#15 0x564b77d1e773 <unknown>\n#16 0x7f0fc4c94ac3 <unknown>\n\n",
      "time" : {
        "start" : 1702088441591,
        "stop" : 1702088442254,
        "duration" : 663
      }
    } ]
  },
  "79703f8fdb9105f473f387b9abb51432" : {
    "statistic" : {
      "failed" : 0,
      "broken" : 2,
      "skipped" : 0,
      "passed" : 8,
      "unknown" : 0,
      "total" : 10
    },
    "items" : [ {
      "uid" : "ab4d80afc80bd150",
      "reportUrl" : "https://sofibuljubasich.github.io/Agiles/23/#testresult/ab4d80afc80bd150",
      "status" : "passed",
      "time" : {
        "start" : 1708467303086,
        "stop" : 1708467304291,
        "duration" : 1205
      }
    }, {
      "uid" : "317525a66559abe",
      "reportUrl" : "https://sofibuljubasich.github.io/Agiles/22/#testresult/317525a66559abe",
      "status" : "passed",
      "time" : {
        "start" : 1708385744348,
        "stop" : 1708385810306,
        "duration" : 65958
      }
    }, {
      "uid" : "83131e872cc3ee2b",
      "reportUrl" : "https://sofibuljubasich.github.io/Agiles/20/#testresult/83131e872cc3ee2b",
      "status" : "broken",
      "statusDetails" : "selenium.common.exceptions.NoSuchElementException: Message: no such element: Unable to locate element: {\"method\":\"css selector\",\"selector\":\"[id=\"palabraAhorcado\"]\"}\n  (Session info: chrome-headless-shell=120.0.6099.71); For documentation on this error, please visit: https://www.selenium.dev/documentation/webdriver/troubleshooting/errors#no-such-element-exception\nStacktrace:\n#0 0x5627102a6d33 <unknown>\n#1 0x56270ff63f87 <unknown>\n#2 0x56270ffb3c0e <unknown>\n#3 0x56270ffb3d11 <unknown>\n#4 0x56270ffff004 <unknown>\n#5 0x56270ffdd36d <unknown>\n#6 0x56270fffc297 <unknown>\n#7 0x56270ffdd0e3 <unknown>\n#8 0x56270ffa5044 <unknown>\n#9 0x56270ffa644e <unknown>\n#10 0x56271026b861 <unknown>\n#11 0x56271026f785 <unknown>\n#12 0x562710259285 <unknown>\n#13 0x56271027041f <unknown>\n#14 0x56271023d20f <unknown>\n#15 0x562710294028 <unknown>\n#16 0x5627102941f7 <unknown>\n#17 0x5627102a5ed4 <unknown>\n#18 0x7f0841094ac3 <unknown>\n\n",
      "time" : {
        "start" : 1702861461196,
        "stop" : 1702861471373,
        "duration" : 10177
      }
    }, {
      "uid" : "e81db6911d572a68",
      "reportUrl" : "https://sofibuljubasich.github.io/Agiles/19/#testresult/e81db6911d572a68",
      "status" : "passed",
      "time" : {
        "start" : 1702262992934,
        "stop" : 1702262994507,
        "duration" : 1573
      }
    }, {
      "uid" : "d75a83fea8b6985a",
      "reportUrl" : "https://sofibuljubasich.github.io/Agiles/18/#testresult/d75a83fea8b6985a",
      "status" : "passed",
      "time" : {
        "start" : 1702261913410,
        "stop" : 1702261920204,
        "duration" : 6794
      }
    }, {
      "uid" : "d0583093d0074568",
      "reportUrl" : "https://sofibuljubasich.github.io/Agiles/17/#testresult/d0583093d0074568",
      "status" : "passed",
      "time" : {
        "start" : 1702260719776,
        "stop" : 1702260733399,
        "duration" : 13623
      }
    }, {
      "uid" : "296930c12a572887",
      "reportUrl" : "https://sofibuljubasich.github.io/Agiles/15/#testresult/296930c12a572887",
      "status" : "passed",
      "time" : {
        "start" : 1702260241533,
        "stop" : 1702260248631,
        "duration" : 7098
      }
    }, {
      "uid" : "40e07ef57f6f8e40",
      "reportUrl" : "https://sofibuljubasich.github.io/Agiles/12/#testresult/40e07ef57f6f8e40",
      "status" : "passed",
      "time" : {
        "start" : 1702257693223,
        "stop" : 1702257778297,
        "duration" : 85074
      }
    }, {
      "uid" : "d93e29f11e1e84d5",
      "reportUrl" : "https://sofibuljubasich.github.io/Agiles/11/#testresult/d93e29f11e1e84d5",
      "status" : "passed",
      "time" : {
        "start" : 1702092934967,
        "stop" : 1702093007178,
        "duration" : 72211
      }
    }, {
      "uid" : "1d141d9d8a36a6ee",
      "reportUrl" : "https://sofibuljubasich.github.io/Agiles/10/#testresult/1d141d9d8a36a6ee",
      "status" : "broken",
      "statusDetails" : "selenium.common.exceptions.SessionNotCreatedException: Message: session not created: Chrome failed to start: exited normally.\n  (session not created: DevToolsActivePort file doesn't exist)\n  (The process started from chrome location /usr/bin/google-chrome is no longer running, so ChromeDriver is assuming that Chrome has crashed.)\nStacktrace:\n#0 0x564714cfb5e3 <unknown>\n#1 0x5647149be0b7 <unknown>\n#2 0x5647149f4e55 <unknown>\n#3 0x5647149f1b81 <unknown>\n#4 0x564714a3c47f <unknown>\n#5 0x564714a32cc3 <unknown>\n#6 0x5647149fe0e4 <unknown>\n#7 0x5647149ff0ae <unknown>\n#8 0x564714cc1ce1 <unknown>\n#9 0x564714cc5b7e <unknown>\n#10 0x564714caf4b5 <unknown>\n#11 0x564714cc67d6 <unknown>\n#12 0x564714c92dbf <unknown>\n#13 0x564714ce9748 <unknown>\n#14 0x564714ce9917 <unknown>\n#15 0x564714cfa773 <unknown>\n#16 0x7f8dcce94ac3 <unknown>\n\n",
      "time" : {
        "start" : 1702088432603,
        "stop" : 1702088437609,
        "duration" : 5006
      }
    } ]
  },
  "a47f5f4ec5b0e31720db8cdad8cd9997" : {
    "statistic" : {
      "failed" : 0,
      "broken" : 2,
      "skipped" : 0,
      "passed" : 8,
      "unknown" : 0,
      "total" : 10
    },
    "items" : [ {
      "uid" : "3ee7ded2bd43e83f",
      "reportUrl" : "https://sofibuljubasich.github.io/Agiles/23/#testresult/3ee7ded2bd43e83f",
      "status" : "passed",
      "time" : {
        "start" : 1708467304292,
        "stop" : 1708467305308,
        "duration" : 1016
      }
    }, {
      "uid" : "af99c90c3c920486",
      "reportUrl" : "https://sofibuljubasich.github.io/Agiles/22/#testresult/af99c90c3c920486",
      "status" : "passed",
      "time" : {
        "start" : 1708385810306,
        "stop" : 1708385811286,
        "duration" : 980
      }
    }, {
      "uid" : "122adafcfbdf1a6",
      "reportUrl" : "https://sofibuljubasich.github.io/Agiles/20/#testresult/122adafcfbdf1a6",
      "status" : "broken",
      "statusDetails" : "selenium.common.exceptions.NoSuchElementException: Message: no such element: Unable to locate element: {\"method\":\"css selector\",\"selector\":\"[name=\"input\"]\"}\n  (Session info: chrome-headless-shell=120.0.6099.71); For documentation on this error, please visit: https://www.selenium.dev/documentation/webdriver/troubleshooting/errors#no-such-element-exception\nStacktrace:\n#0 0x561284a05d33 <unknown>\n#1 0x5612846c2f87 <unknown>\n#2 0x561284712c0e <unknown>\n#3 0x561284712d11 <unknown>\n#4 0x56128475e004 <unknown>\n#5 0x56128473c36d <unknown>\n#6 0x56128475b297 <unknown>\n#7 0x56128473c0e3 <unknown>\n#8 0x561284704044 <unknown>\n#9 0x56128470544e <unknown>\n#10 0x5612849ca861 <unknown>\n#11 0x5612849ce785 <unknown>\n#12 0x5612849b8285 <unknown>\n#13 0x5612849cf41f <unknown>\n#14 0x56128499c20f <unknown>\n#15 0x5612849f3028 <unknown>\n#16 0x5612849f31f7 <unknown>\n#17 0x561284a04ed4 <unknown>\n#18 0x7fdb8b894ac3 <unknown>\n\n",
      "time" : {
        "start" : 1702861471373,
        "stop" : 1702861472132,
        "duration" : 759
      }
    }, {
      "uid" : "d50071f0a29890e8",
      "reportUrl" : "https://sofibuljubasich.github.io/Agiles/19/#testresult/d50071f0a29890e8",
      "status" : "passed",
      "time" : {
        "start" : 1702262994508,
        "stop" : 1702262995517,
        "duration" : 1009
      }
    }, {
      "uid" : "4b7242500ee96e4c",
      "reportUrl" : "https://sofibuljubasich.github.io/Agiles/18/#testresult/4b7242500ee96e4c",
      "status" : "passed",
      "time" : {
        "start" : 1702261920205,
        "stop" : 1702261921743,
        "duration" : 1538
      }
    }, {
      "uid" : "77b60ee1a4ab7d11",
      "reportUrl" : "https://sofibuljubasich.github.io/Agiles/17/#testresult/77b60ee1a4ab7d11",
      "status" : "passed",
      "time" : {
        "start" : 1702260733400,
        "stop" : 1702260734823,
        "duration" : 1423
      }
    }, {
      "uid" : "5a5cee67ac6ee0c2",
      "reportUrl" : "https://sofibuljubasich.github.io/Agiles/15/#testresult/5a5cee67ac6ee0c2",
      "status" : "passed",
      "time" : {
        "start" : 1702260248631,
        "stop" : 1702260249791,
        "duration" : 1160
      }
    }, {
      "uid" : "8aea97930b3d72a2",
      "reportUrl" : "https://sofibuljubasich.github.io/Agiles/12/#testresult/8aea97930b3d72a2",
      "status" : "passed",
      "time" : {
        "start" : 1702257778298,
        "stop" : 1702257781211,
        "duration" : 2913
      }
    }, {
      "uid" : "b8149d8b09e70adb",
      "reportUrl" : "https://sofibuljubasich.github.io/Agiles/11/#testresult/b8149d8b09e70adb",
      "status" : "passed",
      "time" : {
        "start" : 1702093007179,
        "stop" : 1702093008661,
        "duration" : 1482
      }
    }, {
      "uid" : "50148b6967ada2d6",
      "reportUrl" : "https://sofibuljubasich.github.io/Agiles/10/#testresult/50148b6967ada2d6",
      "status" : "broken",
      "statusDetails" : "selenium.common.exceptions.SessionNotCreatedException: Message: session not created: Chrome failed to start: exited normally.\n  (session not created: DevToolsActivePort file doesn't exist)\n  (The process started from chrome location /usr/bin/google-chrome is no longer running, so ChromeDriver is assuming that Chrome has crashed.)\nStacktrace:\n#0 0x563021ed65e3 <unknown>\n#1 0x563021b990b7 <unknown>\n#2 0x563021bcfe55 <unknown>\n#3 0x563021bccb81 <unknown>\n#4 0x563021c1747f <unknown>\n#5 0x563021c0dcc3 <unknown>\n#6 0x563021bd90e4 <unknown>\n#7 0x563021bda0ae <unknown>\n#8 0x563021e9cce1 <unknown>\n#9 0x563021ea0b7e <unknown>\n#10 0x563021e8a4b5 <unknown>\n#11 0x563021ea17d6 <unknown>\n#12 0x563021e6ddbf <unknown>\n#13 0x563021ec4748 <unknown>\n#14 0x563021ec4917 <unknown>\n#15 0x563021ed5773 <unknown>\n#16 0x7f35b4094ac3 <unknown>\n\n",
      "time" : {
        "start" : 1702088437610,
        "stop" : 1702088438276,
        "duration" : 666
      }
    } ]
  },
  "c23f7c6a63069ce8b6a84276883333a8" : {
    "statistic" : {
      "failed" : 0,
      "broken" : 2,
      "skipped" : 0,
      "passed" : 8,
      "unknown" : 0,
      "total" : 10
    },
    "items" : [ {
      "uid" : "b6262d0053e8e9e5",
      "reportUrl" : "https://sofibuljubasich.github.io/Agiles/23/#testresult/b6262d0053e8e9e5",
      "status" : "passed",
      "time" : {
        "start" : 1708467308288,
        "stop" : 1708467309804,
        "duration" : 1516
      }
    }, {
      "uid" : "be0eb7b2bed2bb9a",
      "reportUrl" : "https://sofibuljubasich.github.io/Agiles/22/#testresult/be0eb7b2bed2bb9a",
      "status" : "passed",
      "time" : {
        "start" : 1708385814111,
        "stop" : 1708385815592,
        "duration" : 1481
      }
    }, {
      "uid" : "a0bb75617913c365",
      "reportUrl" : "https://sofibuljubasich.github.io/Agiles/20/#testresult/a0bb75617913c365",
      "status" : "broken",
      "statusDetails" : "selenium.common.exceptions.NoSuchElementException: Message: no such element: Unable to locate element: {\"method\":\"css selector\",\"selector\":\"[name=\"input\"]\"}\n  (Session info: chrome-headless-shell=120.0.6099.71); For documentation on this error, please visit: https://www.selenium.dev/documentation/webdriver/troubleshooting/errors#no-such-element-exception\nStacktrace:\n#0 0x55976ecced33 <unknown>\n#1 0x55976e98bf87 <unknown>\n#2 0x55976e9dbc0e <unknown>\n#3 0x55976e9dbd11 <unknown>\n#4 0x55976ea27004 <unknown>\n#5 0x55976ea0536d <unknown>\n#6 0x55976ea24297 <unknown>\n#7 0x55976ea050e3 <unknown>\n#8 0x55976e9cd044 <unknown>\n#9 0x55976e9ce44e <unknown>\n#10 0x55976ec93861 <unknown>\n#11 0x55976ec97785 <unknown>\n#12 0x55976ec81285 <unknown>\n#13 0x55976ec9841f <unknown>\n#14 0x55976ec6520f <unknown>\n#15 0x55976ecbc028 <unknown>\n#16 0x55976ecbc1f7 <unknown>\n#17 0x55976eccded4 <unknown>\n#18 0x7f2042c94ac3 <unknown>\n\n",
      "time" : {
        "start" : 1702861474350,
        "stop" : 1702861515122,
        "duration" : 40772
      }
    }, {
      "uid" : "737efd993ab83b75",
      "reportUrl" : "https://sofibuljubasich.github.io/Agiles/19/#testresult/737efd993ab83b75",
      "status" : "passed",
      "time" : {
        "start" : 1702262998334,
        "stop" : 1702262999757,
        "duration" : 1423
      }
    }, {
      "uid" : "f61d6362d79a2412",
      "reportUrl" : "https://sofibuljubasich.github.io/Agiles/18/#testresult/f61d6362d79a2412",
      "status" : "passed",
      "time" : {
        "start" : 1702261926582,
        "stop" : 1702261929877,
        "duration" : 3295
      }
    }, {
      "uid" : "22872af11b1119ec",
      "reportUrl" : "https://sofibuljubasich.github.io/Agiles/17/#testresult/22872af11b1119ec",
      "status" : "passed",
      "time" : {
        "start" : 1702260737684,
        "stop" : 1702260739139,
        "duration" : 1455
      }
    }, {
      "uid" : "346289fbc0b97a8b",
      "reportUrl" : "https://sofibuljubasich.github.io/Agiles/15/#testresult/346289fbc0b97a8b",
      "status" : "passed",
      "time" : {
        "start" : 1702260252708,
        "stop" : 1702260254248,
        "duration" : 1540
      }
    }, {
      "uid" : "9adfab6ef23ff47f",
      "reportUrl" : "https://sofibuljubasich.github.io/Agiles/12/#testresult/9adfab6ef23ff47f",
      "status" : "passed",
      "time" : {
        "start" : 1702257786587,
        "stop" : 1702257790168,
        "duration" : 3581
      }
    }, {
      "uid" : "e1a82b0a46e0793f",
      "reportUrl" : "https://sofibuljubasich.github.io/Agiles/11/#testresult/e1a82b0a46e0793f",
      "status" : "passed",
      "time" : {
        "start" : 1702093013012,
        "stop" : 1702093015595,
        "duration" : 2583
      }
    }, {
      "uid" : "eeea7983d6736235",
      "reportUrl" : "https://sofibuljubasich.github.io/Agiles/10/#testresult/eeea7983d6736235",
      "status" : "broken",
      "statusDetails" : "selenium.common.exceptions.SessionNotCreatedException: Message: session not created: Chrome failed to start: exited normally.\n  (session not created: DevToolsActivePort file doesn't exist)\n  (The process started from chrome location /usr/bin/google-chrome is no longer running, so ChromeDriver is assuming that Chrome has crashed.)\nStacktrace:\n#0 0x55bfc8d9b5e3 <unknown>\n#1 0x55bfc8a5e0b7 <unknown>\n#2 0x55bfc8a94e55 <unknown>\n#3 0x55bfc8a91b81 <unknown>\n#4 0x55bfc8adc47f <unknown>\n#5 0x55bfc8ad2cc3 <unknown>\n#6 0x55bfc8a9e0e4 <unknown>\n#7 0x55bfc8a9f0ae <unknown>\n#8 0x55bfc8d61ce1 <unknown>\n#9 0x55bfc8d65b7e <unknown>\n#10 0x55bfc8d4f4b5 <unknown>\n#11 0x55bfc8d667d6 <unknown>\n#12 0x55bfc8d32dbf <unknown>\n#13 0x55bfc8d89748 <unknown>\n#14 0x55bfc8d89917 <unknown>\n#15 0x55bfc8d9a773 <unknown>\n#16 0x7fe222494ac3 <unknown>\n\n",
      "time" : {
        "start" : 1702088440265,
        "stop" : 1702088440928,
        "duration" : 663
      }
    } ]
  }
}