{
  "uid" : "28623a8232fea313",
  "name" : "Ingresar una letra incorrecta -- @1.2 ",
  "fullName" : "Hangman Game: Ingresar una letra incorrecta",
  "historyId" : "e0227a2fd4eda1668d05b15e75fd322c",
  "time" : {
    "start" : 1702861473613,
    "stop" : 1702861474350,
    "duration" : 737
  },
  "status" : "broken",
  "statusMessage" : "selenium.common.exceptions.NoSuchElementException: Message: no such element: Unable to locate element: {\"method\":\"css selector\",\"selector\":\"[name=\"input\"]\"}\n  (Session info: chrome-headless-shell=120.0.6099.71); For documentation on this error, please visit: https://www.selenium.dev/documentation/webdriver/troubleshooting/errors#no-such-element-exception\nStacktrace:\n#0 0x564dac659d33 <unknown>\n#1 0x564dac316f87 <unknown>\n#2 0x564dac366c0e <unknown>\n#3 0x564dac366d11 <unknown>\n#4 0x564dac3b2004 <unknown>\n#5 0x564dac39036d <unknown>\n#6 0x564dac3af297 <unknown>\n#7 0x564dac3900e3 <unknown>\n#8 0x564dac358044 <unknown>\n#9 0x564dac35944e <unknown>\n#10 0x564dac61e861 <unknown>\n#11 0x564dac622785 <unknown>\n#12 0x564dac60c285 <unknown>\n#13 0x564dac62341f <unknown>\n#14 0x564dac5f020f <unknown>\n#15 0x564dac647028 <unknown>\n#16 0x564dac6471f7 <unknown>\n#17 0x564dac658ed4 <unknown>\n#18 0x7f3396494ac3 <unknown>\n\n",
  "statusTrace" : "  File \"/opt/hostedtoolcache/Python/3.11.7/x64/lib/python3.11/site-packages/behave/model.py\", line 1329, in run\n    match.run(runner.context)\n  File \"/opt/hostedtoolcache/Python/3.11.7/x64/lib/python3.11/site-packages/behave/matchers.py\", line 98, in run\n    self.func(context, *args, **kwargs)\n  File \"UI-TESTS/steps/ahorcadosteps.py\", line 68, in ingresa_letra\n    elemento =  context.driver.find_element(By.NAME,\"input\")\n                ^^^^^^^^^^^^^^^^^^^^^^^^^^^^^^^^^^^^^^^^^^^^\n  File \"/opt/hostedtoolcache/Python/3.11.7/x64/lib/python3.11/site-packages/selenium/webdriver/remote/webdriver.py\", line 741, in find_element\n    return self.execute(Command.FIND_ELEMENT, {\"using\": by, \"value\": value})[\"value\"]\n           ^^^^^^^^^^^^^^^^^^^^^^^^^^^^^^^^^^^^^^^^^^^^^^^^^^^^^^^^^^^^^^^^^\n  File \"/opt/hostedtoolcache/Python/3.11.7/x64/lib/python3.11/site-packages/selenium/webdriver/remote/webdriver.py\", line 347, in execute\n    self.error_handler.check_response(response)\n  File \"/opt/hostedtoolcache/Python/3.11.7/x64/lib/python3.11/site-packages/selenium/webdriver/remote/errorhandler.py\", line 229, in check_response\n    raise exception_class(message, screen, stacktrace)\n",
  "flaky" : false,
  "newFailed" : false,
  "beforeStages" : [ ],
  "testStage" : {
    "status" : "broken",
    "statusMessage" : "selenium.common.exceptions.NoSuchElementException: Message: no such element: Unable to locate element: {\"method\":\"css selector\",\"selector\":\"[name=\"input\"]\"}\n  (Session info: chrome-headless-shell=120.0.6099.71); For documentation on this error, please visit: https://www.selenium.dev/documentation/webdriver/troubleshooting/errors#no-such-element-exception\nStacktrace:\n#0 0x564dac659d33 <unknown>\n#1 0x564dac316f87 <unknown>\n#2 0x564dac366c0e <unknown>\n#3 0x564dac366d11 <unknown>\n#4 0x564dac3b2004 <unknown>\n#5 0x564dac39036d <unknown>\n#6 0x564dac3af297 <unknown>\n#7 0x564dac3900e3 <unknown>\n#8 0x564dac358044 <unknown>\n#9 0x564dac35944e <unknown>\n#10 0x564dac61e861 <unknown>\n#11 0x564dac622785 <unknown>\n#12 0x564dac60c285 <unknown>\n#13 0x564dac62341f <unknown>\n#14 0x564dac5f020f <unknown>\n#15 0x564dac647028 <unknown>\n#16 0x564dac6471f7 <unknown>\n#17 0x564dac658ed4 <unknown>\n#18 0x7f3396494ac3 <unknown>\n\n",
    "statusTrace" : "  File \"/opt/hostedtoolcache/Python/3.11.7/x64/lib/python3.11/site-packages/behave/model.py\", line 1329, in run\n    match.run(runner.context)\n  File \"/opt/hostedtoolcache/Python/3.11.7/x64/lib/python3.11/site-packages/behave/matchers.py\", line 98, in run\n    self.func(context, *args, **kwargs)\n  File \"UI-TESTS/steps/ahorcadosteps.py\", line 68, in ingresa_letra\n    elemento =  context.driver.find_element(By.NAME,\"input\")\n                ^^^^^^^^^^^^^^^^^^^^^^^^^^^^^^^^^^^^^^^^^^^^\n  File \"/opt/hostedtoolcache/Python/3.11.7/x64/lib/python3.11/site-packages/selenium/webdriver/remote/webdriver.py\", line 741, in find_element\n    return self.execute(Command.FIND_ELEMENT, {\"using\": by, \"value\": value})[\"value\"]\n           ^^^^^^^^^^^^^^^^^^^^^^^^^^^^^^^^^^^^^^^^^^^^^^^^^^^^^^^^^^^^^^^^^\n  File \"/opt/hostedtoolcache/Python/3.11.7/x64/lib/python3.11/site-packages/selenium/webdriver/remote/webdriver.py\", line 347, in execute\n    self.error_handler.check_response(response)\n  File \"/opt/hostedtoolcache/Python/3.11.7/x64/lib/python3.11/site-packages/selenium/webdriver/remote/errorhandler.py\", line 229, in check_response\n    raise exception_class(message, screen, stacktrace)\n",
    "steps" : [ {
      "name" : "Given El jugador empieza el juego",
      "time" : {
        "start" : 1702861473613,
        "stop" : 1702861474336,
        "duration" : 723
      },
      "status" : "passed",
      "steps" : [ ],
      "attachments" : [ ],
      "parameters" : [ ],
      "stepsCount" : 0,
      "attachmentsCount" : 0,
      "shouldDisplayMessage" : false,
      "hasContent" : false
    }, {
      "name" : "When El jugador ingresa la letra \"x\"",
      "time" : {
        "start" : 1702861474336,
        "stop" : 1702861474349,
        "duration" : 13
      },
      "status" : "broken",
      "statusMessage" : "selenium.common.exceptions.NoSuchElementException: Message: no such element: Unable to locate element: {\"method\":\"css selector\",\"selector\":\"[name=\"input\"]\"}\n  (Session info: chrome-headless-shell=120.0.6099.71); For documentation on this error, please visit: https://www.selenium.dev/documentation/webdriver/troubleshooting/errors#no-such-element-exception\nStacktrace:\n#0 0x564dac659d33 <unknown>\n#1 0x564dac316f87 <unknown>\n#2 0x564dac366c0e <unknown>\n#3 0x564dac366d11 <unknown>\n#4 0x564dac3b2004 <unknown>\n#5 0x564dac39036d <unknown>\n#6 0x564dac3af297 <unknown>\n#7 0x564dac3900e3 <unknown>\n#8 0x564dac358044 <unknown>\n#9 0x564dac35944e <unknown>\n#10 0x564dac61e861 <unknown>\n#11 0x564dac622785 <unknown>\n#12 0x564dac60c285 <unknown>\n#13 0x564dac62341f <unknown>\n#14 0x564dac5f020f <unknown>\n#15 0x564dac647028 <unknown>\n#16 0x564dac6471f7 <unknown>\n#17 0x564dac658ed4 <unknown>\n#18 0x7f3396494ac3 <unknown>\n\n",
      "statusTrace" : "  File \"/opt/hostedtoolcache/Python/3.11.7/x64/lib/python3.11/site-packages/behave/model.py\", line 1329, in run\n    match.run(runner.context)\n  File \"/opt/hostedtoolcache/Python/3.11.7/x64/lib/python3.11/site-packages/behave/matchers.py\", line 98, in run\n    self.func(context, *args, **kwargs)\n  File \"UI-TESTS/steps/ahorcadosteps.py\", line 68, in ingresa_letra\n    elemento =  context.driver.find_element(By.NAME,\"input\")\n                ^^^^^^^^^^^^^^^^^^^^^^^^^^^^^^^^^^^^^^^^^^^^\n  File \"/opt/hostedtoolcache/Python/3.11.7/x64/lib/python3.11/site-packages/selenium/webdriver/remote/webdriver.py\", line 741, in find_element\n    return self.execute(Command.FIND_ELEMENT, {\"using\": by, \"value\": value})[\"value\"]\n           ^^^^^^^^^^^^^^^^^^^^^^^^^^^^^^^^^^^^^^^^^^^^^^^^^^^^^^^^^^^^^^^^^\n  File \"/opt/hostedtoolcache/Python/3.11.7/x64/lib/python3.11/site-packages/selenium/webdriver/remote/webdriver.py\", line 347, in execute\n    self.error_handler.check_response(response)\n  File \"/opt/hostedtoolcache/Python/3.11.7/x64/lib/python3.11/site-packages/selenium/webdriver/remote/errorhandler.py\", line 229, in check_response\n    raise exception_class(message, screen, stacktrace)\n",
      "steps" : [ ],
      "attachments" : [ ],
      "parameters" : [ ],
      "stepsCount" : 0,
      "attachmentsCount" : 0,
      "shouldDisplayMessage" : true,
      "hasContent" : true
    }, {
      "name" : "Then Pierde una vida",
      "time" : {
        "start" : 1702861474350,
        "stop" : 1702861474350,
        "duration" : 0
      },
      "status" : "skipped",
      "steps" : [ ],
      "attachments" : [ ],
      "parameters" : [ ],
      "stepsCount" : 0,
      "attachmentsCount" : 0,
      "shouldDisplayMessage" : false,
      "hasContent" : false
    }, {
      "name" : "And Se muestra como letra incorrecta \"x\"",
      "time" : {
        "start" : 1702861474350,
        "stop" : 1702861474350,
        "duration" : 0
      },
      "status" : "skipped",
      "steps" : [ ],
      "attachments" : [ ],
      "parameters" : [ ],
      "stepsCount" : 0,
      "attachmentsCount" : 0,
      "shouldDisplayMessage" : false,
      "hasContent" : false
    } ],
    "attachments" : [ ],
    "parameters" : [ ],
    "stepsCount" : 4,
    "attachmentsCount" : 0,
    "shouldDisplayMessage" : false,
    "hasContent" : true
  },
  "afterStages" : [ ],
  "labels" : [ {
    "name" : "severity",
    "value" : "normal"
  }, {
    "name" : "feature",
    "value" : "Hangman Game"
  }, {
    "name" : "framework",
    "value" : "behave"
  }, {
    "name" : "language",
    "value" : "cpython3"
  }, {
    "name" : "resultFormat",
    "value" : "allure2"
  } ],
  "parameters" : [ {
    "name" : "letra",
    "value" : "x"
  } ],
  "links" : [ ],
  "hidden" : true,
  "retry" : true,
  "extra" : {
    "categories" : [ ],
    "tags" : [ ]
  },
  "source" : "28623a8232fea313.json",
  "parameterValues" : [ "x" ]
}