{
  "uid" : "3ddd44430eae9c4c",
  "name" : "Adivinar una letra correcta -- @1.1 ",
  "fullName" : "Hangman Game: Adivinar una letra correcta",
  "historyId" : "a47f5f4ec5b0e31720db8cdad8cd9997",
  "time" : {
    "start" : 1708653638364,
    "stop" : 1708653639573,
    "duration" : 1209
  },
  "status" : "passed",
  "flaky" : false,
  "newFailed" : false,
  "beforeStages" : [ ],
  "testStage" : {
    "status" : "passed",
    "steps" : [ {
      "name" : "Given El jugador empieza el juego",
      "time" : {
        "start" : 1708653638364,
        "stop" : 1708653639111,
        "duration" : 747
      },
      "status" : "passed",
      "steps" : [ ],
      "attachments" : [ ],
      "parameters" : [ ],
      "stepsCount" : 0,
      "attachmentsCount" : 0,
      "shouldDisplayMessage" : false,
      "hasContent" : false
    }, {
      "name" : "When El jugador ingresa la letra \"a\"",
      "time" : {
        "start" : 1708653639111,
        "stop" : 1708653639465,
        "duration" : 354
      },
      "status" : "passed",
      "steps" : [ ],
      "attachments" : [ ],
      "parameters" : [ ],
      "stepsCount" : 0,
      "attachmentsCount" : 0,
      "shouldDisplayMessage" : false,
      "hasContent" : false
    }, {
      "name" : "Then La palabra se actualiza y contiene la \"a\"",
      "time" : {
        "start" : 1708653639466,
        "stop" : 1708653639490,
        "duration" : 24
      },
      "status" : "passed",
      "steps" : [ ],
      "attachments" : [ ],
      "parameters" : [ ],
      "stepsCount" : 0,
      "attachmentsCount" : 0,
      "shouldDisplayMessage" : false,
      "hasContent" : false
    }, {
      "name" : "And el numero de vidas debe ser 6",
      "time" : {
        "start" : 1708653639491,
        "stop" : 1708653639505,
        "duration" : 14
      },
      "status" : "passed",
      "steps" : [ ],
      "attachments" : [ ],
      "parameters" : [ ],
      "stepsCount" : 0,
      "attachmentsCount" : 0,
      "shouldDisplayMessage" : false,
      "hasContent" : false
    }, {
      "name" : "And las letras incorrectas deben estar vacias",
      "time" : {
        "start" : 1708653639505,
        "stop" : 1708653639518,
        "duration" : 13
      },
      "status" : "passed",
      "steps" : [ ],
      "attachments" : [ ],
      "parameters" : [ ],
      "stepsCount" : 0,
      "attachmentsCount" : 0,
      "shouldDisplayMessage" : false,
      "hasContent" : false
    } ],
    "attachments" : [ ],
    "parameters" : [ ],
    "stepsCount" : 5,
    "attachmentsCount" : 0,
    "shouldDisplayMessage" : false,
    "hasContent" : true
  },
  "afterStages" : [ ],
  "labels" : [ {
    "name" : "severity",
    "value" : "normal"
  }, {
    "name" : "feature",
    "value" : "Hangman Game"
  }, {
    "name" : "framework",
    "value" : "behave"
  }, {
    "name" : "language",
    "value" : "cpython3"
  }, {
    "name" : "resultFormat",
    "value" : "allure2"
  } ],
  "parameters" : [ {
    "name" : "letra",
    "value" : "a"
  } ],
  "links" : [ ],
  "hidden" : false,
  "retry" : false,
  "extra" : {
    "severity" : "normal",
    "retries" : [ {
      "uid" : "37e993b7a0a89863",
      "status" : "passed",
      "time" : {
        "start" : 1708467304292,
        "stop" : 1708467305308,
        "duration" : 1016
      }
    }, {
      "uid" : "b5ec530912b9ce76",
      "status" : "passed",
      "time" : {
        "start" : 1708385810306,
        "stop" : 1708385811286,
        "duration" : 980
      }
    }, {
      "uid" : "2d0cbecce32d42c",
      "status" : "broken",
      "statusDetails" : "selenium.common.exceptions.NoSuchElementException: Message: no such element: Unable to locate element: {\"method\":\"css selector\",\"selector\":\"[name=\"input\"]\"}\n  (Session info: chrome-headless-shell=120.0.6099.71); For documentation on this error, please visit: https://www.selenium.dev/documentation/webdriver/troubleshooting/errors#no-such-element-exception\nStacktrace:\n#0 0x561284a05d33 <unknown>\n#1 0x5612846c2f87 <unknown>\n#2 0x561284712c0e <unknown>\n#3 0x561284712d11 <unknown>\n#4 0x56128475e004 <unknown>\n#5 0x56128473c36d <unknown>\n#6 0x56128475b297 <unknown>\n#7 0x56128473c0e3 <unknown>\n#8 0x561284704044 <unknown>\n#9 0x56128470544e <unknown>\n#10 0x5612849ca861 <unknown>\n#11 0x5612849ce785 <unknown>\n#12 0x5612849b8285 <unknown>\n#13 0x5612849cf41f <unknown>\n#14 0x56128499c20f <unknown>\n#15 0x5612849f3028 <unknown>\n#16 0x5612849f31f7 <unknown>\n#17 0x561284a04ed4 <unknown>\n#18 0x7fdb8b894ac3 <unknown>\n\n",
      "time" : {
        "start" : 1702861471373,
        "stop" : 1702861472132,
        "duration" : 759
      }
    }, {
      "uid" : "839bfb570fc9a6b1",
      "status" : "passed",
      "time" : {
        "start" : 1702262994508,
        "stop" : 1702262995517,
        "duration" : 1009
      }
    }, {
      "uid" : "83ffb0cd96ea7288",
      "status" : "passed",
      "time" : {
        "start" : 1702261920205,
        "stop" : 1702261921743,
        "duration" : 1538
      }
    }, {
      "uid" : "70f84b373ad383b3",
      "status" : "passed",
      "time" : {
        "start" : 1702260733400,
        "stop" : 1702260734823,
        "duration" : 1423
      }
    }, {
      "uid" : "167071c61f35b8ed",
      "status" : "passed",
      "time" : {
        "start" : 1702260248631,
        "stop" : 1702260249791,
        "duration" : 1160
      }
    }, {
      "uid" : "90b3e9f745dcc2f8",
      "status" : "passed",
      "time" : {
        "start" : 1702257778298,
        "stop" : 1702257781211,
        "duration" : 2913
      }
    }, {
      "uid" : "eec48a8e6df6eacb",
      "status" : "passed",
      "time" : {
        "start" : 1702093007179,
        "stop" : 1702093008661,
        "duration" : 1482
      }
    }, {
      "uid" : "2a0b1ce2fde65e91",
      "status" : "broken",
      "statusDetails" : "selenium.common.exceptions.SessionNotCreatedException: Message: session not created: Chrome failed to start: exited normally.\n  (session not created: DevToolsActivePort file doesn't exist)\n  (The process started from chrome location /usr/bin/google-chrome is no longer running, so ChromeDriver is assuming that Chrome has crashed.)\nStacktrace:\n#0 0x563021ed65e3 <unknown>\n#1 0x563021b990b7 <unknown>\n#2 0x563021bcfe55 <unknown>\n#3 0x563021bccb81 <unknown>\n#4 0x563021c1747f <unknown>\n#5 0x563021c0dcc3 <unknown>\n#6 0x563021bd90e4 <unknown>\n#7 0x563021bda0ae <unknown>\n#8 0x563021e9cce1 <unknown>\n#9 0x563021ea0b7e <unknown>\n#10 0x563021e8a4b5 <unknown>\n#11 0x563021ea17d6 <unknown>\n#12 0x563021e6ddbf <unknown>\n#13 0x563021ec4748 <unknown>\n#14 0x563021ec4917 <unknown>\n#15 0x563021ed5773 <unknown>\n#16 0x7f35b4094ac3 <unknown>\n\n",
      "time" : {
        "start" : 1702088437610,
        "stop" : 1702088438276,
        "duration" : 666
      }
    }, {
      "uid" : "68fd8b3c3d00a56",
      "status" : "passed",
      "time" : {
        "start" : 1701789456785,
        "stop" : 1701789463536,
        "duration" : 6751
      }
    } ],
    "categories" : [ ],
    "history" : {
      "statistic" : {
        "failed" : 0,
        "broken" : 2,
        "skipped" : 0,
        "passed" : 9,
        "unknown" : 0,
        "total" : 11
      },
      "items" : [ {
        "uid" : "3ee7ded2bd43e83f",
        "reportUrl" : "https://sofibuljubasich.github.io/Agiles/23/#testresult/3ee7ded2bd43e83f",
        "status" : "passed",
        "time" : {
          "start" : 1708467304292,
          "stop" : 1708467305308,
          "duration" : 1016
        }
      }, {
        "uid" : "af99c90c3c920486",
        "reportUrl" : "https://sofibuljubasich.github.io/Agiles/22/#testresult/af99c90c3c920486",
        "status" : "passed",
        "time" : {
          "start" : 1708385810306,
          "stop" : 1708385811286,
          "duration" : 980
        }
      }, {
        "uid" : "122adafcfbdf1a6",
        "reportUrl" : "https://sofibuljubasich.github.io/Agiles/20/#testresult/122adafcfbdf1a6",
        "status" : "broken",
        "statusDetails" : "selenium.common.exceptions.NoSuchElementException: Message: no such element: Unable to locate element: {\"method\":\"css selector\",\"selector\":\"[name=\"input\"]\"}\n  (Session info: chrome-headless-shell=120.0.6099.71); For documentation on this error, please visit: https://www.selenium.dev/documentation/webdriver/troubleshooting/errors#no-such-element-exception\nStacktrace:\n#0 0x561284a05d33 <unknown>\n#1 0x5612846c2f87 <unknown>\n#2 0x561284712c0e <unknown>\n#3 0x561284712d11 <unknown>\n#4 0x56128475e004 <unknown>\n#5 0x56128473c36d <unknown>\n#6 0x56128475b297 <unknown>\n#7 0x56128473c0e3 <unknown>\n#8 0x561284704044 <unknown>\n#9 0x56128470544e <unknown>\n#10 0x5612849ca861 <unknown>\n#11 0x5612849ce785 <unknown>\n#12 0x5612849b8285 <unknown>\n#13 0x5612849cf41f <unknown>\n#14 0x56128499c20f <unknown>\n#15 0x5612849f3028 <unknown>\n#16 0x5612849f31f7 <unknown>\n#17 0x561284a04ed4 <unknown>\n#18 0x7fdb8b894ac3 <unknown>\n\n",
        "time" : {
          "start" : 1702861471373,
          "stop" : 1702861472132,
          "duration" : 759
        }
      }, {
        "uid" : "d50071f0a29890e8",
        "reportUrl" : "https://sofibuljubasich.github.io/Agiles/19/#testresult/d50071f0a29890e8",
        "status" : "passed",
        "time" : {
          "start" : 1702262994508,
          "stop" : 1702262995517,
          "duration" : 1009
        }
      }, {
        "uid" : "4b7242500ee96e4c",
        "reportUrl" : "https://sofibuljubasich.github.io/Agiles/18/#testresult/4b7242500ee96e4c",
        "status" : "passed",
        "time" : {
          "start" : 1702261920205,
          "stop" : 1702261921743,
          "duration" : 1538
        }
      }, {
        "uid" : "77b60ee1a4ab7d11",
        "reportUrl" : "https://sofibuljubasich.github.io/Agiles/17/#testresult/77b60ee1a4ab7d11",
        "status" : "passed",
        "time" : {
          "start" : 1702260733400,
          "stop" : 1702260734823,
          "duration" : 1423
        }
      }, {
        "uid" : "5a5cee67ac6ee0c2",
        "reportUrl" : "https://sofibuljubasich.github.io/Agiles/15/#testresult/5a5cee67ac6ee0c2",
        "status" : "passed",
        "time" : {
          "start" : 1702260248631,
          "stop" : 1702260249791,
          "duration" : 1160
        }
      }, {
        "uid" : "8aea97930b3d72a2",
        "reportUrl" : "https://sofibuljubasich.github.io/Agiles/12/#testresult/8aea97930b3d72a2",
        "status" : "passed",
        "time" : {
          "start" : 1702257778298,
          "stop" : 1702257781211,
          "duration" : 2913
        }
      }, {
        "uid" : "b8149d8b09e70adb",
        "reportUrl" : "https://sofibuljubasich.github.io/Agiles/11/#testresult/b8149d8b09e70adb",
        "status" : "passed",
        "time" : {
          "start" : 1702093007179,
          "stop" : 1702093008661,
          "duration" : 1482
        }
      }, {
        "uid" : "50148b6967ada2d6",
        "reportUrl" : "https://sofibuljubasich.github.io/Agiles/10/#testresult/50148b6967ada2d6",
        "status" : "broken",
        "statusDetails" : "selenium.common.exceptions.SessionNotCreatedException: Message: session not created: Chrome failed to start: exited normally.\n  (session not created: DevToolsActivePort file doesn't exist)\n  (The process started from chrome location /usr/bin/google-chrome is no longer running, so ChromeDriver is assuming that Chrome has crashed.)\nStacktrace:\n#0 0x563021ed65e3 <unknown>\n#1 0x563021b990b7 <unknown>\n#2 0x563021bcfe55 <unknown>\n#3 0x563021bccb81 <unknown>\n#4 0x563021c1747f <unknown>\n#5 0x563021c0dcc3 <unknown>\n#6 0x563021bd90e4 <unknown>\n#7 0x563021bda0ae <unknown>\n#8 0x563021e9cce1 <unknown>\n#9 0x563021ea0b7e <unknown>\n#10 0x563021e8a4b5 <unknown>\n#11 0x563021ea17d6 <unknown>\n#12 0x563021e6ddbf <unknown>\n#13 0x563021ec4748 <unknown>\n#14 0x563021ec4917 <unknown>\n#15 0x563021ed5773 <unknown>\n#16 0x7f35b4094ac3 <unknown>\n\n",
        "time" : {
          "start" : 1702088437610,
          "stop" : 1702088438276,
          "duration" : 666
        }
      } ]
    },
    "tags" : [ ]
  },
  "source" : "3ddd44430eae9c4c.json",
  "parameterValues" : [ "a" ]
}